[2025-11-23T11:48:56.833+0000] {taskinstance.py:1956} INFO - Dependencies all met for dep_context=non-requeueable deps ti=<TaskInstance: training_pipeline.stop_model_service manual__2025-11-23T11:48:55.500725+00:00 [queued]>
[2025-11-23T11:48:56.843+0000] {taskinstance.py:1956} INFO - Dependencies all met for dep_context=requeueable deps ti=<TaskInstance: training_pipeline.stop_model_service manual__2025-11-23T11:48:55.500725+00:00 [queued]>
[2025-11-23T11:48:56.843+0000] {taskinstance.py:2170} INFO - Starting attempt 1 of 1
[2025-11-23T11:48:56.857+0000] {taskinstance.py:2191} INFO - Executing <Task(BashOperator): stop_model_service> on 2025-11-23 11:48:55.500725+00:00
[2025-11-23T11:48:56.862+0000] {standard_task_runner.py:60} INFO - Started process 200 to run task
[2025-11-23T11:48:56.866+0000] {standard_task_runner.py:87} INFO - Running: ['***', 'tasks', 'run', 'training_pipeline', 'stop_model_service', 'manual__2025-11-23T11:48:55.500725+00:00', '--job-id', '5', '--raw', '--subdir', 'DAGS_FOLDER/train.py', '--cfg-path', '/tmp/tmp0n978iuv']
[2025-11-23T11:48:56.869+0000] {standard_task_runner.py:88} INFO - Job 5: Subtask stop_model_service
[2025-11-23T11:48:56.930+0000] {task_command.py:423} INFO - Running <TaskInstance: training_pipeline.stop_model_service manual__2025-11-23T11:48:55.500725+00:00 [running]> on host 6e60ab97c617
[2025-11-23T11:48:57.005+0000] {taskinstance.py:2480} INFO - Exporting env vars: AIRFLOW_CTX_DAG_OWNER='***' AIRFLOW_CTX_DAG_ID='training_pipeline' AIRFLOW_CTX_TASK_ID='stop_model_service' AIRFLOW_CTX_EXECUTION_DATE='2025-11-23T11:48:55.500725+00:00' AIRFLOW_CTX_TRY_NUMBER='1' AIRFLOW_CTX_DAG_RUN_ID='manual__2025-11-23T11:48:55.500725+00:00'
[2025-11-23T11:48:57.007+0000] {subprocess.py:63} INFO - Tmp dir root location: /tmp
[2025-11-23T11:48:57.008+0000] {subprocess.py:75} INFO - Running command: ['/usr/bin/bash', '-c', 'docker stop model-service-gspc model-service-xom model-service-bp model-service-cvx']
[2025-11-23T11:48:57.016+0000] {subprocess.py:86} INFO - Output:
[2025-11-23T11:48:58.437+0000] {subprocess.py:93} INFO - model-service-gspc
[2025-11-23T11:48:58.438+0000] {subprocess.py:93} INFO - model-service-xom
[2025-11-23T11:48:58.439+0000] {subprocess.py:93} INFO - model-service-bp
[2025-11-23T11:48:58.688+0000] {subprocess.py:93} INFO - model-service-cvx
[2025-11-23T11:48:58.689+0000] {subprocess.py:97} INFO - Command exited with return code 0
[2025-11-23T11:48:58.716+0000] {taskinstance.py:1138} INFO - Marking task as SUCCESS. dag_id=training_pipeline, task_id=stop_model_service, execution_date=20251123T114855, start_date=20251123T114856, end_date=20251123T114858
[2025-11-23T11:48:58.756+0000] {local_task_job_runner.py:234} INFO - Task exited with return code 0
[2025-11-23T11:48:58.789+0000] {taskinstance.py:3280} INFO - 1 downstream tasks scheduled from follow-on schedule check
