[2025-11-22T17:31:44.832+0000] {taskinstance.py:1956} INFO - Dependencies all met for dep_context=non-requeueable deps ti=<TaskInstance: training_pipeline.save_to_hdfs manual__2025-11-22T17:31:33.829513+00:00 [queued]>
[2025-11-22T17:31:44.838+0000] {taskinstance.py:1956} INFO - Dependencies all met for dep_context=requeueable deps ti=<TaskInstance: training_pipeline.save_to_hdfs manual__2025-11-22T17:31:33.829513+00:00 [queued]>
[2025-11-22T17:31:44.839+0000] {taskinstance.py:2170} INFO - Starting attempt 1 of 1
[2025-11-22T17:31:44.848+0000] {taskinstance.py:2191} INFO - Executing <Task(DockerOperator): save_to_hdfs> on 2025-11-22 17:31:33.829513+00:00
[2025-11-22T17:31:44.853+0000] {standard_task_runner.py:60} INFO - Started process 232 to run task
[2025-11-22T17:31:44.856+0000] {standard_task_runner.py:87} INFO - Running: ['***', 'tasks', 'run', 'training_pipeline', 'save_to_hdfs', 'manual__2025-11-22T17:31:33.829513+00:00', '--job-id', '7', '--raw', '--subdir', 'DAGS_FOLDER/train.py', '--cfg-path', '/tmp/tmprx67szbt']
[2025-11-22T17:31:44.859+0000] {standard_task_runner.py:88} INFO - Job 7: Subtask save_to_hdfs
[2025-11-22T17:31:44.914+0000] {task_command.py:423} INFO - Running <TaskInstance: training_pipeline.save_to_hdfs manual__2025-11-22T17:31:33.829513+00:00 [running]> on host bab8ea842f9a
[2025-11-22T17:31:44.996+0000] {taskinstance.py:2480} INFO - Exporting env vars: AIRFLOW_CTX_DAG_OWNER='***' AIRFLOW_CTX_DAG_ID='training_pipeline' AIRFLOW_CTX_TASK_ID='save_to_hdfs' AIRFLOW_CTX_EXECUTION_DATE='2025-11-22T17:31:33.829513+00:00' AIRFLOW_CTX_TRY_NUMBER='1' AIRFLOW_CTX_DAG_RUN_ID='manual__2025-11-22T17:31:33.829513+00:00'
[2025-11-22T17:31:45.106+0000] {docker.py:359} INFO - Starting docker container from image spark-jobs:latest
[2025-11-22T17:31:46.949+0000] {docker.py:429} INFO - :: loading settings :: url = jar:file:/opt/spark/jars/ivy-2.5.1.jar!/org/apache/ivy/core/settings/ivysettings.xml
[2025-11-22T17:31:47.033+0000] {docker.py:429} INFO - Ivy Default Cache set to: /root/.ivy2/cache
The jars for the packages stored in: /root/.ivy2/jars
[2025-11-22T17:31:47.037+0000] {docker.py:429} INFO - org.apache.spark#spark-sql-kafka-0-10_2.12 added as a dependency
[2025-11-22T17:31:47.038+0000] {docker.py:429} INFO - :: resolving dependencies :: org.apache.spark#spark-submit-parent-d2936eb1-ee7f-4d44-a559-4bba38cfbf9b;1.0
	confs: [default]
[2025-11-22T17:31:49.056+0000] {docker.py:429} INFO - found org.apache.spark#spark-sql-kafka-0-10_2.12;3.5.0 in central
[2025-11-22T17:31:49.282+0000] {docker.py:429} INFO - found org.apache.spark#spark-token-provider-kafka-0-10_2.12;3.5.0 in central
[2025-11-22T17:31:49.469+0000] {docker.py:429} INFO - found org.apache.kafka#kafka-clients;3.4.1 in central
[2025-11-22T17:31:49.664+0000] {docker.py:429} INFO - found org.lz4#lz4-java;1.8.0 in central
[2025-11-22T17:31:49.881+0000] {docker.py:429} INFO - found org.xerial.snappy#snappy-java;1.1.10.3 in central
[2025-11-22T17:31:51.051+0000] {docker.py:429} INFO - found org.slf4j#slf4j-api;2.0.7 in central
[2025-11-22T17:31:53.077+0000] {docker.py:429} INFO - found org.apache.hadoop#hadoop-client-runtime;3.3.4 in central
[2025-11-22T17:31:53.221+0000] {docker.py:429} INFO - found org.apache.hadoop#hadoop-client-api;3.3.4 in central
[2025-11-22T17:31:54.195+0000] {docker.py:429} INFO - found commons-logging#commons-logging;1.1.3 in central
[2025-11-22T17:31:54.316+0000] {docker.py:429} INFO - found com.google.code.findbugs#jsr305;3.0.0 in central
[2025-11-22T17:31:56.185+0000] {docker.py:429} INFO - found org.apache.commons#commons-pool2;2.11.1 in central
[2025-11-22T17:31:56.245+0000] {docker.py:429} INFO - downloading https://repo1.maven.org/maven2/org/apache/spark/spark-sql-kafka-0-10_2.12/3.5.0/spark-sql-kafka-0-10_2.12-3.5.0.jar ...
[2025-11-22T17:31:56.382+0000] {docker.py:429} INFO - [SUCCESSFUL ] org.apache.spark#spark-sql-kafka-0-10_2.12;3.5.0!spark-sql-kafka-0-10_2.12.jar (190ms)
[2025-11-22T17:31:56.435+0000] {docker.py:429} INFO - downloading https://repo1.maven.org/maven2/org/apache/spark/spark-token-provider-kafka-0-10_2.12/3.5.0/spark-token-provider-kafka-0-10_2.12-3.5.0.jar ...
[2025-11-22T17:31:56.492+0000] {docker.py:429} INFO - [SUCCESSFUL ] org.apache.spark#spark-token-provider-kafka-0-10_2.12;3.5.0!spark-token-provider-kafka-0-10_2.12.jar (109ms)
[2025-11-22T17:31:56.542+0000] {docker.py:429} INFO - downloading https://repo1.maven.org/maven2/org/apache/kafka/kafka-clients/3.4.1/kafka-clients-3.4.1.jar ...
[2025-11-22T17:31:56.975+0000] {docker.py:429} INFO - [SUCCESSFUL ] org.apache.kafka#kafka-clients;3.4.1!kafka-clients.jar (482ms)
[2025-11-22T17:31:57.025+0000] {docker.py:429} INFO - downloading https://repo1.maven.org/maven2/com/google/code/findbugs/jsr305/3.0.0/jsr305-3.0.0.jar ...
[2025-11-22T17:31:57.084+0000] {docker.py:429} INFO - [SUCCESSFUL ] com.google.code.findbugs#jsr305;3.0.0!jsr305.jar (107ms)
[2025-11-22T17:31:57.137+0000] {docker.py:429} INFO - downloading https://repo1.maven.org/maven2/org/apache/commons/commons-pool2/2.11.1/commons-pool2-2.11.1.jar ...
[2025-11-22T17:31:57.197+0000] {docker.py:429} INFO - [SUCCESSFUL ] org.apache.commons#commons-pool2;2.11.1!commons-pool2.jar (114ms)
[2025-11-22T17:31:57.249+0000] {docker.py:429} INFO - downloading https://repo1.maven.org/maven2/org/apache/hadoop/hadoop-client-runtime/3.3.4/hadoop-client-runtime-3.3.4.jar ...
[2025-11-22T17:31:59.601+0000] {docker.py:429} INFO - [SUCCESSFUL ] org.apache.hadoop#hadoop-client-runtime;3.3.4!hadoop-client-runtime.jar (2404ms)
[2025-11-22T17:31:59.648+0000] {docker.py:429} INFO - downloading https://repo1.maven.org/maven2/org/lz4/lz4-java/1.8.0/lz4-java-1.8.0.jar ...
[2025-11-22T17:31:59.719+0000] {docker.py:429} INFO - [SUCCESSFUL ] org.lz4#lz4-java;1.8.0!lz4-java.jar (117ms)
[2025-11-22T17:31:59.771+0000] {docker.py:429} INFO - downloading https://repo1.maven.org/maven2/org/xerial/snappy/snappy-java/1.1.10.3/snappy-java-1.1.10.3.jar ...
[2025-11-22T17:31:59.958+0000] {docker.py:429} INFO - [SUCCESSFUL ] org.xerial.snappy#snappy-java;1.1.10.3!snappy-java.jar(bundle) (238ms)
[2025-11-22T17:32:00.016+0000] {docker.py:429} INFO - downloading https://repo1.maven.org/maven2/org/slf4j/slf4j-api/2.0.7/slf4j-api-2.0.7.jar ...
[2025-11-22T17:32:00.069+0000] {docker.py:429} INFO - [SUCCESSFUL ] org.slf4j#slf4j-api;2.0.7!slf4j-api.jar (109ms)
[2025-11-22T17:32:00.113+0000] {docker.py:429} INFO - downloading https://repo1.maven.org/maven2/org/apache/hadoop/hadoop-client-api/3.3.4/hadoop-client-api-3.3.4.jar ...
[2025-11-22T17:32:01.626+0000] {docker.py:429} INFO - [SUCCESSFUL ] org.apache.hadoop#hadoop-client-api;3.3.4!hadoop-client-api.jar (1557ms)
[2025-11-22T17:32:01.678+0000] {docker.py:429} INFO - downloading https://repo1.maven.org/maven2/commons-logging/commons-logging/1.1.3/commons-logging-1.1.3.jar ...
[2025-11-22T17:32:01.735+0000] {docker.py:429} INFO - [SUCCESSFUL ] commons-logging#commons-logging;1.1.3!commons-logging.jar (108ms)
[2025-11-22T17:32:01.736+0000] {docker.py:429} INFO - :: resolution report :: resolve 9155ms :: artifacts dl 5543ms
	:: modules in use:
[2025-11-22T17:32:01.736+0000] {docker.py:429} INFO - com.google.code.findbugs#jsr305;3.0.0 from central in [default]
	commons-logging#commons-logging;1.1.3 from central in [default]
	org.apache.commons#commons-pool2;2.11.1 from central in [default]
	org.apache.hadoop#hadoop-client-api;3.3.4 from central in [default]
	org.apache.hadoop#hadoop-client-runtime;3.3.4 from central in [default]
[2025-11-22T17:32:01.737+0000] {docker.py:429} INFO - org.apache.kafka#kafka-clients;3.4.1 from central in [default]
[2025-11-22T17:32:01.738+0000] {docker.py:429} INFO - org.apache.spark#spark-sql-kafka-0-10_2.12;3.5.0 from central in [default]
	org.apache.spark#spark-token-provider-kafka-0-10_2.12;3.5.0 from central in [default]
	org.lz4#lz4-java;1.8.0 from central in [default]
[2025-11-22T17:32:01.738+0000] {docker.py:429} INFO - org.slf4j#slf4j-api;2.0.7 from central in [default]
	org.xerial.snappy#snappy-java;1.1.10.3 from central in [default]
[2025-11-22T17:32:01.739+0000] {docker.py:429} INFO - ---------------------------------------------------------------------
	|                  |            modules            ||   artifacts   |
[2025-11-22T17:32:01.739+0000] {docker.py:429} INFO - |       conf       | number| search|dwnlded|evicted|| number|dwnlded|
	---------------------------------------------------------------------
[2025-11-22T17:32:01.740+0000] {docker.py:429} INFO - |      default     |   11  |   11  |   11  |   0   ||   11  |   11  |
	---------------------------------------------------------------------
[2025-11-22T17:32:01.741+0000] {docker.py:429} INFO - :: retrieving :: org.apache.spark#spark-submit-parent-d2936eb1-ee7f-4d44-a559-4bba38cfbf9b
	confs: [default]
[2025-11-22T17:32:01.790+0000] {docker.py:429} INFO - 11 artifacts copied, 0 already retrieved (56767kB/49ms)
[2025-11-22T17:32:01.952+0000] {docker.py:429} INFO - 25/11/22 17:32:01 WARN NativeCodeLoader: Unable to load native-hadoop library for your platform... using builtin-java classes where applicable
[2025-11-22T17:32:02.104+0000] {docker.py:429} INFO - Setting default log level to "WARN".
To adjust logging level use sc.setLogLevel(newLevel). For SparkR, use setLogLevel(newLevel).
[2025-11-22T17:32:03.503+0000] {docker.py:429} INFO - 2025-11-22 17:32:03,502 - INFO - Starting Spark Session creation...
2025-11-22 17:32:03,502 - INFO - Spark Session created successfully
2025-11-22 17:32:03,502 - INFO - Reading data from Kafka topic 'historical_prices'...
[2025-11-22T17:32:05.861+0000] {docker.py:429} INFO - 25/11/22 17:32:05 WARN AdminClientConfig: These configurations '[key.deserializer, value.deserializer, enable.auto.commit, max.poll.records, auto.offset.reset]' were supplied but are not used yet.
[2025-11-22T17:32:07.184+0000] {docker.py:429} INFO - [Stage 0:>                                                          (0 + 1) / 1]
[2025-11-22T17:32:09.832+0000] {docker.py:429} INFO - 
[2025-11-22T17:32:09.836+0000] {docker.py:429} INFO - 2025-11-22 17:32:09,835 - INFO - Read 250 records from Kafka
2025-11-22 17:32:09,835 - INFO - Parsing JSON data with schema...
[2025-11-22T17:32:10.014+0000] {docker.py:429} INFO - 25/11/22 17:32:10 WARN AdminClientConfig: These configurations '[key.deserializer, value.deserializer, enable.auto.commit, max.poll.records, auto.offset.reset]' were supplied but are not used yet.
[2025-11-22T17:32:10.587+0000] {docker.py:429} INFO - [Stage 3:>                                                          (0 + 1) / 1]
[2025-11-22T17:32:10.767+0000] {docker.py:429} INFO - 
[2025-11-22T17:32:10.768+0000] {docker.py:429} INFO - 2025-11-22 17:32:10,767 - INFO - Parsed 250 records successfully
2025-11-22 17:32:10,767 - INFO - Processing timestamps and creating partitions...
[2025-11-22T17:32:10.853+0000] {docker.py:429} INFO - 25/11/22 17:32:10 WARN AdminClientConfig: These configurations '[key.deserializer, value.deserializer, enable.auto.commit, max.poll.records, auto.offset.reset]' were supplied but are not used yet.
[2025-11-22T17:32:11.569+0000] {docker.py:429} INFO - 2025-11-22 17:32:11,568 - INFO - Processed 250 records with partitioning columns
2025-11-22 17:32:11,568 - INFO - Sample of processed data:
[2025-11-22T17:32:11.634+0000] {docker.py:429} INFO - 25/11/22 17:32:11 WARN AdminClientConfig: These configurations '[key.deserializer, value.deserializer, enable.auto.commit, max.poll.records, auto.offset.reset]' were supplied but are not used yet.
[2025-11-22T17:32:12.392+0000] {docker.py:429} INFO - [Stage 9:>                                                          (0 + 1) / 1]
[2025-11-22T17:32:12.531+0000] {docker.py:429} INFO - 
[2025-11-22T17:32:13.174+0000] {docker.py:429} INFO - 2025-11-22 17:32:13,172 - INFO - Writing data to HDFS...
[2025-11-22T17:32:13.509+0000] {docker.py:429} INFO - 25/11/22 17:32:13 WARN AdminClientConfig: These configurations '[key.deserializer, value.deserializer, enable.auto.commit, max.poll.records, auto.offset.reset]' were supplied but are not used yet.
[2025-11-22T17:32:14.393+0000] {docker.py:429} INFO - [Stage 10:>                                                         (0 + 1) / 1]
[2025-11-22T17:32:22.884+0000] {local_task_job_runner.py:121} ERROR - Received SIGTERM. Terminating subprocesses
[2025-11-22T17:32:22.887+0000] {process_utils.py:131} INFO - Sending 15 to group 232. PIDs of all processes in the group: [232]
[2025-11-22T17:32:22.888+0000] {process_utils.py:86} INFO - Sending the signal 15 to group 232
[2025-11-22T17:32:22.889+0000] {taskinstance.py:2450} ERROR - Received SIGTERM. Terminating subprocesses.
[2025-11-22T17:32:22.889+0000] {docker.py:521} INFO - Stopping docker container
