[2025-11-19T01:39:24.828+0000] {taskinstance.py:1956} INFO - Dependencies all met for dep_context=non-requeueable deps ti=<TaskInstance: training_pipeline.save_to_hdfs manual__2025-11-19T01:39:13.688291+00:00 [queued]>
[2025-11-19T01:39:24.835+0000] {taskinstance.py:1956} INFO - Dependencies all met for dep_context=requeueable deps ti=<TaskInstance: training_pipeline.save_to_hdfs manual__2025-11-19T01:39:13.688291+00:00 [queued]>
[2025-11-19T01:39:24.836+0000] {taskinstance.py:2170} INFO - Starting attempt 1 of 1
[2025-11-19T01:39:24.847+0000] {taskinstance.py:2191} INFO - Executing <Task(DockerOperator): save_to_hdfs> on 2025-11-19 01:39:13.688291+00:00
[2025-11-19T01:39:24.852+0000] {standard_task_runner.py:60} INFO - Started process 231 to run task
[2025-11-19T01:39:24.855+0000] {standard_task_runner.py:87} INFO - Running: ['***', 'tasks', 'run', 'training_pipeline', 'save_to_hdfs', 'manual__2025-11-19T01:39:13.688291+00:00', '--job-id', '7', '--raw', '--subdir', 'DAGS_FOLDER/train.py', '--cfg-path', '/tmp/tmpljw72fm9']
[2025-11-19T01:39:24.857+0000] {standard_task_runner.py:88} INFO - Job 7: Subtask save_to_hdfs
[2025-11-19T01:39:24.909+0000] {task_command.py:423} INFO - Running <TaskInstance: training_pipeline.save_to_hdfs manual__2025-11-19T01:39:13.688291+00:00 [running]> on host 096f475fc754
[2025-11-19T01:39:24.971+0000] {taskinstance.py:2480} INFO - Exporting env vars: AIRFLOW_CTX_DAG_OWNER='***' AIRFLOW_CTX_DAG_ID='training_pipeline' AIRFLOW_CTX_TASK_ID='save_to_hdfs' AIRFLOW_CTX_EXECUTION_DATE='2025-11-19T01:39:13.688291+00:00' AIRFLOW_CTX_TRY_NUMBER='1' AIRFLOW_CTX_DAG_RUN_ID='manual__2025-11-19T01:39:13.688291+00:00'
[2025-11-19T01:39:25.034+0000] {docker.py:359} INFO - Starting docker container from image spark-jobs:latest
[2025-11-19T01:39:25.339+0000] {taskinstance.py:2698} ERROR - Task failed with exception
Traceback (most recent call last):
  File "/home/airflow/.local/lib/python3.8/site-packages/docker/api/client.py", line 265, in _raise_for_status
    response.raise_for_status()
  File "/home/airflow/.local/lib/python3.8/site-packages/requests/models.py", line 1021, in raise_for_status
    raise HTTPError(http_error_msg, response=self)
requests.exceptions.HTTPError: 404 Client Error: Not Found for url: http+docker://localhost/v1.51/containers/78a79e8c423a29091e05eaf028743edafe1f464e44322a68f6d2e4ba1bced69b/start

The above exception was the direct cause of the following exception:

Traceback (most recent call last):
  File "/home/airflow/.local/lib/python3.8/site-packages/airflow/models/taskinstance.py", line 433, in _execute_task
    result = execute_callable(context=context, **execute_callable_kwargs)
  File "/home/airflow/.local/lib/python3.8/site-packages/airflow/providers/docker/operators/docker.py", line 502, in execute
    return self._run_image()
  File "/home/airflow/.local/lib/python3.8/site-packages/airflow/providers/docker/operators/docker.py", line 376, in _run_image
    return self._run_image_with_mounts(self.mounts, add_tmp_variable=False)
  File "/home/airflow/.local/lib/python3.8/site-packages/airflow/providers/docker/operators/docker.py", line 423, in _run_image_with_mounts
    self.cli.start(self.container["Id"])
  File "/home/airflow/.local/lib/python3.8/site-packages/docker/utils/decorators.py", line 19, in wrapped
    return f(self, resource_id, *args, **kwargs)
  File "/home/airflow/.local/lib/python3.8/site-packages/docker/api/container.py", line 1135, in start
    self._raise_for_status(res)
  File "/home/airflow/.local/lib/python3.8/site-packages/docker/api/client.py", line 267, in _raise_for_status
    raise create_api_error_from_http_exception(e) from e
  File "/home/airflow/.local/lib/python3.8/site-packages/docker/errors.py", line 39, in create_api_error_from_http_exception
    raise cls(e, response=response, explanation=explanation) from e
docker.errors.NotFound: 404 Client Error for http+docker://localhost/v1.51/containers/78a79e8c423a29091e05eaf028743edafe1f464e44322a68f6d2e4ba1bced69b/start: Not Found ("failed to set up container networking: network btl_scale_default not found")
[2025-11-19T01:39:25.349+0000] {taskinstance.py:1138} INFO - Marking task as FAILED. dag_id=training_pipeline, task_id=save_to_hdfs, execution_date=20251119T013913, start_date=20251119T013924, end_date=20251119T013925
[2025-11-19T01:39:25.362+0000] {standard_task_runner.py:107} ERROR - Failed to execute job 7 for task save_to_hdfs (404 Client Error for http+docker://localhost/v1.51/containers/78a79e8c423a29091e05eaf028743edafe1f464e44322a68f6d2e4ba1bced69b/start: Not Found ("failed to set up container networking: network btl_scale_default not found"); 231)
[2025-11-19T01:39:25.391+0000] {local_task_job_runner.py:234} INFO - Task exited with return code 1
[2025-11-19T01:39:25.417+0000] {taskinstance.py:3280} INFO - 0 downstream tasks scheduled from follow-on schedule check
