[2025-11-22T17:41:34.896+0000] {taskinstance.py:1956} INFO - Dependencies all met for dep_context=non-requeueable deps ti=<TaskInstance: deploy_pipeline.start_model_services manual__2025-11-22T17:41:26.293063+00:00 [queued]>
[2025-11-22T17:41:34.904+0000] {taskinstance.py:1956} INFO - Dependencies all met for dep_context=requeueable deps ti=<TaskInstance: deploy_pipeline.start_model_services manual__2025-11-22T17:41:26.293063+00:00 [queued]>
[2025-11-22T17:41:34.905+0000] {taskinstance.py:2170} INFO - Starting attempt 1 of 1
[2025-11-22T17:41:34.916+0000] {taskinstance.py:2191} INFO - Executing <Task(BashOperator): start_model_services> on 2025-11-22 17:41:26.293063+00:00
[2025-11-22T17:41:34.921+0000] {standard_task_runner.py:60} INFO - Started process 411 to run task
[2025-11-22T17:41:34.925+0000] {standard_task_runner.py:87} INFO - Running: ['***', 'tasks', 'run', 'deploy_pipeline', 'start_model_services', 'manual__2025-11-22T17:41:26.293063+00:00', '--job-id', '13', '--raw', '--subdir', 'DAGS_FOLDER/deploy.py', '--cfg-path', '/tmp/tmpk_xhenme']
[2025-11-22T17:41:34.928+0000] {standard_task_runner.py:88} INFO - Job 13: Subtask start_model_services
[2025-11-22T17:41:34.985+0000] {task_command.py:423} INFO - Running <TaskInstance: deploy_pipeline.start_model_services manual__2025-11-22T17:41:26.293063+00:00 [running]> on host db2e79706642
[2025-11-22T17:41:35.058+0000] {taskinstance.py:2480} INFO - Exporting env vars: AIRFLOW_CTX_DAG_OWNER='***' AIRFLOW_CTX_DAG_ID='deploy_pipeline' AIRFLOW_CTX_TASK_ID='start_model_services' AIRFLOW_CTX_EXECUTION_DATE='2025-11-22T17:41:26.293063+00:00' AIRFLOW_CTX_TRY_NUMBER='1' AIRFLOW_CTX_DAG_RUN_ID='manual__2025-11-22T17:41:26.293063+00:00'
[2025-11-22T17:41:35.059+0000] {subprocess.py:63} INFO - Tmp dir root location: /tmp
[2025-11-22T17:41:35.060+0000] {subprocess.py:75} INFO - Running command: ['/usr/bin/bash', '-c', 'docker start model-service-gspc model-service-xom model-service-bp model-service-cvx']
[2025-11-22T17:41:35.068+0000] {subprocess.py:86} INFO - Output:
[2025-11-22T17:41:35.355+0000] {subprocess.py:93} INFO - model-service-gspc
[2025-11-22T17:41:35.578+0000] {subprocess.py:93} INFO - model-service-xom
[2025-11-22T17:41:35.807+0000] {subprocess.py:93} INFO - model-service-bp
[2025-11-22T17:41:36.059+0000] {subprocess.py:93} INFO - model-service-cvx
[2025-11-22T17:41:36.060+0000] {subprocess.py:97} INFO - Command exited with return code 0
[2025-11-22T17:41:36.087+0000] {taskinstance.py:1138} INFO - Marking task as SUCCESS. dag_id=deploy_pipeline, task_id=start_model_services, execution_date=20251122T174126, start_date=20251122T174134, end_date=20251122T174136
[2025-11-22T17:41:36.143+0000] {local_task_job_runner.py:234} INFO - Task exited with return code 0
[2025-11-22T17:41:36.170+0000] {taskinstance.py:3280} INFO - 0 downstream tasks scheduled from follow-on schedule check
