[2025-11-19T02:08:19.148+0000] {taskinstance.py:1956} INFO - Dependencies all met for dep_context=non-requeueable deps ti=<TaskInstance: training_pipeline.train_fraud_model manual__2025-11-19T02:08:18.251303+00:00 [queued]>
[2025-11-19T02:08:19.157+0000] {taskinstance.py:1956} INFO - Dependencies all met for dep_context=requeueable deps ti=<TaskInstance: training_pipeline.train_fraud_model manual__2025-11-19T02:08:18.251303+00:00 [queued]>
[2025-11-19T02:08:19.158+0000] {taskinstance.py:2170} INFO - Starting attempt 1 of 1
[2025-11-19T02:08:19.169+0000] {taskinstance.py:2191} INFO - Executing <Task(DockerOperator): train_fraud_model> on 2025-11-19 02:08:18.251303+00:00
[2025-11-19T02:08:19.176+0000] {standard_task_runner.py:60} INFO - Started process 199 to run task
[2025-11-19T02:08:19.180+0000] {standard_task_runner.py:87} INFO - Running: ['***', 'tasks', 'run', 'training_pipeline', 'train_fraud_model', 'manual__2025-11-19T02:08:18.251303+00:00', '--job-id', '4', '--raw', '--subdir', 'DAGS_FOLDER/train.py', '--cfg-path', '/tmp/tmpbq1826e3']
[2025-11-19T02:08:19.182+0000] {standard_task_runner.py:88} INFO - Job 4: Subtask train_fraud_model
[2025-11-19T02:08:19.241+0000] {task_command.py:423} INFO - Running <TaskInstance: training_pipeline.train_fraud_model manual__2025-11-19T02:08:18.251303+00:00 [running]> on host 686346c59aae
[2025-11-19T02:08:19.320+0000] {taskinstance.py:2480} INFO - Exporting env vars: AIRFLOW_CTX_DAG_OWNER='***' AIRFLOW_CTX_DAG_ID='training_pipeline' AIRFLOW_CTX_TASK_ID='train_fraud_model' AIRFLOW_CTX_EXECUTION_DATE='2025-11-19T02:08:18.251303+00:00' AIRFLOW_CTX_TRY_NUMBER='1' AIRFLOW_CTX_DAG_RUN_ID='manual__2025-11-19T02:08:18.251303+00:00'
[2025-11-19T02:08:19.375+0000] {docker.py:359} INFO - Starting docker container from image fraud-train:latest
[2025-11-19T02:08:19.384+0000] {docker.py:367} WARNING - Using remote engine or docker-in-docker and mounting temporary volume from host is not supported. Falling back to `mount_tmp_dir=False` mode. You can set `mount_tmp_dir` parameter to False to disable mounting and remove the warning
[2025-11-19T02:11:08.897+0000] {docker.py:429} INFO - Đọc dữ liệu từ:  /app/data/train_transaction.csv
Numeric features: 379
Categorical features: 14
Bắt đầu huấn luyện...
✅ Huấn luyện xong.
Classification Report:
              precision    recall  f1-score   support

           0       0.98      1.00      0.99    113975
           1       0.92      0.48      0.63      4133

    accuracy                           0.98    118108
   macro avg       0.95      0.74      0.81    118108
weighted avg       0.98      0.98      0.98    118108

💾 Đã lưu model vào /app/model/fraud_xgb_pipeline.pkl
[2025-11-19T02:11:09.438+0000] {taskinstance.py:1138} INFO - Marking task as SUCCESS. dag_id=training_pipeline, task_id=train_fraud_model, execution_date=20251119T020818, start_date=20251119T020819, end_date=20251119T021109
[2025-11-19T02:11:09.484+0000] {local_task_job_runner.py:234} INFO - Task exited with return code 0
[2025-11-19T02:11:09.500+0000] {taskinstance.py:3280} INFO - 0 downstream tasks scheduled from follow-on schedule check
