[2025-11-19T01:39:14.150+0000] {taskinstance.py:1956} INFO - Dependencies all met for dep_context=non-requeueable deps ti=<TaskInstance: training_pipeline.stop_model_service manual__2025-11-19T01:39:13.688291+00:00 [queued]>
[2025-11-19T01:39:14.159+0000] {taskinstance.py:1956} INFO - Dependencies all met for dep_context=requeueable deps ti=<TaskInstance: training_pipeline.stop_model_service manual__2025-11-19T01:39:13.688291+00:00 [queued]>
[2025-11-19T01:39:14.159+0000] {taskinstance.py:2170} INFO - Starting attempt 1 of 1
[2025-11-19T01:39:14.171+0000] {taskinstance.py:2191} INFO - Executing <Task(BashOperator): stop_model_service> on 2025-11-19 01:39:13.688291+00:00
[2025-11-19T01:39:14.175+0000] {standard_task_runner.py:60} INFO - Started process 202 to run task
[2025-11-19T01:39:14.181+0000] {standard_task_runner.py:87} INFO - Running: ['***', 'tasks', 'run', 'training_pipeline', 'stop_model_service', 'manual__2025-11-19T01:39:13.688291+00:00', '--job-id', '5', '--raw', '--subdir', 'DAGS_FOLDER/train.py', '--cfg-path', '/tmp/tmpqzciwbd4']
[2025-11-19T01:39:14.185+0000] {standard_task_runner.py:88} INFO - Job 5: Subtask stop_model_service
[2025-11-19T01:39:14.256+0000] {task_command.py:423} INFO - Running <TaskInstance: training_pipeline.stop_model_service manual__2025-11-19T01:39:13.688291+00:00 [running]> on host 096f475fc754
[2025-11-19T01:39:14.329+0000] {taskinstance.py:2480} INFO - Exporting env vars: AIRFLOW_CTX_DAG_OWNER='***' AIRFLOW_CTX_DAG_ID='training_pipeline' AIRFLOW_CTX_TASK_ID='stop_model_service' AIRFLOW_CTX_EXECUTION_DATE='2025-11-19T01:39:13.688291+00:00' AIRFLOW_CTX_TRY_NUMBER='1' AIRFLOW_CTX_DAG_RUN_ID='manual__2025-11-19T01:39:13.688291+00:00'
[2025-11-19T01:39:14.332+0000] {subprocess.py:63} INFO - Tmp dir root location: /tmp
[2025-11-19T01:39:14.334+0000] {subprocess.py:75} INFO - Running command: ['/usr/bin/bash', '-c', 'docker stop model-service-gspc model-service-xom model-service-bp model-service-cvx']
[2025-11-19T01:39:14.343+0000] {subprocess.py:86} INFO - Output:
[2025-11-19T01:39:15.391+0000] {subprocess.py:93} INFO - model-service-gspc
[2025-11-19T01:39:15.711+0000] {subprocess.py:93} INFO - model-service-xom
[2025-11-19T01:39:15.712+0000] {subprocess.py:93} INFO - model-service-bp
[2025-11-19T01:39:15.713+0000] {subprocess.py:93} INFO - model-service-cvx
[2025-11-19T01:39:15.713+0000] {subprocess.py:97} INFO - Command exited with return code 0
[2025-11-19T01:39:15.742+0000] {taskinstance.py:1138} INFO - Marking task as SUCCESS. dag_id=training_pipeline, task_id=stop_model_service, execution_date=20251119T013913, start_date=20251119T013914, end_date=20251119T013915
[2025-11-19T01:39:15.851+0000] {local_task_job_runner.py:234} INFO - Task exited with return code 0
[2025-11-19T01:39:15.877+0000] {taskinstance.py:3280} INFO - 1 downstream tasks scheduled from follow-on schedule check
