[2025-11-22T17:29:49.235+0000] {processor.py:161} INFO - Started process (PID=210) to work on /opt/airflow/dags/deploy.py
[2025-11-22T17:29:49.236+0000] {processor.py:830} INFO - Processing file /opt/airflow/dags/deploy.py for tasks to queue
[2025-11-22T17:29:49.237+0000] {logging_mixin.py:188} INFO - [2025-11-22T17:29:49.237+0000] {dagbag.py:538} INFO - Filling up the DagBag from /opt/airflow/dags/deploy.py
[2025-11-22T17:29:49.262+0000] {processor.py:840} INFO - DAG(s) 'deploy_pipeline' retrieved from /opt/airflow/dags/deploy.py
[2025-11-22T17:29:49.412+0000] {logging_mixin.py:188} INFO - [2025-11-22T17:29:49.412+0000] {override.py:1769} INFO - Created Permission View: can delete on DAG:deploy_pipeline
[2025-11-22T17:29:49.422+0000] {logging_mixin.py:188} INFO - [2025-11-22T17:29:49.421+0000] {override.py:1769} INFO - Created Permission View: can read on DAG:deploy_pipeline
[2025-11-22T17:29:49.428+0000] {logging_mixin.py:188} INFO - [2025-11-22T17:29:49.428+0000] {override.py:1769} INFO - Created Permission View: can edit on DAG:deploy_pipeline
[2025-11-22T17:29:49.428+0000] {logging_mixin.py:188} INFO - [2025-11-22T17:29:49.428+0000] {dag.py:3036} INFO - Sync 1 DAGs
[2025-11-22T17:29:49.438+0000] {logging_mixin.py:188} INFO - [2025-11-22T17:29:49.438+0000] {dag.py:3058} INFO - Creating ORM DAG for deploy_pipeline
[2025-11-22T17:29:49.438+0000] {logging_mixin.py:188} INFO - [2025-11-22T17:29:49.438+0000] {dag.py:3823} INFO - Setting next_dagrun for deploy_pipeline to None, run_after=None
[2025-11-22T17:29:49.454+0000] {processor.py:183} INFO - Processing /opt/airflow/dags/deploy.py took 0.256 seconds
[2025-11-22T17:31:03.603+0000] {processor.py:161} INFO - Started process (PID=178) to work on /opt/airflow/dags/deploy.py
[2025-11-22T17:31:03.604+0000] {processor.py:830} INFO - Processing file /opt/airflow/dags/deploy.py for tasks to queue
[2025-11-22T17:31:03.605+0000] {logging_mixin.py:188} INFO - [2025-11-22T17:31:03.604+0000] {dagbag.py:538} INFO - Filling up the DagBag from /opt/airflow/dags/deploy.py
[2025-11-22T17:31:03.619+0000] {processor.py:840} INFO - DAG(s) 'deploy_pipeline' retrieved from /opt/airflow/dags/deploy.py
[2025-11-22T17:31:03.785+0000] {logging_mixin.py:188} INFO - [2025-11-22T17:31:03.784+0000] {override.py:1769} INFO - Created Permission View: can delete on DAG:deploy_pipeline
[2025-11-22T17:31:03.794+0000] {logging_mixin.py:188} INFO - [2025-11-22T17:31:03.794+0000] {override.py:1769} INFO - Created Permission View: can read on DAG:deploy_pipeline
[2025-11-22T17:31:03.800+0000] {logging_mixin.py:188} INFO - [2025-11-22T17:31:03.800+0000] {override.py:1769} INFO - Created Permission View: can edit on DAG:deploy_pipeline
[2025-11-22T17:31:03.801+0000] {logging_mixin.py:188} INFO - [2025-11-22T17:31:03.801+0000] {dag.py:3036} INFO - Sync 1 DAGs
[2025-11-22T17:31:03.809+0000] {logging_mixin.py:188} INFO - [2025-11-22T17:31:03.809+0000] {dag.py:3058} INFO - Creating ORM DAG for deploy_pipeline
[2025-11-22T17:31:03.810+0000] {logging_mixin.py:188} INFO - [2025-11-22T17:31:03.809+0000] {dag.py:3823} INFO - Setting next_dagrun for deploy_pipeline to None, run_after=None
[2025-11-22T17:31:03.823+0000] {processor.py:183} INFO - Processing /opt/airflow/dags/deploy.py took 0.224 seconds
[2025-11-22T17:31:34.058+0000] {processor.py:161} INFO - Started process (PID=188) to work on /opt/airflow/dags/deploy.py
[2025-11-22T17:31:34.060+0000] {processor.py:830} INFO - Processing file /opt/airflow/dags/deploy.py for tasks to queue
[2025-11-22T17:31:34.061+0000] {logging_mixin.py:188} INFO - [2025-11-22T17:31:34.061+0000] {dagbag.py:538} INFO - Filling up the DagBag from /opt/airflow/dags/deploy.py
[2025-11-22T17:31:34.083+0000] {processor.py:840} INFO - DAG(s) 'deploy_pipeline' retrieved from /opt/airflow/dags/deploy.py
[2025-11-22T17:31:34.116+0000] {logging_mixin.py:188} INFO - [2025-11-22T17:31:34.115+0000] {dag.py:3036} INFO - Sync 1 DAGs
[2025-11-22T17:31:34.131+0000] {logging_mixin.py:188} INFO - [2025-11-22T17:31:34.131+0000] {dag.py:3823} INFO - Setting next_dagrun for deploy_pipeline to None, run_after=None
[2025-11-22T17:31:34.155+0000] {processor.py:183} INFO - Processing /opt/airflow/dags/deploy.py took 0.102 seconds
[2025-11-22T17:32:04.367+0000] {processor.py:161} INFO - Started process (PID=236) to work on /opt/airflow/dags/deploy.py
[2025-11-22T17:32:04.369+0000] {processor.py:830} INFO - Processing file /opt/airflow/dags/deploy.py for tasks to queue
[2025-11-22T17:32:04.370+0000] {logging_mixin.py:188} INFO - [2025-11-22T17:32:04.370+0000] {dagbag.py:538} INFO - Filling up the DagBag from /opt/airflow/dags/deploy.py
[2025-11-22T17:32:04.393+0000] {processor.py:840} INFO - DAG(s) 'deploy_pipeline' retrieved from /opt/airflow/dags/deploy.py
[2025-11-22T17:32:04.423+0000] {logging_mixin.py:188} INFO - [2025-11-22T17:32:04.423+0000] {dag.py:3036} INFO - Sync 1 DAGs
[2025-11-22T17:32:04.436+0000] {logging_mixin.py:188} INFO - [2025-11-22T17:32:04.436+0000] {dag.py:3823} INFO - Setting next_dagrun for deploy_pipeline to None, run_after=None
[2025-11-22T17:32:04.457+0000] {processor.py:183} INFO - Processing /opt/airflow/dags/deploy.py took 0.094 seconds
[2025-11-22T17:33:41.285+0000] {processor.py:161} INFO - Started process (PID=178) to work on /opt/airflow/dags/deploy.py
[2025-11-22T17:33:41.287+0000] {processor.py:830} INFO - Processing file /opt/airflow/dags/deploy.py for tasks to queue
[2025-11-22T17:33:41.288+0000] {logging_mixin.py:188} INFO - [2025-11-22T17:33:41.287+0000] {dagbag.py:538} INFO - Filling up the DagBag from /opt/airflow/dags/deploy.py
[2025-11-22T17:33:41.307+0000] {processor.py:840} INFO - DAG(s) 'deploy_pipeline' retrieved from /opt/airflow/dags/deploy.py
[2025-11-22T17:33:41.479+0000] {logging_mixin.py:188} INFO - [2025-11-22T17:33:41.478+0000] {override.py:1769} INFO - Created Permission View: can delete on DAG:deploy_pipeline
[2025-11-22T17:33:41.486+0000] {logging_mixin.py:188} INFO - [2025-11-22T17:33:41.486+0000] {override.py:1769} INFO - Created Permission View: can read on DAG:deploy_pipeline
[2025-11-22T17:33:41.492+0000] {logging_mixin.py:188} INFO - [2025-11-22T17:33:41.492+0000] {override.py:1769} INFO - Created Permission View: can edit on DAG:deploy_pipeline
[2025-11-22T17:33:41.493+0000] {logging_mixin.py:188} INFO - [2025-11-22T17:33:41.492+0000] {dag.py:3036} INFO - Sync 1 DAGs
[2025-11-22T17:33:41.501+0000] {logging_mixin.py:188} INFO - [2025-11-22T17:33:41.500+0000] {dag.py:3058} INFO - Creating ORM DAG for deploy_pipeline
[2025-11-22T17:33:41.501+0000] {logging_mixin.py:188} INFO - [2025-11-22T17:33:41.501+0000] {dag.py:3823} INFO - Setting next_dagrun for deploy_pipeline to None, run_after=None
[2025-11-22T17:33:41.516+0000] {processor.py:183} INFO - Processing /opt/airflow/dags/deploy.py took 0.234 seconds
[2025-11-22T17:34:11.592+0000] {processor.py:161} INFO - Started process (PID=188) to work on /opt/airflow/dags/deploy.py
[2025-11-22T17:34:11.592+0000] {processor.py:830} INFO - Processing file /opt/airflow/dags/deploy.py for tasks to queue
[2025-11-22T17:34:11.593+0000] {logging_mixin.py:188} INFO - [2025-11-22T17:34:11.593+0000] {dagbag.py:538} INFO - Filling up the DagBag from /opt/airflow/dags/deploy.py
[2025-11-22T17:34:11.609+0000] {processor.py:840} INFO - DAG(s) 'deploy_pipeline' retrieved from /opt/airflow/dags/deploy.py
[2025-11-22T17:34:11.636+0000] {logging_mixin.py:188} INFO - [2025-11-22T17:34:11.636+0000] {dag.py:3036} INFO - Sync 1 DAGs
[2025-11-22T17:34:11.646+0000] {logging_mixin.py:188} INFO - [2025-11-22T17:34:11.646+0000] {dag.py:3823} INFO - Setting next_dagrun for deploy_pipeline to None, run_after=None
[2025-11-22T17:34:11.664+0000] {processor.py:183} INFO - Processing /opt/airflow/dags/deploy.py took 0.075 seconds
[2025-11-22T17:34:41.774+0000] {processor.py:161} INFO - Started process (PID=236) to work on /opt/airflow/dags/deploy.py
[2025-11-22T17:34:41.775+0000] {processor.py:830} INFO - Processing file /opt/airflow/dags/deploy.py for tasks to queue
[2025-11-22T17:34:41.777+0000] {logging_mixin.py:188} INFO - [2025-11-22T17:34:41.777+0000] {dagbag.py:538} INFO - Filling up the DagBag from /opt/airflow/dags/deploy.py
[2025-11-22T17:34:41.803+0000] {processor.py:840} INFO - DAG(s) 'deploy_pipeline' retrieved from /opt/airflow/dags/deploy.py
[2025-11-22T17:34:41.838+0000] {logging_mixin.py:188} INFO - [2025-11-22T17:34:41.837+0000] {dag.py:3036} INFO - Sync 1 DAGs
[2025-11-22T17:34:41.855+0000] {logging_mixin.py:188} INFO - [2025-11-22T17:34:41.855+0000] {dag.py:3823} INFO - Setting next_dagrun for deploy_pipeline to None, run_after=None
[2025-11-22T17:34:41.880+0000] {processor.py:183} INFO - Processing /opt/airflow/dags/deploy.py took 0.111 seconds
[2025-11-22T17:35:12.078+0000] {processor.py:161} INFO - Started process (PID=246) to work on /opt/airflow/dags/deploy.py
[2025-11-22T17:35:12.081+0000] {processor.py:830} INFO - Processing file /opt/airflow/dags/deploy.py for tasks to queue
[2025-11-22T17:35:12.082+0000] {logging_mixin.py:188} INFO - [2025-11-22T17:35:12.082+0000] {dagbag.py:538} INFO - Filling up the DagBag from /opt/airflow/dags/deploy.py
[2025-11-22T17:35:12.103+0000] {processor.py:840} INFO - DAG(s) 'deploy_pipeline' retrieved from /opt/airflow/dags/deploy.py
[2025-11-22T17:35:12.155+0000] {logging_mixin.py:188} INFO - [2025-11-22T17:35:12.155+0000] {dag.py:3036} INFO - Sync 1 DAGs
[2025-11-22T17:35:12.182+0000] {logging_mixin.py:188} INFO - [2025-11-22T17:35:12.181+0000] {dag.py:3823} INFO - Setting next_dagrun for deploy_pipeline to None, run_after=None
[2025-11-22T17:35:12.206+0000] {processor.py:183} INFO - Processing /opt/airflow/dags/deploy.py took 0.131 seconds
[2025-11-22T17:35:42.469+0000] {processor.py:161} INFO - Started process (PID=256) to work on /opt/airflow/dags/deploy.py
[2025-11-22T17:35:42.469+0000] {processor.py:830} INFO - Processing file /opt/airflow/dags/deploy.py for tasks to queue
[2025-11-22T17:35:42.470+0000] {logging_mixin.py:188} INFO - [2025-11-22T17:35:42.470+0000] {dagbag.py:538} INFO - Filling up the DagBag from /opt/airflow/dags/deploy.py
[2025-11-22T17:35:42.491+0000] {processor.py:840} INFO - DAG(s) 'deploy_pipeline' retrieved from /opt/airflow/dags/deploy.py
[2025-11-22T17:35:42.525+0000] {logging_mixin.py:188} INFO - [2025-11-22T17:35:42.525+0000] {dag.py:3036} INFO - Sync 1 DAGs
[2025-11-22T17:35:42.544+0000] {logging_mixin.py:188} INFO - [2025-11-22T17:35:42.544+0000] {dag.py:3823} INFO - Setting next_dagrun for deploy_pipeline to None, run_after=None
[2025-11-22T17:35:42.569+0000] {processor.py:183} INFO - Processing /opt/airflow/dags/deploy.py took 0.104 seconds
[2025-11-22T17:36:12.936+0000] {processor.py:161} INFO - Started process (PID=266) to work on /opt/airflow/dags/deploy.py
[2025-11-22T17:36:12.941+0000] {processor.py:830} INFO - Processing file /opt/airflow/dags/deploy.py for tasks to queue
[2025-11-22T17:36:12.943+0000] {logging_mixin.py:188} INFO - [2025-11-22T17:36:12.942+0000] {dagbag.py:538} INFO - Filling up the DagBag from /opt/airflow/dags/deploy.py
[2025-11-22T17:36:12.980+0000] {processor.py:840} INFO - DAG(s) 'deploy_pipeline' retrieved from /opt/airflow/dags/deploy.py
[2025-11-22T17:36:13.013+0000] {logging_mixin.py:188} INFO - [2025-11-22T17:36:13.013+0000] {dag.py:3036} INFO - Sync 1 DAGs
[2025-11-22T17:36:13.026+0000] {logging_mixin.py:188} INFO - [2025-11-22T17:36:13.026+0000] {dag.py:3823} INFO - Setting next_dagrun for deploy_pipeline to None, run_after=None
[2025-11-22T17:36:13.074+0000] {processor.py:183} INFO - Processing /opt/airflow/dags/deploy.py took 0.143 seconds
[2025-11-22T17:36:43.517+0000] {processor.py:161} INFO - Started process (PID=276) to work on /opt/airflow/dags/deploy.py
[2025-11-22T17:36:43.525+0000] {processor.py:830} INFO - Processing file /opt/airflow/dags/deploy.py for tasks to queue
[2025-11-22T17:36:43.527+0000] {logging_mixin.py:188} INFO - [2025-11-22T17:36:43.526+0000] {dagbag.py:538} INFO - Filling up the DagBag from /opt/airflow/dags/deploy.py
[2025-11-22T17:36:43.737+0000] {processor.py:840} INFO - DAG(s) 'deploy_pipeline' retrieved from /opt/airflow/dags/deploy.py
[2025-11-22T17:36:43.788+0000] {logging_mixin.py:188} INFO - [2025-11-22T17:36:43.788+0000] {dag.py:3036} INFO - Sync 1 DAGs
[2025-11-22T17:36:43.808+0000] {logging_mixin.py:188} INFO - [2025-11-22T17:36:43.807+0000] {dag.py:3823} INFO - Setting next_dagrun for deploy_pipeline to None, run_after=None
[2025-11-22T17:36:43.841+0000] {processor.py:183} INFO - Processing /opt/airflow/dags/deploy.py took 0.330 seconds
[2025-11-22T17:37:14.063+0000] {processor.py:161} INFO - Started process (PID=286) to work on /opt/airflow/dags/deploy.py
[2025-11-22T17:37:14.064+0000] {processor.py:830} INFO - Processing file /opt/airflow/dags/deploy.py for tasks to queue
[2025-11-22T17:37:14.065+0000] {logging_mixin.py:188} INFO - [2025-11-22T17:37:14.065+0000] {dagbag.py:538} INFO - Filling up the DagBag from /opt/airflow/dags/deploy.py
[2025-11-22T17:37:14.084+0000] {processor.py:840} INFO - DAG(s) 'deploy_pipeline' retrieved from /opt/airflow/dags/deploy.py
[2025-11-22T17:37:14.112+0000] {logging_mixin.py:188} INFO - [2025-11-22T17:37:14.112+0000] {dag.py:3036} INFO - Sync 1 DAGs
[2025-11-22T17:37:14.124+0000] {logging_mixin.py:188} INFO - [2025-11-22T17:37:14.123+0000] {dag.py:3823} INFO - Setting next_dagrun for deploy_pipeline to None, run_after=None
[2025-11-22T17:37:14.146+0000] {processor.py:183} INFO - Processing /opt/airflow/dags/deploy.py took 0.086 seconds
[2025-11-22T17:37:44.553+0000] {processor.py:161} INFO - Started process (PID=296) to work on /opt/airflow/dags/deploy.py
[2025-11-22T17:37:44.554+0000] {processor.py:830} INFO - Processing file /opt/airflow/dags/deploy.py for tasks to queue
[2025-11-22T17:37:44.555+0000] {logging_mixin.py:188} INFO - [2025-11-22T17:37:44.554+0000] {dagbag.py:538} INFO - Filling up the DagBag from /opt/airflow/dags/deploy.py
[2025-11-22T17:37:44.571+0000] {processor.py:840} INFO - DAG(s) 'deploy_pipeline' retrieved from /opt/airflow/dags/deploy.py
[2025-11-22T17:37:44.598+0000] {logging_mixin.py:188} INFO - [2025-11-22T17:37:44.598+0000] {dag.py:3036} INFO - Sync 1 DAGs
[2025-11-22T17:37:44.610+0000] {logging_mixin.py:188} INFO - [2025-11-22T17:37:44.610+0000] {dag.py:3823} INFO - Setting next_dagrun for deploy_pipeline to None, run_after=None
[2025-11-22T17:37:44.630+0000] {processor.py:183} INFO - Processing /opt/airflow/dags/deploy.py took 0.080 seconds
[2025-11-22T17:38:14.838+0000] {processor.py:161} INFO - Started process (PID=306) to work on /opt/airflow/dags/deploy.py
[2025-11-22T17:38:14.839+0000] {processor.py:830} INFO - Processing file /opt/airflow/dags/deploy.py for tasks to queue
[2025-11-22T17:38:14.840+0000] {logging_mixin.py:188} INFO - [2025-11-22T17:38:14.839+0000] {dagbag.py:538} INFO - Filling up the DagBag from /opt/airflow/dags/deploy.py
[2025-11-22T17:38:14.854+0000] {processor.py:840} INFO - DAG(s) 'deploy_pipeline' retrieved from /opt/airflow/dags/deploy.py
[2025-11-22T17:38:14.876+0000] {logging_mixin.py:188} INFO - [2025-11-22T17:38:14.876+0000] {dag.py:3036} INFO - Sync 1 DAGs
[2025-11-22T17:38:14.886+0000] {logging_mixin.py:188} INFO - [2025-11-22T17:38:14.886+0000] {dag.py:3823} INFO - Setting next_dagrun for deploy_pipeline to None, run_after=None
[2025-11-22T17:38:14.907+0000] {processor.py:183} INFO - Processing /opt/airflow/dags/deploy.py took 0.071 seconds
[2025-11-22T17:38:45.095+0000] {processor.py:161} INFO - Started process (PID=316) to work on /opt/airflow/dags/deploy.py
[2025-11-22T17:38:45.095+0000] {processor.py:830} INFO - Processing file /opt/airflow/dags/deploy.py for tasks to queue
[2025-11-22T17:38:45.096+0000] {logging_mixin.py:188} INFO - [2025-11-22T17:38:45.096+0000] {dagbag.py:538} INFO - Filling up the DagBag from /opt/airflow/dags/deploy.py
[2025-11-22T17:38:45.111+0000] {processor.py:840} INFO - DAG(s) 'deploy_pipeline' retrieved from /opt/airflow/dags/deploy.py
[2025-11-22T17:38:45.132+0000] {logging_mixin.py:188} INFO - [2025-11-22T17:38:45.132+0000] {dag.py:3036} INFO - Sync 1 DAGs
[2025-11-22T17:38:45.143+0000] {logging_mixin.py:188} INFO - [2025-11-22T17:38:45.142+0000] {dag.py:3823} INFO - Setting next_dagrun for deploy_pipeline to None, run_after=None
[2025-11-22T17:38:45.162+0000] {processor.py:183} INFO - Processing /opt/airflow/dags/deploy.py took 0.070 seconds
[2025-11-22T17:39:15.328+0000] {processor.py:161} INFO - Started process (PID=326) to work on /opt/airflow/dags/deploy.py
[2025-11-22T17:39:15.330+0000] {processor.py:830} INFO - Processing file /opt/airflow/dags/deploy.py for tasks to queue
[2025-11-22T17:39:15.331+0000] {logging_mixin.py:188} INFO - [2025-11-22T17:39:15.330+0000] {dagbag.py:538} INFO - Filling up the DagBag from /opt/airflow/dags/deploy.py
[2025-11-22T17:39:15.348+0000] {processor.py:840} INFO - DAG(s) 'deploy_pipeline' retrieved from /opt/airflow/dags/deploy.py
[2025-11-22T17:39:15.369+0000] {logging_mixin.py:188} INFO - [2025-11-22T17:39:15.369+0000] {dag.py:3036} INFO - Sync 1 DAGs
[2025-11-22T17:39:15.379+0000] {logging_mixin.py:188} INFO - [2025-11-22T17:39:15.378+0000] {dag.py:3823} INFO - Setting next_dagrun for deploy_pipeline to None, run_after=None
[2025-11-22T17:39:15.401+0000] {processor.py:183} INFO - Processing /opt/airflow/dags/deploy.py took 0.076 seconds
[2025-11-22T17:39:45.558+0000] {processor.py:161} INFO - Started process (PID=336) to work on /opt/airflow/dags/deploy.py
[2025-11-22T17:39:45.559+0000] {processor.py:830} INFO - Processing file /opt/airflow/dags/deploy.py for tasks to queue
[2025-11-22T17:39:45.560+0000] {logging_mixin.py:188} INFO - [2025-11-22T17:39:45.559+0000] {dagbag.py:538} INFO - Filling up the DagBag from /opt/airflow/dags/deploy.py
[2025-11-22T17:39:45.574+0000] {processor.py:840} INFO - DAG(s) 'deploy_pipeline' retrieved from /opt/airflow/dags/deploy.py
[2025-11-22T17:39:45.600+0000] {logging_mixin.py:188} INFO - [2025-11-22T17:39:45.600+0000] {dag.py:3036} INFO - Sync 1 DAGs
[2025-11-22T17:39:45.612+0000] {logging_mixin.py:188} INFO - [2025-11-22T17:39:45.611+0000] {dag.py:3823} INFO - Setting next_dagrun for deploy_pipeline to None, run_after=None
[2025-11-22T17:39:45.634+0000] {processor.py:183} INFO - Processing /opt/airflow/dags/deploy.py took 0.079 seconds
[2025-11-22T17:40:15.782+0000] {processor.py:161} INFO - Started process (PID=348) to work on /opt/airflow/dags/deploy.py
[2025-11-22T17:40:15.783+0000] {processor.py:830} INFO - Processing file /opt/airflow/dags/deploy.py for tasks to queue
[2025-11-22T17:40:15.785+0000] {logging_mixin.py:188} INFO - [2025-11-22T17:40:15.784+0000] {dagbag.py:538} INFO - Filling up the DagBag from /opt/airflow/dags/deploy.py
[2025-11-22T17:40:15.811+0000] {processor.py:840} INFO - DAG(s) 'deploy_pipeline' retrieved from /opt/airflow/dags/deploy.py
[2025-11-22T17:40:15.849+0000] {logging_mixin.py:188} INFO - [2025-11-22T17:40:15.849+0000] {dag.py:3036} INFO - Sync 1 DAGs
[2025-11-22T17:40:15.864+0000] {logging_mixin.py:188} INFO - [2025-11-22T17:40:15.864+0000] {dag.py:3823} INFO - Setting next_dagrun for deploy_pipeline to None, run_after=None
[2025-11-22T17:40:15.883+0000] {processor.py:183} INFO - Processing /opt/airflow/dags/deploy.py took 0.108 seconds
[2025-11-22T17:40:46.101+0000] {processor.py:161} INFO - Started process (PID=358) to work on /opt/airflow/dags/deploy.py
[2025-11-22T17:40:46.101+0000] {processor.py:830} INFO - Processing file /opt/airflow/dags/deploy.py for tasks to queue
[2025-11-22T17:40:46.102+0000] {logging_mixin.py:188} INFO - [2025-11-22T17:40:46.102+0000] {dagbag.py:538} INFO - Filling up the DagBag from /opt/airflow/dags/deploy.py
[2025-11-22T17:40:46.120+0000] {processor.py:840} INFO - DAG(s) 'deploy_pipeline' retrieved from /opt/airflow/dags/deploy.py
[2025-11-22T17:40:46.150+0000] {logging_mixin.py:188} INFO - [2025-11-22T17:40:46.150+0000] {dag.py:3036} INFO - Sync 1 DAGs
[2025-11-22T17:40:46.163+0000] {logging_mixin.py:188} INFO - [2025-11-22T17:40:46.163+0000] {dag.py:3823} INFO - Setting next_dagrun for deploy_pipeline to None, run_after=None
[2025-11-22T17:40:46.190+0000] {processor.py:183} INFO - Processing /opt/airflow/dags/deploy.py took 0.093 seconds
[2025-11-22T17:41:16.341+0000] {processor.py:161} INFO - Started process (PID=368) to work on /opt/airflow/dags/deploy.py
[2025-11-22T17:41:16.342+0000] {processor.py:830} INFO - Processing file /opt/airflow/dags/deploy.py for tasks to queue
[2025-11-22T17:41:16.343+0000] {logging_mixin.py:188} INFO - [2025-11-22T17:41:16.343+0000] {dagbag.py:538} INFO - Filling up the DagBag from /opt/airflow/dags/deploy.py
[2025-11-22T17:41:16.358+0000] {processor.py:840} INFO - DAG(s) 'deploy_pipeline' retrieved from /opt/airflow/dags/deploy.py
[2025-11-22T17:41:16.382+0000] {logging_mixin.py:188} INFO - [2025-11-22T17:41:16.381+0000] {dag.py:3036} INFO - Sync 1 DAGs
[2025-11-22T17:41:16.392+0000] {logging_mixin.py:188} INFO - [2025-11-22T17:41:16.391+0000] {dag.py:3823} INFO - Setting next_dagrun for deploy_pipeline to None, run_after=None
[2025-11-22T17:41:16.421+0000] {processor.py:183} INFO - Processing /opt/airflow/dags/deploy.py took 0.082 seconds
[2025-11-22T17:41:46.678+0000] {processor.py:161} INFO - Started process (PID=433) to work on /opt/airflow/dags/deploy.py
[2025-11-22T17:41:46.680+0000] {processor.py:830} INFO - Processing file /opt/airflow/dags/deploy.py for tasks to queue
[2025-11-22T17:41:46.681+0000] {logging_mixin.py:188} INFO - [2025-11-22T17:41:46.681+0000] {dagbag.py:538} INFO - Filling up the DagBag from /opt/airflow/dags/deploy.py
[2025-11-22T17:41:46.720+0000] {processor.py:840} INFO - DAG(s) 'deploy_pipeline' retrieved from /opt/airflow/dags/deploy.py
[2025-11-22T17:41:46.780+0000] {logging_mixin.py:188} INFO - [2025-11-22T17:41:46.779+0000] {dag.py:3036} INFO - Sync 1 DAGs
[2025-11-22T17:41:46.805+0000] {logging_mixin.py:188} INFO - [2025-11-22T17:41:46.805+0000] {dag.py:3823} INFO - Setting next_dagrun for deploy_pipeline to None, run_after=None
[2025-11-22T17:41:46.836+0000] {processor.py:183} INFO - Processing /opt/airflow/dags/deploy.py took 0.164 seconds
[2025-11-22T17:42:17.112+0000] {processor.py:161} INFO - Started process (PID=443) to work on /opt/airflow/dags/deploy.py
[2025-11-22T17:42:17.113+0000] {processor.py:830} INFO - Processing file /opt/airflow/dags/deploy.py for tasks to queue
[2025-11-22T17:42:17.114+0000] {logging_mixin.py:188} INFO - [2025-11-22T17:42:17.113+0000] {dagbag.py:538} INFO - Filling up the DagBag from /opt/airflow/dags/deploy.py
[2025-11-22T17:42:17.130+0000] {processor.py:840} INFO - DAG(s) 'deploy_pipeline' retrieved from /opt/airflow/dags/deploy.py
[2025-11-22T17:42:17.156+0000] {logging_mixin.py:188} INFO - [2025-11-22T17:42:17.155+0000] {dag.py:3036} INFO - Sync 1 DAGs
[2025-11-22T17:42:17.167+0000] {logging_mixin.py:188} INFO - [2025-11-22T17:42:17.166+0000] {dag.py:3823} INFO - Setting next_dagrun for deploy_pipeline to None, run_after=None
[2025-11-22T17:42:17.188+0000] {processor.py:183} INFO - Processing /opt/airflow/dags/deploy.py took 0.080 seconds
[2025-11-22T17:42:47.329+0000] {processor.py:161} INFO - Started process (PID=453) to work on /opt/airflow/dags/deploy.py
[2025-11-22T17:42:47.330+0000] {processor.py:830} INFO - Processing file /opt/airflow/dags/deploy.py for tasks to queue
[2025-11-22T17:42:47.331+0000] {logging_mixin.py:188} INFO - [2025-11-22T17:42:47.331+0000] {dagbag.py:538} INFO - Filling up the DagBag from /opt/airflow/dags/deploy.py
[2025-11-22T17:42:47.348+0000] {processor.py:840} INFO - DAG(s) 'deploy_pipeline' retrieved from /opt/airflow/dags/deploy.py
[2025-11-22T17:42:47.373+0000] {logging_mixin.py:188} INFO - [2025-11-22T17:42:47.373+0000] {dag.py:3036} INFO - Sync 1 DAGs
[2025-11-22T17:42:47.385+0000] {logging_mixin.py:188} INFO - [2025-11-22T17:42:47.384+0000] {dag.py:3823} INFO - Setting next_dagrun for deploy_pipeline to None, run_after=None
[2025-11-22T17:42:47.408+0000] {processor.py:183} INFO - Processing /opt/airflow/dags/deploy.py took 0.083 seconds
[2025-11-22T17:43:17.526+0000] {processor.py:161} INFO - Started process (PID=463) to work on /opt/airflow/dags/deploy.py
[2025-11-22T17:43:17.527+0000] {processor.py:830} INFO - Processing file /opt/airflow/dags/deploy.py for tasks to queue
[2025-11-22T17:43:17.528+0000] {logging_mixin.py:188} INFO - [2025-11-22T17:43:17.528+0000] {dagbag.py:538} INFO - Filling up the DagBag from /opt/airflow/dags/deploy.py
[2025-11-22T17:43:17.543+0000] {processor.py:840} INFO - DAG(s) 'deploy_pipeline' retrieved from /opt/airflow/dags/deploy.py
[2025-11-22T17:43:17.572+0000] {logging_mixin.py:188} INFO - [2025-11-22T17:43:17.572+0000] {dag.py:3036} INFO - Sync 1 DAGs
[2025-11-22T17:43:17.585+0000] {logging_mixin.py:188} INFO - [2025-11-22T17:43:17.584+0000] {dag.py:3823} INFO - Setting next_dagrun for deploy_pipeline to None, run_after=None
[2025-11-22T17:43:17.606+0000] {processor.py:183} INFO - Processing /opt/airflow/dags/deploy.py took 0.083 seconds
[2025-11-22T17:43:47.767+0000] {processor.py:161} INFO - Started process (PID=473) to work on /opt/airflow/dags/deploy.py
[2025-11-22T17:43:47.768+0000] {processor.py:830} INFO - Processing file /opt/airflow/dags/deploy.py for tasks to queue
[2025-11-22T17:43:47.769+0000] {logging_mixin.py:188} INFO - [2025-11-22T17:43:47.768+0000] {dagbag.py:538} INFO - Filling up the DagBag from /opt/airflow/dags/deploy.py
[2025-11-22T17:43:47.784+0000] {processor.py:840} INFO - DAG(s) 'deploy_pipeline' retrieved from /opt/airflow/dags/deploy.py
[2025-11-22T17:43:47.813+0000] {logging_mixin.py:188} INFO - [2025-11-22T17:43:47.813+0000] {dag.py:3036} INFO - Sync 1 DAGs
[2025-11-22T17:43:47.827+0000] {logging_mixin.py:188} INFO - [2025-11-22T17:43:47.827+0000] {dag.py:3823} INFO - Setting next_dagrun for deploy_pipeline to None, run_after=None
[2025-11-22T17:43:47.848+0000] {processor.py:183} INFO - Processing /opt/airflow/dags/deploy.py took 0.085 seconds
[2025-11-22T17:44:17.947+0000] {processor.py:161} INFO - Started process (PID=483) to work on /opt/airflow/dags/deploy.py
[2025-11-22T17:44:17.949+0000] {processor.py:830} INFO - Processing file /opt/airflow/dags/deploy.py for tasks to queue
[2025-11-22T17:44:17.950+0000] {logging_mixin.py:188} INFO - [2025-11-22T17:44:17.950+0000] {dagbag.py:538} INFO - Filling up the DagBag from /opt/airflow/dags/deploy.py
[2025-11-22T17:44:17.970+0000] {processor.py:840} INFO - DAG(s) 'deploy_pipeline' retrieved from /opt/airflow/dags/deploy.py
[2025-11-22T17:44:17.997+0000] {logging_mixin.py:188} INFO - [2025-11-22T17:44:17.997+0000] {dag.py:3036} INFO - Sync 1 DAGs
[2025-11-22T17:44:18.010+0000] {logging_mixin.py:188} INFO - [2025-11-22T17:44:18.009+0000] {dag.py:3823} INFO - Setting next_dagrun for deploy_pipeline to None, run_after=None
[2025-11-22T17:44:18.034+0000] {processor.py:183} INFO - Processing /opt/airflow/dags/deploy.py took 0.091 seconds
[2025-11-22T17:44:48.155+0000] {processor.py:161} INFO - Started process (PID=493) to work on /opt/airflow/dags/deploy.py
[2025-11-22T17:44:48.156+0000] {processor.py:830} INFO - Processing file /opt/airflow/dags/deploy.py for tasks to queue
[2025-11-22T17:44:48.157+0000] {logging_mixin.py:188} INFO - [2025-11-22T17:44:48.157+0000] {dagbag.py:538} INFO - Filling up the DagBag from /opt/airflow/dags/deploy.py
[2025-11-22T17:44:48.176+0000] {processor.py:840} INFO - DAG(s) 'deploy_pipeline' retrieved from /opt/airflow/dags/deploy.py
[2025-11-22T17:44:48.203+0000] {logging_mixin.py:188} INFO - [2025-11-22T17:44:48.202+0000] {dag.py:3036} INFO - Sync 1 DAGs
[2025-11-22T17:44:48.214+0000] {logging_mixin.py:188} INFO - [2025-11-22T17:44:48.214+0000] {dag.py:3823} INFO - Setting next_dagrun for deploy_pipeline to None, run_after=None
[2025-11-22T17:44:48.233+0000] {processor.py:183} INFO - Processing /opt/airflow/dags/deploy.py took 0.082 seconds
[2025-11-22T17:45:18.375+0000] {processor.py:161} INFO - Started process (PID=503) to work on /opt/airflow/dags/deploy.py
[2025-11-22T17:45:18.376+0000] {processor.py:830} INFO - Processing file /opt/airflow/dags/deploy.py for tasks to queue
[2025-11-22T17:45:18.377+0000] {logging_mixin.py:188} INFO - [2025-11-22T17:45:18.376+0000] {dagbag.py:538} INFO - Filling up the DagBag from /opt/airflow/dags/deploy.py
[2025-11-22T17:45:18.398+0000] {processor.py:840} INFO - DAG(s) 'deploy_pipeline' retrieved from /opt/airflow/dags/deploy.py
[2025-11-22T17:45:18.428+0000] {logging_mixin.py:188} INFO - [2025-11-22T17:45:18.428+0000] {dag.py:3036} INFO - Sync 1 DAGs
[2025-11-22T17:45:18.443+0000] {logging_mixin.py:188} INFO - [2025-11-22T17:45:18.442+0000] {dag.py:3823} INFO - Setting next_dagrun for deploy_pipeline to None, run_after=None
[2025-11-22T17:45:18.463+0000] {processor.py:183} INFO - Processing /opt/airflow/dags/deploy.py took 0.093 seconds
[2025-11-22T17:45:48.673+0000] {processor.py:161} INFO - Started process (PID=513) to work on /opt/airflow/dags/deploy.py
[2025-11-22T17:45:48.674+0000] {processor.py:830} INFO - Processing file /opt/airflow/dags/deploy.py for tasks to queue
[2025-11-22T17:45:48.680+0000] {logging_mixin.py:188} INFO - [2025-11-22T17:45:48.680+0000] {dagbag.py:538} INFO - Filling up the DagBag from /opt/airflow/dags/deploy.py
[2025-11-22T17:45:48.698+0000] {processor.py:840} INFO - DAG(s) 'deploy_pipeline' retrieved from /opt/airflow/dags/deploy.py
[2025-11-22T17:45:48.722+0000] {logging_mixin.py:188} INFO - [2025-11-22T17:45:48.722+0000] {dag.py:3036} INFO - Sync 1 DAGs
[2025-11-22T17:45:48.734+0000] {logging_mixin.py:188} INFO - [2025-11-22T17:45:48.733+0000] {dag.py:3823} INFO - Setting next_dagrun for deploy_pipeline to None, run_after=None
[2025-11-22T17:45:48.755+0000] {processor.py:183} INFO - Processing /opt/airflow/dags/deploy.py took 0.085 seconds
[2025-11-22T17:46:18.843+0000] {processor.py:161} INFO - Started process (PID=523) to work on /opt/airflow/dags/deploy.py
[2025-11-22T17:46:18.844+0000] {processor.py:830} INFO - Processing file /opt/airflow/dags/deploy.py for tasks to queue
[2025-11-22T17:46:18.845+0000] {logging_mixin.py:188} INFO - [2025-11-22T17:46:18.844+0000] {dagbag.py:538} INFO - Filling up the DagBag from /opt/airflow/dags/deploy.py
[2025-11-22T17:46:18.860+0000] {processor.py:840} INFO - DAG(s) 'deploy_pipeline' retrieved from /opt/airflow/dags/deploy.py
[2025-11-22T17:46:18.884+0000] {logging_mixin.py:188} INFO - [2025-11-22T17:46:18.884+0000] {dag.py:3036} INFO - Sync 1 DAGs
[2025-11-22T17:46:18.897+0000] {logging_mixin.py:188} INFO - [2025-11-22T17:46:18.897+0000] {dag.py:3823} INFO - Setting next_dagrun for deploy_pipeline to None, run_after=None
[2025-11-22T17:46:18.916+0000] {processor.py:183} INFO - Processing /opt/airflow/dags/deploy.py took 0.076 seconds
[2025-11-22T17:46:49.077+0000] {processor.py:161} INFO - Started process (PID=533) to work on /opt/airflow/dags/deploy.py
[2025-11-22T17:46:49.078+0000] {processor.py:830} INFO - Processing file /opt/airflow/dags/deploy.py for tasks to queue
[2025-11-22T17:46:49.079+0000] {logging_mixin.py:188} INFO - [2025-11-22T17:46:49.079+0000] {dagbag.py:538} INFO - Filling up the DagBag from /opt/airflow/dags/deploy.py
[2025-11-22T17:46:49.095+0000] {processor.py:840} INFO - DAG(s) 'deploy_pipeline' retrieved from /opt/airflow/dags/deploy.py
[2025-11-22T17:46:49.119+0000] {logging_mixin.py:188} INFO - [2025-11-22T17:46:49.119+0000] {dag.py:3036} INFO - Sync 1 DAGs
[2025-11-22T17:46:49.129+0000] {logging_mixin.py:188} INFO - [2025-11-22T17:46:49.129+0000] {dag.py:3823} INFO - Setting next_dagrun for deploy_pipeline to None, run_after=None
[2025-11-22T17:46:49.147+0000] {processor.py:183} INFO - Processing /opt/airflow/dags/deploy.py took 0.073 seconds
[2025-11-22T17:47:19.258+0000] {processor.py:161} INFO - Started process (PID=543) to work on /opt/airflow/dags/deploy.py
[2025-11-22T17:47:19.259+0000] {processor.py:830} INFO - Processing file /opt/airflow/dags/deploy.py for tasks to queue
[2025-11-22T17:47:19.260+0000] {logging_mixin.py:188} INFO - [2025-11-22T17:47:19.260+0000] {dagbag.py:538} INFO - Filling up the DagBag from /opt/airflow/dags/deploy.py
[2025-11-22T17:47:19.275+0000] {processor.py:840} INFO - DAG(s) 'deploy_pipeline' retrieved from /opt/airflow/dags/deploy.py
[2025-11-22T17:47:19.299+0000] {logging_mixin.py:188} INFO - [2025-11-22T17:47:19.299+0000] {dag.py:3036} INFO - Sync 1 DAGs
[2025-11-22T17:47:19.308+0000] {logging_mixin.py:188} INFO - [2025-11-22T17:47:19.308+0000] {dag.py:3823} INFO - Setting next_dagrun for deploy_pipeline to None, run_after=None
[2025-11-22T17:47:19.327+0000] {processor.py:183} INFO - Processing /opt/airflow/dags/deploy.py took 0.072 seconds
[2025-11-22T17:47:49.546+0000] {processor.py:161} INFO - Started process (PID=553) to work on /opt/airflow/dags/deploy.py
[2025-11-22T17:47:49.547+0000] {processor.py:830} INFO - Processing file /opt/airflow/dags/deploy.py for tasks to queue
[2025-11-22T17:47:49.548+0000] {logging_mixin.py:188} INFO - [2025-11-22T17:47:49.548+0000] {dagbag.py:538} INFO - Filling up the DagBag from /opt/airflow/dags/deploy.py
[2025-11-22T17:47:49.567+0000] {processor.py:840} INFO - DAG(s) 'deploy_pipeline' retrieved from /opt/airflow/dags/deploy.py
[2025-11-22T17:47:49.590+0000] {logging_mixin.py:188} INFO - [2025-11-22T17:47:49.590+0000] {dag.py:3036} INFO - Sync 1 DAGs
[2025-11-22T17:47:49.602+0000] {logging_mixin.py:188} INFO - [2025-11-22T17:47:49.601+0000] {dag.py:3823} INFO - Setting next_dagrun for deploy_pipeline to None, run_after=None
[2025-11-22T17:47:49.623+0000] {processor.py:183} INFO - Processing /opt/airflow/dags/deploy.py took 0.079 seconds
[2025-11-22T17:48:19.745+0000] {processor.py:161} INFO - Started process (PID=563) to work on /opt/airflow/dags/deploy.py
[2025-11-22T17:48:19.745+0000] {processor.py:830} INFO - Processing file /opt/airflow/dags/deploy.py for tasks to queue
[2025-11-22T17:48:19.746+0000] {logging_mixin.py:188} INFO - [2025-11-22T17:48:19.746+0000] {dagbag.py:538} INFO - Filling up the DagBag from /opt/airflow/dags/deploy.py
[2025-11-22T17:48:19.763+0000] {processor.py:840} INFO - DAG(s) 'deploy_pipeline' retrieved from /opt/airflow/dags/deploy.py
[2025-11-22T17:48:19.791+0000] {logging_mixin.py:188} INFO - [2025-11-22T17:48:19.791+0000] {dag.py:3036} INFO - Sync 1 DAGs
[2025-11-22T17:48:19.805+0000] {logging_mixin.py:188} INFO - [2025-11-22T17:48:19.804+0000] {dag.py:3823} INFO - Setting next_dagrun for deploy_pipeline to None, run_after=None
[2025-11-22T17:48:19.822+0000] {processor.py:183} INFO - Processing /opt/airflow/dags/deploy.py took 0.082 seconds
[2025-11-22T17:48:50.054+0000] {processor.py:161} INFO - Started process (PID=573) to work on /opt/airflow/dags/deploy.py
[2025-11-22T17:48:50.054+0000] {processor.py:830} INFO - Processing file /opt/airflow/dags/deploy.py for tasks to queue
[2025-11-22T17:48:50.055+0000] {logging_mixin.py:188} INFO - [2025-11-22T17:48:50.055+0000] {dagbag.py:538} INFO - Filling up the DagBag from /opt/airflow/dags/deploy.py
[2025-11-22T17:48:50.070+0000] {processor.py:840} INFO - DAG(s) 'deploy_pipeline' retrieved from /opt/airflow/dags/deploy.py
[2025-11-22T17:48:50.093+0000] {logging_mixin.py:188} INFO - [2025-11-22T17:48:50.093+0000] {dag.py:3036} INFO - Sync 1 DAGs
[2025-11-22T17:48:50.104+0000] {logging_mixin.py:188} INFO - [2025-11-22T17:48:50.104+0000] {dag.py:3823} INFO - Setting next_dagrun for deploy_pipeline to None, run_after=None
[2025-11-22T17:48:50.133+0000] {processor.py:183} INFO - Processing /opt/airflow/dags/deploy.py took 0.082 seconds
[2025-11-22T17:49:20.223+0000] {processor.py:161} INFO - Started process (PID=583) to work on /opt/airflow/dags/deploy.py
[2025-11-22T17:49:20.224+0000] {processor.py:830} INFO - Processing file /opt/airflow/dags/deploy.py for tasks to queue
[2025-11-22T17:49:20.226+0000] {logging_mixin.py:188} INFO - [2025-11-22T17:49:20.225+0000] {dagbag.py:538} INFO - Filling up the DagBag from /opt/airflow/dags/deploy.py
[2025-11-22T17:49:20.246+0000] {processor.py:840} INFO - DAG(s) 'deploy_pipeline' retrieved from /opt/airflow/dags/deploy.py
[2025-11-22T17:49:20.272+0000] {logging_mixin.py:188} INFO - [2025-11-22T17:49:20.272+0000] {dag.py:3036} INFO - Sync 1 DAGs
[2025-11-22T17:49:20.289+0000] {logging_mixin.py:188} INFO - [2025-11-22T17:49:20.289+0000] {dag.py:3823} INFO - Setting next_dagrun for deploy_pipeline to None, run_after=None
[2025-11-22T17:49:20.309+0000] {processor.py:183} INFO - Processing /opt/airflow/dags/deploy.py took 0.090 seconds
[2025-11-22T17:49:50.425+0000] {processor.py:161} INFO - Started process (PID=593) to work on /opt/airflow/dags/deploy.py
[2025-11-22T17:49:50.426+0000] {processor.py:830} INFO - Processing file /opt/airflow/dags/deploy.py for tasks to queue
[2025-11-22T17:49:50.427+0000] {logging_mixin.py:188} INFO - [2025-11-22T17:49:50.427+0000] {dagbag.py:538} INFO - Filling up the DagBag from /opt/airflow/dags/deploy.py
[2025-11-22T17:49:50.458+0000] {processor.py:840} INFO - DAG(s) 'deploy_pipeline' retrieved from /opt/airflow/dags/deploy.py
[2025-11-22T17:49:50.516+0000] {logging_mixin.py:188} INFO - [2025-11-22T17:49:50.514+0000] {dag.py:3036} INFO - Sync 1 DAGs
[2025-11-22T17:49:50.535+0000] {logging_mixin.py:188} INFO - [2025-11-22T17:49:50.535+0000] {dag.py:3823} INFO - Setting next_dagrun for deploy_pipeline to None, run_after=None
[2025-11-22T17:49:50.561+0000] {processor.py:183} INFO - Processing /opt/airflow/dags/deploy.py took 0.139 seconds
[2025-11-22T17:50:20.721+0000] {processor.py:161} INFO - Started process (PID=603) to work on /opt/airflow/dags/deploy.py
[2025-11-22T17:50:20.722+0000] {processor.py:830} INFO - Processing file /opt/airflow/dags/deploy.py for tasks to queue
[2025-11-22T17:50:20.723+0000] {logging_mixin.py:188} INFO - [2025-11-22T17:50:20.723+0000] {dagbag.py:538} INFO - Filling up the DagBag from /opt/airflow/dags/deploy.py
[2025-11-22T17:50:20.740+0000] {processor.py:840} INFO - DAG(s) 'deploy_pipeline' retrieved from /opt/airflow/dags/deploy.py
[2025-11-22T17:50:20.764+0000] {logging_mixin.py:188} INFO - [2025-11-22T17:50:20.764+0000] {dag.py:3036} INFO - Sync 1 DAGs
[2025-11-22T17:50:20.775+0000] {logging_mixin.py:188} INFO - [2025-11-22T17:50:20.775+0000] {dag.py:3823} INFO - Setting next_dagrun for deploy_pipeline to None, run_after=None
[2025-11-22T17:50:20.800+0000] {processor.py:183} INFO - Processing /opt/airflow/dags/deploy.py took 0.082 seconds
[2025-11-22T17:50:50.904+0000] {processor.py:161} INFO - Started process (PID=613) to work on /opt/airflow/dags/deploy.py
[2025-11-22T17:50:50.905+0000] {processor.py:830} INFO - Processing file /opt/airflow/dags/deploy.py for tasks to queue
[2025-11-22T17:50:50.906+0000] {logging_mixin.py:188} INFO - [2025-11-22T17:50:50.905+0000] {dagbag.py:538} INFO - Filling up the DagBag from /opt/airflow/dags/deploy.py
[2025-11-22T17:50:50.923+0000] {processor.py:840} INFO - DAG(s) 'deploy_pipeline' retrieved from /opt/airflow/dags/deploy.py
[2025-11-22T17:50:50.954+0000] {logging_mixin.py:188} INFO - [2025-11-22T17:50:50.954+0000] {dag.py:3036} INFO - Sync 1 DAGs
[2025-11-22T17:50:50.965+0000] {logging_mixin.py:188} INFO - [2025-11-22T17:50:50.965+0000] {dag.py:3823} INFO - Setting next_dagrun for deploy_pipeline to None, run_after=None
[2025-11-22T17:50:50.984+0000] {processor.py:183} INFO - Processing /opt/airflow/dags/deploy.py took 0.084 seconds
[2025-11-22T17:51:21.136+0000] {processor.py:161} INFO - Started process (PID=623) to work on /opt/airflow/dags/deploy.py
[2025-11-22T17:51:21.137+0000] {processor.py:830} INFO - Processing file /opt/airflow/dags/deploy.py for tasks to queue
[2025-11-22T17:51:21.138+0000] {logging_mixin.py:188} INFO - [2025-11-22T17:51:21.137+0000] {dagbag.py:538} INFO - Filling up the DagBag from /opt/airflow/dags/deploy.py
[2025-11-22T17:51:21.152+0000] {processor.py:840} INFO - DAG(s) 'deploy_pipeline' retrieved from /opt/airflow/dags/deploy.py
[2025-11-22T17:51:21.175+0000] {logging_mixin.py:188} INFO - [2025-11-22T17:51:21.175+0000] {dag.py:3036} INFO - Sync 1 DAGs
[2025-11-22T17:51:21.187+0000] {logging_mixin.py:188} INFO - [2025-11-22T17:51:21.186+0000] {dag.py:3823} INFO - Setting next_dagrun for deploy_pipeline to None, run_after=None
[2025-11-22T17:51:21.212+0000] {processor.py:183} INFO - Processing /opt/airflow/dags/deploy.py took 0.078 seconds
[2025-11-22T17:51:51.339+0000] {processor.py:161} INFO - Started process (PID=633) to work on /opt/airflow/dags/deploy.py
[2025-11-22T17:51:51.340+0000] {processor.py:830} INFO - Processing file /opt/airflow/dags/deploy.py for tasks to queue
[2025-11-22T17:51:51.341+0000] {logging_mixin.py:188} INFO - [2025-11-22T17:51:51.341+0000] {dagbag.py:538} INFO - Filling up the DagBag from /opt/airflow/dags/deploy.py
[2025-11-22T17:51:51.361+0000] {processor.py:840} INFO - DAG(s) 'deploy_pipeline' retrieved from /opt/airflow/dags/deploy.py
[2025-11-22T17:51:51.391+0000] {logging_mixin.py:188} INFO - [2025-11-22T17:51:51.390+0000] {dag.py:3036} INFO - Sync 1 DAGs
[2025-11-22T17:51:51.412+0000] {logging_mixin.py:188} INFO - [2025-11-22T17:51:51.412+0000] {dag.py:3823} INFO - Setting next_dagrun for deploy_pipeline to None, run_after=None
[2025-11-22T17:51:51.439+0000] {processor.py:183} INFO - Processing /opt/airflow/dags/deploy.py took 0.104 seconds
[2025-11-22T17:52:21.517+0000] {processor.py:161} INFO - Started process (PID=643) to work on /opt/airflow/dags/deploy.py
[2025-11-22T17:52:21.518+0000] {processor.py:830} INFO - Processing file /opt/airflow/dags/deploy.py for tasks to queue
[2025-11-22T17:52:21.519+0000] {logging_mixin.py:188} INFO - [2025-11-22T17:52:21.518+0000] {dagbag.py:538} INFO - Filling up the DagBag from /opt/airflow/dags/deploy.py
[2025-11-22T17:52:21.537+0000] {processor.py:840} INFO - DAG(s) 'deploy_pipeline' retrieved from /opt/airflow/dags/deploy.py
[2025-11-22T17:52:21.566+0000] {logging_mixin.py:188} INFO - [2025-11-22T17:52:21.566+0000] {dag.py:3036} INFO - Sync 1 DAGs
[2025-11-22T17:52:21.580+0000] {logging_mixin.py:188} INFO - [2025-11-22T17:52:21.579+0000] {dag.py:3823} INFO - Setting next_dagrun for deploy_pipeline to None, run_after=None
[2025-11-22T17:52:21.599+0000] {processor.py:183} INFO - Processing /opt/airflow/dags/deploy.py took 0.086 seconds
[2025-11-22T17:52:51.745+0000] {processor.py:161} INFO - Started process (PID=653) to work on /opt/airflow/dags/deploy.py
[2025-11-22T17:52:51.746+0000] {processor.py:830} INFO - Processing file /opt/airflow/dags/deploy.py for tasks to queue
[2025-11-22T17:52:51.747+0000] {logging_mixin.py:188} INFO - [2025-11-22T17:52:51.747+0000] {dagbag.py:538} INFO - Filling up the DagBag from /opt/airflow/dags/deploy.py
[2025-11-22T17:52:51.765+0000] {processor.py:840} INFO - DAG(s) 'deploy_pipeline' retrieved from /opt/airflow/dags/deploy.py
[2025-11-22T17:52:51.790+0000] {logging_mixin.py:188} INFO - [2025-11-22T17:52:51.790+0000] {dag.py:3036} INFO - Sync 1 DAGs
[2025-11-22T17:52:51.802+0000] {logging_mixin.py:188} INFO - [2025-11-22T17:52:51.802+0000] {dag.py:3823} INFO - Setting next_dagrun for deploy_pipeline to None, run_after=None
[2025-11-22T17:52:51.823+0000] {processor.py:183} INFO - Processing /opt/airflow/dags/deploy.py took 0.081 seconds
[2025-11-22T17:53:21.935+0000] {processor.py:161} INFO - Started process (PID=663) to work on /opt/airflow/dags/deploy.py
[2025-11-22T17:53:21.936+0000] {processor.py:830} INFO - Processing file /opt/airflow/dags/deploy.py for tasks to queue
[2025-11-22T17:53:21.937+0000] {logging_mixin.py:188} INFO - [2025-11-22T17:53:21.937+0000] {dagbag.py:538} INFO - Filling up the DagBag from /opt/airflow/dags/deploy.py
[2025-11-22T17:53:21.963+0000] {processor.py:840} INFO - DAG(s) 'deploy_pipeline' retrieved from /opt/airflow/dags/deploy.py
[2025-11-22T17:53:21.995+0000] {logging_mixin.py:188} INFO - [2025-11-22T17:53:21.995+0000] {dag.py:3036} INFO - Sync 1 DAGs
[2025-11-22T17:53:22.007+0000] {logging_mixin.py:188} INFO - [2025-11-22T17:53:22.007+0000] {dag.py:3823} INFO - Setting next_dagrun for deploy_pipeline to None, run_after=None
[2025-11-22T17:53:22.029+0000] {processor.py:183} INFO - Processing /opt/airflow/dags/deploy.py took 0.100 seconds
[2025-11-22T17:53:52.269+0000] {processor.py:161} INFO - Started process (PID=673) to work on /opt/airflow/dags/deploy.py
[2025-11-22T17:53:52.269+0000] {processor.py:830} INFO - Processing file /opt/airflow/dags/deploy.py for tasks to queue
[2025-11-22T17:53:52.271+0000] {logging_mixin.py:188} INFO - [2025-11-22T17:53:52.270+0000] {dagbag.py:538} INFO - Filling up the DagBag from /opt/airflow/dags/deploy.py
[2025-11-22T17:53:52.288+0000] {processor.py:840} INFO - DAG(s) 'deploy_pipeline' retrieved from /opt/airflow/dags/deploy.py
[2025-11-22T17:53:52.313+0000] {logging_mixin.py:188} INFO - [2025-11-22T17:53:52.313+0000] {dag.py:3036} INFO - Sync 1 DAGs
[2025-11-22T17:53:52.324+0000] {logging_mixin.py:188} INFO - [2025-11-22T17:53:52.324+0000] {dag.py:3823} INFO - Setting next_dagrun for deploy_pipeline to None, run_after=None
[2025-11-22T17:53:52.344+0000] {processor.py:183} INFO - Processing /opt/airflow/dags/deploy.py took 0.078 seconds
[2025-11-22T17:54:22.436+0000] {processor.py:161} INFO - Started process (PID=683) to work on /opt/airflow/dags/deploy.py
[2025-11-22T17:54:22.437+0000] {processor.py:830} INFO - Processing file /opt/airflow/dags/deploy.py for tasks to queue
[2025-11-22T17:54:22.438+0000] {logging_mixin.py:188} INFO - [2025-11-22T17:54:22.438+0000] {dagbag.py:538} INFO - Filling up the DagBag from /opt/airflow/dags/deploy.py
[2025-11-22T17:54:22.461+0000] {processor.py:840} INFO - DAG(s) 'deploy_pipeline' retrieved from /opt/airflow/dags/deploy.py
[2025-11-22T17:54:22.491+0000] {logging_mixin.py:188} INFO - [2025-11-22T17:54:22.491+0000] {dag.py:3036} INFO - Sync 1 DAGs
[2025-11-22T17:54:22.504+0000] {logging_mixin.py:188} INFO - [2025-11-22T17:54:22.504+0000] {dag.py:3823} INFO - Setting next_dagrun for deploy_pipeline to None, run_after=None
[2025-11-22T17:54:22.536+0000] {processor.py:183} INFO - Processing /opt/airflow/dags/deploy.py took 0.104 seconds
[2025-11-22T17:54:52.649+0000] {processor.py:161} INFO - Started process (PID=693) to work on /opt/airflow/dags/deploy.py
[2025-11-22T17:54:52.651+0000] {processor.py:830} INFO - Processing file /opt/airflow/dags/deploy.py for tasks to queue
[2025-11-22T17:54:52.652+0000] {logging_mixin.py:188} INFO - [2025-11-22T17:54:52.651+0000] {dagbag.py:538} INFO - Filling up the DagBag from /opt/airflow/dags/deploy.py
[2025-11-22T17:54:52.669+0000] {processor.py:840} INFO - DAG(s) 'deploy_pipeline' retrieved from /opt/airflow/dags/deploy.py
[2025-11-22T17:54:52.699+0000] {logging_mixin.py:188} INFO - [2025-11-22T17:54:52.699+0000] {dag.py:3036} INFO - Sync 1 DAGs
[2025-11-22T17:54:52.712+0000] {logging_mixin.py:188} INFO - [2025-11-22T17:54:52.711+0000] {dag.py:3823} INFO - Setting next_dagrun for deploy_pipeline to None, run_after=None
[2025-11-22T17:54:52.737+0000] {processor.py:183} INFO - Processing /opt/airflow/dags/deploy.py took 0.093 seconds
[2025-11-22T17:55:22.864+0000] {processor.py:161} INFO - Started process (PID=703) to work on /opt/airflow/dags/deploy.py
[2025-11-22T17:55:22.865+0000] {processor.py:830} INFO - Processing file /opt/airflow/dags/deploy.py for tasks to queue
[2025-11-22T17:55:22.866+0000] {logging_mixin.py:188} INFO - [2025-11-22T17:55:22.866+0000] {dagbag.py:538} INFO - Filling up the DagBag from /opt/airflow/dags/deploy.py
[2025-11-22T17:55:22.887+0000] {processor.py:840} INFO - DAG(s) 'deploy_pipeline' retrieved from /opt/airflow/dags/deploy.py
[2025-11-22T17:55:22.913+0000] {logging_mixin.py:188} INFO - [2025-11-22T17:55:22.913+0000] {dag.py:3036} INFO - Sync 1 DAGs
[2025-11-22T17:55:22.924+0000] {logging_mixin.py:188} INFO - [2025-11-22T17:55:22.924+0000] {dag.py:3823} INFO - Setting next_dagrun for deploy_pipeline to None, run_after=None
[2025-11-22T17:55:22.948+0000] {processor.py:183} INFO - Processing /opt/airflow/dags/deploy.py took 0.089 seconds
[2025-11-22T17:55:53.079+0000] {processor.py:161} INFO - Started process (PID=713) to work on /opt/airflow/dags/deploy.py
[2025-11-22T17:55:53.080+0000] {processor.py:830} INFO - Processing file /opt/airflow/dags/deploy.py for tasks to queue
[2025-11-22T17:55:53.081+0000] {logging_mixin.py:188} INFO - [2025-11-22T17:55:53.081+0000] {dagbag.py:538} INFO - Filling up the DagBag from /opt/airflow/dags/deploy.py
[2025-11-22T17:55:53.103+0000] {processor.py:840} INFO - DAG(s) 'deploy_pipeline' retrieved from /opt/airflow/dags/deploy.py
[2025-11-22T17:55:53.132+0000] {logging_mixin.py:188} INFO - [2025-11-22T17:55:53.132+0000] {dag.py:3036} INFO - Sync 1 DAGs
[2025-11-22T17:55:53.148+0000] {logging_mixin.py:188} INFO - [2025-11-22T17:55:53.148+0000] {dag.py:3823} INFO - Setting next_dagrun for deploy_pipeline to None, run_after=None
[2025-11-22T17:55:53.168+0000] {processor.py:183} INFO - Processing /opt/airflow/dags/deploy.py took 0.094 seconds
[2025-11-22T17:56:23.272+0000] {processor.py:161} INFO - Started process (PID=723) to work on /opt/airflow/dags/deploy.py
[2025-11-22T17:56:23.273+0000] {processor.py:830} INFO - Processing file /opt/airflow/dags/deploy.py for tasks to queue
[2025-11-22T17:56:23.274+0000] {logging_mixin.py:188} INFO - [2025-11-22T17:56:23.274+0000] {dagbag.py:538} INFO - Filling up the DagBag from /opt/airflow/dags/deploy.py
[2025-11-22T17:56:23.292+0000] {processor.py:840} INFO - DAG(s) 'deploy_pipeline' retrieved from /opt/airflow/dags/deploy.py
[2025-11-22T17:56:23.320+0000] {logging_mixin.py:188} INFO - [2025-11-22T17:56:23.319+0000] {dag.py:3036} INFO - Sync 1 DAGs
[2025-11-22T17:56:23.332+0000] {logging_mixin.py:188} INFO - [2025-11-22T17:56:23.332+0000] {dag.py:3823} INFO - Setting next_dagrun for deploy_pipeline to None, run_after=None
[2025-11-22T17:56:23.351+0000] {processor.py:183} INFO - Processing /opt/airflow/dags/deploy.py took 0.083 seconds
[2025-11-22T17:56:53.551+0000] {processor.py:161} INFO - Started process (PID=733) to work on /opt/airflow/dags/deploy.py
[2025-11-22T17:56:53.552+0000] {processor.py:830} INFO - Processing file /opt/airflow/dags/deploy.py for tasks to queue
[2025-11-22T17:56:53.553+0000] {logging_mixin.py:188} INFO - [2025-11-22T17:56:53.552+0000] {dagbag.py:538} INFO - Filling up the DagBag from /opt/airflow/dags/deploy.py
[2025-11-22T17:56:53.573+0000] {processor.py:840} INFO - DAG(s) 'deploy_pipeline' retrieved from /opt/airflow/dags/deploy.py
[2025-11-22T17:56:53.603+0000] {logging_mixin.py:188} INFO - [2025-11-22T17:56:53.603+0000] {dag.py:3036} INFO - Sync 1 DAGs
[2025-11-22T17:56:53.616+0000] {logging_mixin.py:188} INFO - [2025-11-22T17:56:53.616+0000] {dag.py:3823} INFO - Setting next_dagrun for deploy_pipeline to None, run_after=None
[2025-11-22T17:56:53.634+0000] {processor.py:183} INFO - Processing /opt/airflow/dags/deploy.py took 0.088 seconds
[2025-11-22T17:57:23.734+0000] {processor.py:161} INFO - Started process (PID=743) to work on /opt/airflow/dags/deploy.py
[2025-11-22T17:57:23.736+0000] {processor.py:830} INFO - Processing file /opt/airflow/dags/deploy.py for tasks to queue
[2025-11-22T17:57:23.737+0000] {logging_mixin.py:188} INFO - [2025-11-22T17:57:23.737+0000] {dagbag.py:538} INFO - Filling up the DagBag from /opt/airflow/dags/deploy.py
[2025-11-22T17:57:23.759+0000] {processor.py:840} INFO - DAG(s) 'deploy_pipeline' retrieved from /opt/airflow/dags/deploy.py
[2025-11-22T17:57:23.791+0000] {logging_mixin.py:188} INFO - [2025-11-22T17:57:23.790+0000] {dag.py:3036} INFO - Sync 1 DAGs
[2025-11-22T17:57:23.803+0000] {logging_mixin.py:188} INFO - [2025-11-22T17:57:23.802+0000] {dag.py:3823} INFO - Setting next_dagrun for deploy_pipeline to None, run_after=None
[2025-11-22T17:57:23.825+0000] {processor.py:183} INFO - Processing /opt/airflow/dags/deploy.py took 0.096 seconds
[2025-11-22T17:57:53.941+0000] {processor.py:161} INFO - Started process (PID=753) to work on /opt/airflow/dags/deploy.py
[2025-11-22T17:57:53.942+0000] {processor.py:830} INFO - Processing file /opt/airflow/dags/deploy.py for tasks to queue
[2025-11-22T17:57:53.943+0000] {logging_mixin.py:188} INFO - [2025-11-22T17:57:53.942+0000] {dagbag.py:538} INFO - Filling up the DagBag from /opt/airflow/dags/deploy.py
[2025-11-22T17:57:53.961+0000] {processor.py:840} INFO - DAG(s) 'deploy_pipeline' retrieved from /opt/airflow/dags/deploy.py
[2025-11-22T17:57:53.991+0000] {logging_mixin.py:188} INFO - [2025-11-22T17:57:53.990+0000] {dag.py:3036} INFO - Sync 1 DAGs
[2025-11-22T17:57:54.004+0000] {logging_mixin.py:188} INFO - [2025-11-22T17:57:54.004+0000] {dag.py:3823} INFO - Setting next_dagrun for deploy_pipeline to None, run_after=None
[2025-11-22T17:57:54.031+0000] {processor.py:183} INFO - Processing /opt/airflow/dags/deploy.py took 0.094 seconds
[2025-11-22T17:58:24.222+0000] {processor.py:161} INFO - Started process (PID=763) to work on /opt/airflow/dags/deploy.py
[2025-11-22T17:58:24.224+0000] {processor.py:830} INFO - Processing file /opt/airflow/dags/deploy.py for tasks to queue
[2025-11-22T17:58:24.226+0000] {logging_mixin.py:188} INFO - [2025-11-22T17:58:24.225+0000] {dagbag.py:538} INFO - Filling up the DagBag from /opt/airflow/dags/deploy.py
[2025-11-22T17:58:24.255+0000] {processor.py:840} INFO - DAG(s) 'deploy_pipeline' retrieved from /opt/airflow/dags/deploy.py
[2025-11-22T17:58:24.293+0000] {logging_mixin.py:188} INFO - [2025-11-22T17:58:24.293+0000] {dag.py:3036} INFO - Sync 1 DAGs
[2025-11-22T17:58:24.314+0000] {logging_mixin.py:188} INFO - [2025-11-22T17:58:24.313+0000] {dag.py:3823} INFO - Setting next_dagrun for deploy_pipeline to None, run_after=None
[2025-11-22T17:58:24.338+0000] {processor.py:183} INFO - Processing /opt/airflow/dags/deploy.py took 0.121 seconds
[2025-11-22T17:58:54.576+0000] {processor.py:161} INFO - Started process (PID=773) to work on /opt/airflow/dags/deploy.py
[2025-11-22T17:58:54.577+0000] {processor.py:830} INFO - Processing file /opt/airflow/dags/deploy.py for tasks to queue
[2025-11-22T17:58:54.578+0000] {logging_mixin.py:188} INFO - [2025-11-22T17:58:54.578+0000] {dagbag.py:538} INFO - Filling up the DagBag from /opt/airflow/dags/deploy.py
[2025-11-22T17:58:54.595+0000] {processor.py:840} INFO - DAG(s) 'deploy_pipeline' retrieved from /opt/airflow/dags/deploy.py
[2025-11-22T17:58:54.622+0000] {logging_mixin.py:188} INFO - [2025-11-22T17:58:54.622+0000] {dag.py:3036} INFO - Sync 1 DAGs
[2025-11-22T17:58:54.635+0000] {logging_mixin.py:188} INFO - [2025-11-22T17:58:54.634+0000] {dag.py:3823} INFO - Setting next_dagrun for deploy_pipeline to None, run_after=None
[2025-11-22T17:58:54.655+0000] {processor.py:183} INFO - Processing /opt/airflow/dags/deploy.py took 0.082 seconds
[2025-11-22T17:59:24.752+0000] {processor.py:161} INFO - Started process (PID=783) to work on /opt/airflow/dags/deploy.py
[2025-11-22T17:59:24.753+0000] {processor.py:830} INFO - Processing file /opt/airflow/dags/deploy.py for tasks to queue
[2025-11-22T17:59:24.754+0000] {logging_mixin.py:188} INFO - [2025-11-22T17:59:24.754+0000] {dagbag.py:538} INFO - Filling up the DagBag from /opt/airflow/dags/deploy.py
[2025-11-22T17:59:24.771+0000] {processor.py:840} INFO - DAG(s) 'deploy_pipeline' retrieved from /opt/airflow/dags/deploy.py
[2025-11-22T17:59:24.799+0000] {logging_mixin.py:188} INFO - [2025-11-22T17:59:24.799+0000] {dag.py:3036} INFO - Sync 1 DAGs
[2025-11-22T17:59:24.811+0000] {logging_mixin.py:188} INFO - [2025-11-22T17:59:24.811+0000] {dag.py:3823} INFO - Setting next_dagrun for deploy_pipeline to None, run_after=None
[2025-11-22T17:59:24.831+0000] {processor.py:183} INFO - Processing /opt/airflow/dags/deploy.py took 0.082 seconds
[2025-11-22T17:59:54.972+0000] {processor.py:161} INFO - Started process (PID=793) to work on /opt/airflow/dags/deploy.py
[2025-11-22T17:59:54.973+0000] {processor.py:830} INFO - Processing file /opt/airflow/dags/deploy.py for tasks to queue
[2025-11-22T17:59:54.974+0000] {logging_mixin.py:188} INFO - [2025-11-22T17:59:54.973+0000] {dagbag.py:538} INFO - Filling up the DagBag from /opt/airflow/dags/deploy.py
[2025-11-22T17:59:54.993+0000] {processor.py:840} INFO - DAG(s) 'deploy_pipeline' retrieved from /opt/airflow/dags/deploy.py
[2025-11-22T17:59:55.023+0000] {logging_mixin.py:188} INFO - [2025-11-22T17:59:55.022+0000] {dag.py:3036} INFO - Sync 1 DAGs
[2025-11-22T17:59:55.039+0000] {logging_mixin.py:188} INFO - [2025-11-22T17:59:55.039+0000] {dag.py:3823} INFO - Setting next_dagrun for deploy_pipeline to None, run_after=None
[2025-11-22T17:59:55.057+0000] {processor.py:183} INFO - Processing /opt/airflow/dags/deploy.py took 0.090 seconds
[2025-11-22T18:00:25.248+0000] {processor.py:161} INFO - Started process (PID=803) to work on /opt/airflow/dags/deploy.py
[2025-11-22T18:00:25.249+0000] {processor.py:830} INFO - Processing file /opt/airflow/dags/deploy.py for tasks to queue
[2025-11-22T18:00:25.250+0000] {logging_mixin.py:188} INFO - [2025-11-22T18:00:25.249+0000] {dagbag.py:538} INFO - Filling up the DagBag from /opt/airflow/dags/deploy.py
[2025-11-22T18:00:25.266+0000] {processor.py:840} INFO - DAG(s) 'deploy_pipeline' retrieved from /opt/airflow/dags/deploy.py
[2025-11-22T18:00:25.293+0000] {logging_mixin.py:188} INFO - [2025-11-22T18:00:25.292+0000] {dag.py:3036} INFO - Sync 1 DAGs
[2025-11-22T18:00:25.305+0000] {logging_mixin.py:188} INFO - [2025-11-22T18:00:25.305+0000] {dag.py:3823} INFO - Setting next_dagrun for deploy_pipeline to None, run_after=None
[2025-11-22T18:00:25.326+0000] {processor.py:183} INFO - Processing /opt/airflow/dags/deploy.py took 0.082 seconds
[2025-11-22T18:00:55.441+0000] {processor.py:161} INFO - Started process (PID=813) to work on /opt/airflow/dags/deploy.py
[2025-11-22T18:00:55.442+0000] {processor.py:830} INFO - Processing file /opt/airflow/dags/deploy.py for tasks to queue
[2025-11-22T18:00:55.443+0000] {logging_mixin.py:188} INFO - [2025-11-22T18:00:55.443+0000] {dagbag.py:538} INFO - Filling up the DagBag from /opt/airflow/dags/deploy.py
[2025-11-22T18:00:55.465+0000] {processor.py:840} INFO - DAG(s) 'deploy_pipeline' retrieved from /opt/airflow/dags/deploy.py
[2025-11-22T18:00:55.492+0000] {logging_mixin.py:188} INFO - [2025-11-22T18:00:55.492+0000] {dag.py:3036} INFO - Sync 1 DAGs
[2025-11-22T18:00:55.504+0000] {logging_mixin.py:188} INFO - [2025-11-22T18:00:55.503+0000] {dag.py:3823} INFO - Setting next_dagrun for deploy_pipeline to None, run_after=None
[2025-11-22T18:00:55.522+0000] {processor.py:183} INFO - Processing /opt/airflow/dags/deploy.py took 0.085 seconds
[2025-11-22T18:01:25.684+0000] {processor.py:161} INFO - Started process (PID=823) to work on /opt/airflow/dags/deploy.py
[2025-11-22T18:01:25.685+0000] {processor.py:830} INFO - Processing file /opt/airflow/dags/deploy.py for tasks to queue
[2025-11-22T18:01:25.686+0000] {logging_mixin.py:188} INFO - [2025-11-22T18:01:25.686+0000] {dagbag.py:538} INFO - Filling up the DagBag from /opt/airflow/dags/deploy.py
[2025-11-22T18:01:25.703+0000] {processor.py:840} INFO - DAG(s) 'deploy_pipeline' retrieved from /opt/airflow/dags/deploy.py
[2025-11-22T18:01:25.731+0000] {logging_mixin.py:188} INFO - [2025-11-22T18:01:25.730+0000] {dag.py:3036} INFO - Sync 1 DAGs
[2025-11-22T18:01:25.743+0000] {logging_mixin.py:188} INFO - [2025-11-22T18:01:25.743+0000] {dag.py:3823} INFO - Setting next_dagrun for deploy_pipeline to None, run_after=None
[2025-11-22T18:01:25.762+0000] {processor.py:183} INFO - Processing /opt/airflow/dags/deploy.py took 0.082 seconds
[2025-11-22T18:01:55.866+0000] {processor.py:161} INFO - Started process (PID=833) to work on /opt/airflow/dags/deploy.py
[2025-11-22T18:01:55.867+0000] {processor.py:830} INFO - Processing file /opt/airflow/dags/deploy.py for tasks to queue
[2025-11-22T18:01:55.868+0000] {logging_mixin.py:188} INFO - [2025-11-22T18:01:55.868+0000] {dagbag.py:538} INFO - Filling up the DagBag from /opt/airflow/dags/deploy.py
[2025-11-22T18:01:55.886+0000] {processor.py:840} INFO - DAG(s) 'deploy_pipeline' retrieved from /opt/airflow/dags/deploy.py
[2025-11-22T18:01:55.914+0000] {logging_mixin.py:188} INFO - [2025-11-22T18:01:55.914+0000] {dag.py:3036} INFO - Sync 1 DAGs
[2025-11-22T18:01:55.928+0000] {logging_mixin.py:188} INFO - [2025-11-22T18:01:55.928+0000] {dag.py:3823} INFO - Setting next_dagrun for deploy_pipeline to None, run_after=None
[2025-11-22T18:01:55.954+0000] {processor.py:183} INFO - Processing /opt/airflow/dags/deploy.py took 0.092 seconds
[2025-11-22T18:02:26.104+0000] {processor.py:161} INFO - Started process (PID=843) to work on /opt/airflow/dags/deploy.py
[2025-11-22T18:02:26.105+0000] {processor.py:830} INFO - Processing file /opt/airflow/dags/deploy.py for tasks to queue
[2025-11-22T18:02:26.107+0000] {logging_mixin.py:188} INFO - [2025-11-22T18:02:26.107+0000] {dagbag.py:538} INFO - Filling up the DagBag from /opt/airflow/dags/deploy.py
[2025-11-22T18:02:26.125+0000] {processor.py:840} INFO - DAG(s) 'deploy_pipeline' retrieved from /opt/airflow/dags/deploy.py
[2025-11-22T18:02:26.155+0000] {logging_mixin.py:188} INFO - [2025-11-22T18:02:26.155+0000] {dag.py:3036} INFO - Sync 1 DAGs
[2025-11-22T18:02:26.168+0000] {logging_mixin.py:188} INFO - [2025-11-22T18:02:26.167+0000] {dag.py:3823} INFO - Setting next_dagrun for deploy_pipeline to None, run_after=None
[2025-11-22T18:02:26.188+0000] {processor.py:183} INFO - Processing /opt/airflow/dags/deploy.py took 0.087 seconds
[2025-11-22T18:02:56.368+0000] {processor.py:161} INFO - Started process (PID=853) to work on /opt/airflow/dags/deploy.py
[2025-11-22T18:02:56.369+0000] {processor.py:830} INFO - Processing file /opt/airflow/dags/deploy.py for tasks to queue
[2025-11-22T18:02:56.370+0000] {logging_mixin.py:188} INFO - [2025-11-22T18:02:56.370+0000] {dagbag.py:538} INFO - Filling up the DagBag from /opt/airflow/dags/deploy.py
[2025-11-22T18:02:56.390+0000] {processor.py:840} INFO - DAG(s) 'deploy_pipeline' retrieved from /opt/airflow/dags/deploy.py
[2025-11-22T18:02:56.415+0000] {logging_mixin.py:188} INFO - [2025-11-22T18:02:56.415+0000] {dag.py:3036} INFO - Sync 1 DAGs
[2025-11-22T18:02:56.426+0000] {logging_mixin.py:188} INFO - [2025-11-22T18:02:56.426+0000] {dag.py:3823} INFO - Setting next_dagrun for deploy_pipeline to None, run_after=None
[2025-11-22T18:02:56.446+0000] {processor.py:183} INFO - Processing /opt/airflow/dags/deploy.py took 0.081 seconds
