[2025-11-22T17:29:49.231+0000] {processor.py:161} INFO - Started process (PID=207) to work on /opt/airflow/dags/train.py
[2025-11-22T17:29:49.233+0000] {processor.py:830} INFO - Processing file /opt/airflow/dags/train.py for tasks to queue
[2025-11-22T17:29:49.234+0000] {logging_mixin.py:188} INFO - [2025-11-22T17:29:49.234+0000] {dagbag.py:538} INFO - Filling up the DagBag from /opt/airflow/dags/train.py
[2025-11-22T17:29:49.262+0000] {processor.py:840} INFO - DAG(s) 'training_pipeline' retrieved from /opt/airflow/dags/train.py
[2025-11-22T17:29:49.411+0000] {logging_mixin.py:188} INFO - [2025-11-22T17:29:49.410+0000] {override.py:1769} INFO - Created Permission View: can delete on DAG:training_pipeline
[2025-11-22T17:29:49.421+0000] {logging_mixin.py:188} INFO - [2025-11-22T17:29:49.421+0000] {override.py:1769} INFO - Created Permission View: can read on DAG:training_pipeline
[2025-11-22T17:29:49.427+0000] {logging_mixin.py:188} INFO - [2025-11-22T17:29:49.426+0000] {override.py:1769} INFO - Created Permission View: can edit on DAG:training_pipeline
[2025-11-22T17:29:49.427+0000] {logging_mixin.py:188} INFO - [2025-11-22T17:29:49.427+0000] {dag.py:3036} INFO - Sync 1 DAGs
[2025-11-22T17:29:49.437+0000] {logging_mixin.py:188} INFO - [2025-11-22T17:29:49.436+0000] {dag.py:3058} INFO - Creating ORM DAG for training_pipeline
[2025-11-22T17:29:49.438+0000] {logging_mixin.py:188} INFO - [2025-11-22T17:29:49.437+0000] {dag.py:3823} INFO - Setting next_dagrun for training_pipeline to None, run_after=None
[2025-11-22T17:29:49.453+0000] {processor.py:183} INFO - Processing /opt/airflow/dags/train.py took 0.261 seconds
[2025-11-22T17:31:03.595+0000] {processor.py:161} INFO - Started process (PID=175) to work on /opt/airflow/dags/train.py
[2025-11-22T17:31:03.596+0000] {processor.py:830} INFO - Processing file /opt/airflow/dags/train.py for tasks to queue
[2025-11-22T17:31:03.597+0000] {logging_mixin.py:188} INFO - [2025-11-22T17:31:03.597+0000] {dagbag.py:538} INFO - Filling up the DagBag from /opt/airflow/dags/train.py
[2025-11-22T17:31:03.619+0000] {processor.py:840} INFO - DAG(s) 'training_pipeline' retrieved from /opt/airflow/dags/train.py
[2025-11-22T17:31:03.786+0000] {logging_mixin.py:188} INFO - [2025-11-22T17:31:03.785+0000] {override.py:1769} INFO - Created Permission View: can delete on DAG:training_pipeline
[2025-11-22T17:31:03.794+0000] {logging_mixin.py:188} INFO - [2025-11-22T17:31:03.794+0000] {override.py:1769} INFO - Created Permission View: can read on DAG:training_pipeline
[2025-11-22T17:31:03.800+0000] {logging_mixin.py:188} INFO - [2025-11-22T17:31:03.800+0000] {override.py:1769} INFO - Created Permission View: can edit on DAG:training_pipeline
[2025-11-22T17:31:03.800+0000] {logging_mixin.py:188} INFO - [2025-11-22T17:31:03.800+0000] {dag.py:3036} INFO - Sync 1 DAGs
[2025-11-22T17:31:03.809+0000] {logging_mixin.py:188} INFO - [2025-11-22T17:31:03.809+0000] {dag.py:3058} INFO - Creating ORM DAG for training_pipeline
[2025-11-22T17:31:03.810+0000] {logging_mixin.py:188} INFO - [2025-11-22T17:31:03.809+0000] {dag.py:3823} INFO - Setting next_dagrun for training_pipeline to None, run_after=None
[2025-11-22T17:31:03.824+0000] {processor.py:183} INFO - Processing /opt/airflow/dags/train.py took 0.233 seconds
[2025-11-22T17:31:34.048+0000] {processor.py:161} INFO - Started process (PID=185) to work on /opt/airflow/dags/train.py
[2025-11-22T17:31:34.050+0000] {processor.py:830} INFO - Processing file /opt/airflow/dags/train.py for tasks to queue
[2025-11-22T17:31:34.051+0000] {logging_mixin.py:188} INFO - [2025-11-22T17:31:34.051+0000] {dagbag.py:538} INFO - Filling up the DagBag from /opt/airflow/dags/train.py
[2025-11-22T17:31:34.073+0000] {processor.py:840} INFO - DAG(s) 'training_pipeline' retrieved from /opt/airflow/dags/train.py
[2025-11-22T17:31:34.101+0000] {logging_mixin.py:188} INFO - [2025-11-22T17:31:34.100+0000] {dag.py:3036} INFO - Sync 1 DAGs
[2025-11-22T17:31:34.113+0000] {logging_mixin.py:188} INFO - [2025-11-22T17:31:34.112+0000] {dag.py:3823} INFO - Setting next_dagrun for training_pipeline to None, run_after=None
[2025-11-22T17:31:34.137+0000] {processor.py:183} INFO - Processing /opt/airflow/dags/train.py took 0.095 seconds
[2025-11-22T17:32:04.359+0000] {processor.py:161} INFO - Started process (PID=233) to work on /opt/airflow/dags/train.py
[2025-11-22T17:32:04.361+0000] {processor.py:830} INFO - Processing file /opt/airflow/dags/train.py for tasks to queue
[2025-11-22T17:32:04.362+0000] {logging_mixin.py:188} INFO - [2025-11-22T17:32:04.361+0000] {dagbag.py:538} INFO - Filling up the DagBag from /opt/airflow/dags/train.py
[2025-11-22T17:32:04.384+0000] {processor.py:840} INFO - DAG(s) 'training_pipeline' retrieved from /opt/airflow/dags/train.py
[2025-11-22T17:32:04.416+0000] {logging_mixin.py:188} INFO - [2025-11-22T17:32:04.416+0000] {dag.py:3036} INFO - Sync 1 DAGs
[2025-11-22T17:32:04.429+0000] {logging_mixin.py:188} INFO - [2025-11-22T17:32:04.429+0000] {dag.py:3823} INFO - Setting next_dagrun for training_pipeline to None, run_after=None
[2025-11-22T17:32:04.449+0000] {processor.py:183} INFO - Processing /opt/airflow/dags/train.py took 0.094 seconds
[2025-11-22T17:33:41.278+0000] {processor.py:161} INFO - Started process (PID=175) to work on /opt/airflow/dags/train.py
[2025-11-22T17:33:41.279+0000] {processor.py:830} INFO - Processing file /opt/airflow/dags/train.py for tasks to queue
[2025-11-22T17:33:41.280+0000] {logging_mixin.py:188} INFO - [2025-11-22T17:33:41.280+0000] {dagbag.py:538} INFO - Filling up the DagBag from /opt/airflow/dags/train.py
[2025-11-22T17:33:41.305+0000] {processor.py:840} INFO - DAG(s) 'training_pipeline' retrieved from /opt/airflow/dags/train.py
[2025-11-22T17:33:41.477+0000] {logging_mixin.py:188} INFO - [2025-11-22T17:33:41.477+0000] {override.py:1769} INFO - Created Permission View: can delete on DAG:training_pipeline
[2025-11-22T17:33:41.486+0000] {logging_mixin.py:188} INFO - [2025-11-22T17:33:41.485+0000] {override.py:1769} INFO - Created Permission View: can read on DAG:training_pipeline
[2025-11-22T17:33:41.491+0000] {logging_mixin.py:188} INFO - [2025-11-22T17:33:41.491+0000] {override.py:1769} INFO - Created Permission View: can edit on DAG:training_pipeline
[2025-11-22T17:33:41.492+0000] {logging_mixin.py:188} INFO - [2025-11-22T17:33:41.492+0000] {dag.py:3036} INFO - Sync 1 DAGs
[2025-11-22T17:33:41.500+0000] {logging_mixin.py:188} INFO - [2025-11-22T17:33:41.500+0000] {dag.py:3058} INFO - Creating ORM DAG for training_pipeline
[2025-11-22T17:33:41.501+0000] {logging_mixin.py:188} INFO - [2025-11-22T17:33:41.501+0000] {dag.py:3823} INFO - Setting next_dagrun for training_pipeline to None, run_after=None
[2025-11-22T17:33:41.515+0000] {processor.py:183} INFO - Processing /opt/airflow/dags/train.py took 0.242 seconds
[2025-11-22T17:34:11.581+0000] {processor.py:161} INFO - Started process (PID=185) to work on /opt/airflow/dags/train.py
[2025-11-22T17:34:11.583+0000] {processor.py:830} INFO - Processing file /opt/airflow/dags/train.py for tasks to queue
[2025-11-22T17:34:11.584+0000] {logging_mixin.py:188} INFO - [2025-11-22T17:34:11.583+0000] {dagbag.py:538} INFO - Filling up the DagBag from /opt/airflow/dags/train.py
[2025-11-22T17:34:11.603+0000] {processor.py:840} INFO - DAG(s) 'training_pipeline' retrieved from /opt/airflow/dags/train.py
[2025-11-22T17:34:11.632+0000] {logging_mixin.py:188} INFO - [2025-11-22T17:34:11.631+0000] {dag.py:3036} INFO - Sync 1 DAGs
[2025-11-22T17:34:11.643+0000] {logging_mixin.py:188} INFO - [2025-11-22T17:34:11.643+0000] {dag.py:3823} INFO - Setting next_dagrun for training_pipeline to None, run_after=None
[2025-11-22T17:34:11.662+0000] {processor.py:183} INFO - Processing /opt/airflow/dags/train.py took 0.084 seconds
[2025-11-22T17:34:41.768+0000] {processor.py:161} INFO - Started process (PID=233) to work on /opt/airflow/dags/train.py
[2025-11-22T17:34:41.769+0000] {processor.py:830} INFO - Processing file /opt/airflow/dags/train.py for tasks to queue
[2025-11-22T17:34:41.771+0000] {logging_mixin.py:188} INFO - [2025-11-22T17:34:41.770+0000] {dagbag.py:538} INFO - Filling up the DagBag from /opt/airflow/dags/train.py
[2025-11-22T17:34:41.795+0000] {processor.py:840} INFO - DAG(s) 'training_pipeline' retrieved from /opt/airflow/dags/train.py
[2025-11-22T17:34:41.834+0000] {logging_mixin.py:188} INFO - [2025-11-22T17:34:41.834+0000] {dag.py:3036} INFO - Sync 1 DAGs
[2025-11-22T17:34:41.850+0000] {logging_mixin.py:188} INFO - [2025-11-22T17:34:41.850+0000] {dag.py:3823} INFO - Setting next_dagrun for training_pipeline to None, run_after=None
[2025-11-22T17:34:41.876+0000] {processor.py:183} INFO - Processing /opt/airflow/dags/train.py took 0.113 seconds
[2025-11-22T17:35:12.067+0000] {processor.py:161} INFO - Started process (PID=243) to work on /opt/airflow/dags/train.py
[2025-11-22T17:35:12.076+0000] {processor.py:830} INFO - Processing file /opt/airflow/dags/train.py for tasks to queue
[2025-11-22T17:35:12.077+0000] {logging_mixin.py:188} INFO - [2025-11-22T17:35:12.077+0000] {dagbag.py:538} INFO - Filling up the DagBag from /opt/airflow/dags/train.py
[2025-11-22T17:35:12.103+0000] {processor.py:840} INFO - DAG(s) 'training_pipeline' retrieved from /opt/airflow/dags/train.py
[2025-11-22T17:35:12.144+0000] {logging_mixin.py:188} INFO - [2025-11-22T17:35:12.144+0000] {dag.py:3036} INFO - Sync 1 DAGs
[2025-11-22T17:35:12.177+0000] {logging_mixin.py:188} INFO - [2025-11-22T17:35:12.177+0000] {dag.py:3823} INFO - Setting next_dagrun for training_pipeline to None, run_after=None
[2025-11-22T17:35:12.206+0000] {processor.py:183} INFO - Processing /opt/airflow/dags/train.py took 0.145 seconds
[2025-11-22T17:35:42.463+0000] {processor.py:161} INFO - Started process (PID=253) to work on /opt/airflow/dags/train.py
[2025-11-22T17:35:42.464+0000] {processor.py:830} INFO - Processing file /opt/airflow/dags/train.py for tasks to queue
[2025-11-22T17:35:42.465+0000] {logging_mixin.py:188} INFO - [2025-11-22T17:35:42.465+0000] {dagbag.py:538} INFO - Filling up the DagBag from /opt/airflow/dags/train.py
[2025-11-22T17:35:42.496+0000] {processor.py:840} INFO - DAG(s) 'training_pipeline' retrieved from /opt/airflow/dags/train.py
[2025-11-22T17:35:42.538+0000] {logging_mixin.py:188} INFO - [2025-11-22T17:35:42.537+0000] {dag.py:3036} INFO - Sync 1 DAGs
[2025-11-22T17:35:42.556+0000] {logging_mixin.py:188} INFO - [2025-11-22T17:35:42.556+0000] {dag.py:3823} INFO - Setting next_dagrun for training_pipeline to None, run_after=None
[2025-11-22T17:35:42.580+0000] {processor.py:183} INFO - Processing /opt/airflow/dags/train.py took 0.123 seconds
[2025-11-22T17:36:12.922+0000] {processor.py:161} INFO - Started process (PID=263) to work on /opt/airflow/dags/train.py
[2025-11-22T17:36:12.927+0000] {processor.py:830} INFO - Processing file /opt/airflow/dags/train.py for tasks to queue
[2025-11-22T17:36:12.929+0000] {logging_mixin.py:188} INFO - [2025-11-22T17:36:12.928+0000] {dagbag.py:538} INFO - Filling up the DagBag from /opt/airflow/dags/train.py
[2025-11-22T17:36:12.975+0000] {processor.py:840} INFO - DAG(s) 'training_pipeline' retrieved from /opt/airflow/dags/train.py
[2025-11-22T17:36:13.013+0000] {logging_mixin.py:188} INFO - [2025-11-22T17:36:13.013+0000] {dag.py:3036} INFO - Sync 1 DAGs
[2025-11-22T17:36:13.026+0000] {logging_mixin.py:188} INFO - [2025-11-22T17:36:13.026+0000] {dag.py:3823} INFO - Setting next_dagrun for training_pipeline to None, run_after=None
[2025-11-22T17:36:13.065+0000] {processor.py:183} INFO - Processing /opt/airflow/dags/train.py took 0.148 seconds
[2025-11-22T17:36:43.374+0000] {processor.py:161} INFO - Started process (PID=273) to work on /opt/airflow/dags/train.py
[2025-11-22T17:36:43.381+0000] {processor.py:830} INFO - Processing file /opt/airflow/dags/train.py for tasks to queue
[2025-11-22T17:36:43.389+0000] {logging_mixin.py:188} INFO - [2025-11-22T17:36:43.388+0000] {dagbag.py:538} INFO - Filling up the DagBag from /opt/airflow/dags/train.py
[2025-11-22T17:36:43.608+0000] {processor.py:840} INFO - DAG(s) 'training_pipeline' retrieved from /opt/airflow/dags/train.py
[2025-11-22T17:36:43.752+0000] {logging_mixin.py:188} INFO - [2025-11-22T17:36:43.751+0000] {dag.py:3036} INFO - Sync 1 DAGs
[2025-11-22T17:36:43.785+0000] {logging_mixin.py:188} INFO - [2025-11-22T17:36:43.785+0000] {dag.py:3823} INFO - Setting next_dagrun for training_pipeline to None, run_after=None
[2025-11-22T17:36:43.833+0000] {processor.py:183} INFO - Processing /opt/airflow/dags/train.py took 0.463 seconds
[2025-11-22T17:37:14.056+0000] {processor.py:161} INFO - Started process (PID=283) to work on /opt/airflow/dags/train.py
[2025-11-22T17:37:14.057+0000] {processor.py:830} INFO - Processing file /opt/airflow/dags/train.py for tasks to queue
[2025-11-22T17:37:14.058+0000] {logging_mixin.py:188} INFO - [2025-11-22T17:37:14.058+0000] {dagbag.py:538} INFO - Filling up the DagBag from /opt/airflow/dags/train.py
[2025-11-22T17:37:14.079+0000] {processor.py:840} INFO - DAG(s) 'training_pipeline' retrieved from /opt/airflow/dags/train.py
[2025-11-22T17:37:14.111+0000] {logging_mixin.py:188} INFO - [2025-11-22T17:37:14.111+0000] {dag.py:3036} INFO - Sync 1 DAGs
[2025-11-22T17:37:14.123+0000] {logging_mixin.py:188} INFO - [2025-11-22T17:37:14.123+0000] {dag.py:3823} INFO - Setting next_dagrun for training_pipeline to None, run_after=None
[2025-11-22T17:37:14.147+0000] {processor.py:183} INFO - Processing /opt/airflow/dags/train.py took 0.094 seconds
[2025-11-22T17:37:44.544+0000] {processor.py:161} INFO - Started process (PID=293) to work on /opt/airflow/dags/train.py
[2025-11-22T17:37:44.545+0000] {processor.py:830} INFO - Processing file /opt/airflow/dags/train.py for tasks to queue
[2025-11-22T17:37:44.546+0000] {logging_mixin.py:188} INFO - [2025-11-22T17:37:44.546+0000] {dagbag.py:538} INFO - Filling up the DagBag from /opt/airflow/dags/train.py
[2025-11-22T17:37:44.562+0000] {processor.py:840} INFO - DAG(s) 'training_pipeline' retrieved from /opt/airflow/dags/train.py
[2025-11-22T17:37:44.590+0000] {logging_mixin.py:188} INFO - [2025-11-22T17:37:44.590+0000] {dag.py:3036} INFO - Sync 1 DAGs
[2025-11-22T17:37:44.603+0000] {logging_mixin.py:188} INFO - [2025-11-22T17:37:44.603+0000] {dag.py:3823} INFO - Setting next_dagrun for training_pipeline to None, run_after=None
[2025-11-22T17:37:44.624+0000] {processor.py:183} INFO - Processing /opt/airflow/dags/train.py took 0.083 seconds
[2025-11-22T17:38:14.834+0000] {processor.py:161} INFO - Started process (PID=303) to work on /opt/airflow/dags/train.py
[2025-11-22T17:38:14.835+0000] {processor.py:830} INFO - Processing file /opt/airflow/dags/train.py for tasks to queue
[2025-11-22T17:38:14.836+0000] {logging_mixin.py:188} INFO - [2025-11-22T17:38:14.836+0000] {dagbag.py:538} INFO - Filling up the DagBag from /opt/airflow/dags/train.py
[2025-11-22T17:38:14.850+0000] {processor.py:840} INFO - DAG(s) 'training_pipeline' retrieved from /opt/airflow/dags/train.py
[2025-11-22T17:38:14.876+0000] {logging_mixin.py:188} INFO - [2025-11-22T17:38:14.875+0000] {dag.py:3036} INFO - Sync 1 DAGs
[2025-11-22T17:38:14.886+0000] {logging_mixin.py:188} INFO - [2025-11-22T17:38:14.886+0000] {dag.py:3823} INFO - Setting next_dagrun for training_pipeline to None, run_after=None
[2025-11-22T17:38:14.906+0000] {processor.py:183} INFO - Processing /opt/airflow/dags/train.py took 0.075 seconds
[2025-11-22T17:38:45.090+0000] {processor.py:161} INFO - Started process (PID=313) to work on /opt/airflow/dags/train.py
[2025-11-22T17:38:45.091+0000] {processor.py:830} INFO - Processing file /opt/airflow/dags/train.py for tasks to queue
[2025-11-22T17:38:45.092+0000] {logging_mixin.py:188} INFO - [2025-11-22T17:38:45.092+0000] {dagbag.py:538} INFO - Filling up the DagBag from /opt/airflow/dags/train.py
[2025-11-22T17:38:45.108+0000] {processor.py:840} INFO - DAG(s) 'training_pipeline' retrieved from /opt/airflow/dags/train.py
[2025-11-22T17:38:45.131+0000] {logging_mixin.py:188} INFO - [2025-11-22T17:38:45.131+0000] {dag.py:3036} INFO - Sync 1 DAGs
[2025-11-22T17:38:45.141+0000] {logging_mixin.py:188} INFO - [2025-11-22T17:38:45.141+0000] {dag.py:3823} INFO - Setting next_dagrun for training_pipeline to None, run_after=None
[2025-11-22T17:38:45.161+0000] {processor.py:183} INFO - Processing /opt/airflow/dags/train.py took 0.074 seconds
[2025-11-22T17:39:15.321+0000] {processor.py:161} INFO - Started process (PID=323) to work on /opt/airflow/dags/train.py
[2025-11-22T17:39:15.323+0000] {processor.py:830} INFO - Processing file /opt/airflow/dags/train.py for tasks to queue
[2025-11-22T17:39:15.323+0000] {logging_mixin.py:188} INFO - [2025-11-22T17:39:15.323+0000] {dagbag.py:538} INFO - Filling up the DagBag from /opt/airflow/dags/train.py
[2025-11-22T17:39:15.341+0000] {processor.py:840} INFO - DAG(s) 'training_pipeline' retrieved from /opt/airflow/dags/train.py
[2025-11-22T17:39:15.366+0000] {logging_mixin.py:188} INFO - [2025-11-22T17:39:15.365+0000] {dag.py:3036} INFO - Sync 1 DAGs
[2025-11-22T17:39:15.375+0000] {logging_mixin.py:188} INFO - [2025-11-22T17:39:15.375+0000] {dag.py:3823} INFO - Setting next_dagrun for training_pipeline to None, run_after=None
[2025-11-22T17:39:15.401+0000] {processor.py:183} INFO - Processing /opt/airflow/dags/train.py took 0.084 seconds
[2025-11-22T17:39:45.552+0000] {processor.py:161} INFO - Started process (PID=333) to work on /opt/airflow/dags/train.py
[2025-11-22T17:39:45.554+0000] {processor.py:830} INFO - Processing file /opt/airflow/dags/train.py for tasks to queue
[2025-11-22T17:39:45.555+0000] {logging_mixin.py:188} INFO - [2025-11-22T17:39:45.554+0000] {dagbag.py:538} INFO - Filling up the DagBag from /opt/airflow/dags/train.py
[2025-11-22T17:39:45.570+0000] {processor.py:840} INFO - DAG(s) 'training_pipeline' retrieved from /opt/airflow/dags/train.py
[2025-11-22T17:39:45.600+0000] {logging_mixin.py:188} INFO - [2025-11-22T17:39:45.600+0000] {dag.py:3036} INFO - Sync 1 DAGs
[2025-11-22T17:39:45.612+0000] {logging_mixin.py:188} INFO - [2025-11-22T17:39:45.611+0000] {dag.py:3823} INFO - Setting next_dagrun for training_pipeline to None, run_after=None
[2025-11-22T17:39:45.634+0000] {processor.py:183} INFO - Processing /opt/airflow/dags/train.py took 0.085 seconds
[2025-11-22T17:40:15.768+0000] {processor.py:161} INFO - Started process (PID=345) to work on /opt/airflow/dags/train.py
[2025-11-22T17:40:15.770+0000] {processor.py:830} INFO - Processing file /opt/airflow/dags/train.py for tasks to queue
[2025-11-22T17:40:15.771+0000] {logging_mixin.py:188} INFO - [2025-11-22T17:40:15.770+0000] {dagbag.py:538} INFO - Filling up the DagBag from /opt/airflow/dags/train.py
[2025-11-22T17:40:15.797+0000] {processor.py:840} INFO - DAG(s) 'training_pipeline' retrieved from /opt/airflow/dags/train.py
[2025-11-22T17:40:15.838+0000] {logging_mixin.py:188} INFO - [2025-11-22T17:40:15.838+0000] {dag.py:3036} INFO - Sync 1 DAGs
[2025-11-22T17:40:15.851+0000] {logging_mixin.py:188} INFO - [2025-11-22T17:40:15.851+0000] {dag.py:3823} INFO - Setting next_dagrun for training_pipeline to None, run_after=None
[2025-11-22T17:40:15.872+0000] {processor.py:183} INFO - Processing /opt/airflow/dags/train.py took 0.110 seconds
[2025-11-22T17:40:46.097+0000] {processor.py:161} INFO - Started process (PID=355) to work on /opt/airflow/dags/train.py
[2025-11-22T17:40:46.098+0000] {processor.py:830} INFO - Processing file /opt/airflow/dags/train.py for tasks to queue
[2025-11-22T17:40:46.099+0000] {logging_mixin.py:188} INFO - [2025-11-22T17:40:46.099+0000] {dagbag.py:538} INFO - Filling up the DagBag from /opt/airflow/dags/train.py
[2025-11-22T17:40:46.119+0000] {processor.py:840} INFO - DAG(s) 'training_pipeline' retrieved from /opt/airflow/dags/train.py
[2025-11-22T17:40:46.150+0000] {logging_mixin.py:188} INFO - [2025-11-22T17:40:46.150+0000] {dag.py:3036} INFO - Sync 1 DAGs
[2025-11-22T17:40:46.163+0000] {logging_mixin.py:188} INFO - [2025-11-22T17:40:46.163+0000] {dag.py:3823} INFO - Setting next_dagrun for training_pipeline to None, run_after=None
[2025-11-22T17:40:46.191+0000] {processor.py:183} INFO - Processing /opt/airflow/dags/train.py took 0.098 seconds
[2025-11-22T17:41:16.338+0000] {processor.py:161} INFO - Started process (PID=365) to work on /opt/airflow/dags/train.py
[2025-11-22T17:41:16.340+0000] {processor.py:830} INFO - Processing file /opt/airflow/dags/train.py for tasks to queue
[2025-11-22T17:41:16.341+0000] {logging_mixin.py:188} INFO - [2025-11-22T17:41:16.340+0000] {dagbag.py:538} INFO - Filling up the DagBag from /opt/airflow/dags/train.py
[2025-11-22T17:41:16.357+0000] {processor.py:840} INFO - DAG(s) 'training_pipeline' retrieved from /opt/airflow/dags/train.py
[2025-11-22T17:41:16.381+0000] {logging_mixin.py:188} INFO - [2025-11-22T17:41:16.381+0000] {dag.py:3036} INFO - Sync 1 DAGs
[2025-11-22T17:41:16.392+0000] {logging_mixin.py:188} INFO - [2025-11-22T17:41:16.392+0000] {dag.py:3823} INFO - Setting next_dagrun for training_pipeline to None, run_after=None
[2025-11-22T17:41:16.423+0000] {processor.py:183} INFO - Processing /opt/airflow/dags/train.py took 0.089 seconds
[2025-11-22T17:41:46.664+0000] {processor.py:161} INFO - Started process (PID=430) to work on /opt/airflow/dags/train.py
[2025-11-22T17:41:46.667+0000] {processor.py:830} INFO - Processing file /opt/airflow/dags/train.py for tasks to queue
[2025-11-22T17:41:46.669+0000] {logging_mixin.py:188} INFO - [2025-11-22T17:41:46.669+0000] {dagbag.py:538} INFO - Filling up the DagBag from /opt/airflow/dags/train.py
[2025-11-22T17:41:46.707+0000] {processor.py:840} INFO - DAG(s) 'training_pipeline' retrieved from /opt/airflow/dags/train.py
[2025-11-22T17:41:46.762+0000] {logging_mixin.py:188} INFO - [2025-11-22T17:41:46.762+0000] {dag.py:3036} INFO - Sync 1 DAGs
[2025-11-22T17:41:46.787+0000] {logging_mixin.py:188} INFO - [2025-11-22T17:41:46.787+0000] {dag.py:3823} INFO - Setting next_dagrun for training_pipeline to None, run_after=None
[2025-11-22T17:41:46.819+0000] {processor.py:183} INFO - Processing /opt/airflow/dags/train.py took 0.162 seconds
[2025-11-22T17:42:17.106+0000] {processor.py:161} INFO - Started process (PID=440) to work on /opt/airflow/dags/train.py
[2025-11-22T17:42:17.107+0000] {processor.py:830} INFO - Processing file /opt/airflow/dags/train.py for tasks to queue
[2025-11-22T17:42:17.108+0000] {logging_mixin.py:188} INFO - [2025-11-22T17:42:17.108+0000] {dagbag.py:538} INFO - Filling up the DagBag from /opt/airflow/dags/train.py
[2025-11-22T17:42:17.126+0000] {processor.py:840} INFO - DAG(s) 'training_pipeline' retrieved from /opt/airflow/dags/train.py
[2025-11-22T17:42:17.155+0000] {logging_mixin.py:188} INFO - [2025-11-22T17:42:17.155+0000] {dag.py:3036} INFO - Sync 1 DAGs
[2025-11-22T17:42:17.167+0000] {logging_mixin.py:188} INFO - [2025-11-22T17:42:17.167+0000] {dag.py:3823} INFO - Setting next_dagrun for training_pipeline to None, run_after=None
[2025-11-22T17:42:17.191+0000] {processor.py:183} INFO - Processing /opt/airflow/dags/train.py took 0.089 seconds
[2025-11-22T17:42:47.321+0000] {processor.py:161} INFO - Started process (PID=450) to work on /opt/airflow/dags/train.py
[2025-11-22T17:42:47.322+0000] {processor.py:830} INFO - Processing file /opt/airflow/dags/train.py for tasks to queue
[2025-11-22T17:42:47.323+0000] {logging_mixin.py:188} INFO - [2025-11-22T17:42:47.323+0000] {dagbag.py:538} INFO - Filling up the DagBag from /opt/airflow/dags/train.py
[2025-11-22T17:42:47.342+0000] {processor.py:840} INFO - DAG(s) 'training_pipeline' retrieved from /opt/airflow/dags/train.py
[2025-11-22T17:42:47.371+0000] {logging_mixin.py:188} INFO - [2025-11-22T17:42:47.371+0000] {dag.py:3036} INFO - Sync 1 DAGs
[2025-11-22T17:42:47.383+0000] {logging_mixin.py:188} INFO - [2025-11-22T17:42:47.382+0000] {dag.py:3823} INFO - Setting next_dagrun for training_pipeline to None, run_after=None
[2025-11-22T17:42:47.407+0000] {processor.py:183} INFO - Processing /opt/airflow/dags/train.py took 0.090 seconds
[2025-11-22T17:43:17.520+0000] {processor.py:161} INFO - Started process (PID=460) to work on /opt/airflow/dags/train.py
[2025-11-22T17:43:17.521+0000] {processor.py:830} INFO - Processing file /opt/airflow/dags/train.py for tasks to queue
[2025-11-22T17:43:17.523+0000] {logging_mixin.py:188} INFO - [2025-11-22T17:43:17.522+0000] {dagbag.py:538} INFO - Filling up the DagBag from /opt/airflow/dags/train.py
[2025-11-22T17:43:17.540+0000] {processor.py:840} INFO - DAG(s) 'training_pipeline' retrieved from /opt/airflow/dags/train.py
[2025-11-22T17:43:17.572+0000] {logging_mixin.py:188} INFO - [2025-11-22T17:43:17.571+0000] {dag.py:3036} INFO - Sync 1 DAGs
[2025-11-22T17:43:17.585+0000] {logging_mixin.py:188} INFO - [2025-11-22T17:43:17.584+0000] {dag.py:3823} INFO - Setting next_dagrun for training_pipeline to None, run_after=None
[2025-11-22T17:43:17.607+0000] {processor.py:183} INFO - Processing /opt/airflow/dags/train.py took 0.090 seconds
[2025-11-22T17:43:47.761+0000] {processor.py:161} INFO - Started process (PID=470) to work on /opt/airflow/dags/train.py
[2025-11-22T17:43:47.762+0000] {processor.py:830} INFO - Processing file /opt/airflow/dags/train.py for tasks to queue
[2025-11-22T17:43:47.763+0000] {logging_mixin.py:188} INFO - [2025-11-22T17:43:47.763+0000] {dagbag.py:538} INFO - Filling up the DagBag from /opt/airflow/dags/train.py
[2025-11-22T17:43:47.779+0000] {processor.py:840} INFO - DAG(s) 'training_pipeline' retrieved from /opt/airflow/dags/train.py
[2025-11-22T17:43:47.809+0000] {logging_mixin.py:188} INFO - [2025-11-22T17:43:47.809+0000] {dag.py:3036} INFO - Sync 1 DAGs
[2025-11-22T17:43:47.822+0000] {logging_mixin.py:188} INFO - [2025-11-22T17:43:47.822+0000] {dag.py:3823} INFO - Setting next_dagrun for training_pipeline to None, run_after=None
[2025-11-22T17:43:47.848+0000] {processor.py:183} INFO - Processing /opt/airflow/dags/train.py took 0.090 seconds
[2025-11-22T17:44:17.942+0000] {processor.py:161} INFO - Started process (PID=480) to work on /opt/airflow/dags/train.py
[2025-11-22T17:44:17.943+0000] {processor.py:830} INFO - Processing file /opt/airflow/dags/train.py for tasks to queue
[2025-11-22T17:44:17.944+0000] {logging_mixin.py:188} INFO - [2025-11-22T17:44:17.944+0000] {dagbag.py:538} INFO - Filling up the DagBag from /opt/airflow/dags/train.py
[2025-11-22T17:44:17.964+0000] {processor.py:840} INFO - DAG(s) 'training_pipeline' retrieved from /opt/airflow/dags/train.py
[2025-11-22T17:44:17.995+0000] {logging_mixin.py:188} INFO - [2025-11-22T17:44:17.995+0000] {dag.py:3036} INFO - Sync 1 DAGs
[2025-11-22T17:44:18.010+0000] {logging_mixin.py:188} INFO - [2025-11-22T17:44:18.010+0000] {dag.py:3823} INFO - Setting next_dagrun for training_pipeline to None, run_after=None
[2025-11-22T17:44:18.031+0000] {processor.py:183} INFO - Processing /opt/airflow/dags/train.py took 0.092 seconds
[2025-11-22T17:44:48.146+0000] {processor.py:161} INFO - Started process (PID=490) to work on /opt/airflow/dags/train.py
[2025-11-22T17:44:48.147+0000] {processor.py:830} INFO - Processing file /opt/airflow/dags/train.py for tasks to queue
[2025-11-22T17:44:48.148+0000] {logging_mixin.py:188} INFO - [2025-11-22T17:44:48.148+0000] {dagbag.py:538} INFO - Filling up the DagBag from /opt/airflow/dags/train.py
[2025-11-22T17:44:48.170+0000] {processor.py:840} INFO - DAG(s) 'training_pipeline' retrieved from /opt/airflow/dags/train.py
[2025-11-22T17:44:48.199+0000] {logging_mixin.py:188} INFO - [2025-11-22T17:44:48.198+0000] {dag.py:3036} INFO - Sync 1 DAGs
[2025-11-22T17:44:48.210+0000] {logging_mixin.py:188} INFO - [2025-11-22T17:44:48.209+0000] {dag.py:3823} INFO - Setting next_dagrun for training_pipeline to None, run_after=None
[2025-11-22T17:44:48.232+0000] {processor.py:183} INFO - Processing /opt/airflow/dags/train.py took 0.091 seconds
[2025-11-22T17:45:18.368+0000] {processor.py:161} INFO - Started process (PID=500) to work on /opt/airflow/dags/train.py
[2025-11-22T17:45:18.369+0000] {processor.py:830} INFO - Processing file /opt/airflow/dags/train.py for tasks to queue
[2025-11-22T17:45:18.370+0000] {logging_mixin.py:188} INFO - [2025-11-22T17:45:18.370+0000] {dagbag.py:538} INFO - Filling up the DagBag from /opt/airflow/dags/train.py
[2025-11-22T17:45:18.391+0000] {processor.py:840} INFO - DAG(s) 'training_pipeline' retrieved from /opt/airflow/dags/train.py
[2025-11-22T17:45:18.423+0000] {logging_mixin.py:188} INFO - [2025-11-22T17:45:18.423+0000] {dag.py:3036} INFO - Sync 1 DAGs
[2025-11-22T17:45:18.435+0000] {logging_mixin.py:188} INFO - [2025-11-22T17:45:18.435+0000] {dag.py:3823} INFO - Setting next_dagrun for training_pipeline to None, run_after=None
[2025-11-22T17:45:18.458+0000] {processor.py:183} INFO - Processing /opt/airflow/dags/train.py took 0.094 seconds
[2025-11-22T17:45:48.667+0000] {processor.py:161} INFO - Started process (PID=510) to work on /opt/airflow/dags/train.py
[2025-11-22T17:45:48.668+0000] {processor.py:830} INFO - Processing file /opt/airflow/dags/train.py for tasks to queue
[2025-11-22T17:45:48.670+0000] {logging_mixin.py:188} INFO - [2025-11-22T17:45:48.669+0000] {dagbag.py:538} INFO - Filling up the DagBag from /opt/airflow/dags/train.py
[2025-11-22T17:45:48.693+0000] {processor.py:840} INFO - DAG(s) 'training_pipeline' retrieved from /opt/airflow/dags/train.py
[2025-11-22T17:45:48.722+0000] {logging_mixin.py:188} INFO - [2025-11-22T17:45:48.721+0000] {dag.py:3036} INFO - Sync 1 DAGs
[2025-11-22T17:45:48.733+0000] {logging_mixin.py:188} INFO - [2025-11-22T17:45:48.733+0000] {dag.py:3823} INFO - Setting next_dagrun for training_pipeline to None, run_after=None
[2025-11-22T17:45:48.756+0000] {processor.py:183} INFO - Processing /opt/airflow/dags/train.py took 0.092 seconds
[2025-11-22T17:46:18.836+0000] {processor.py:161} INFO - Started process (PID=520) to work on /opt/airflow/dags/train.py
[2025-11-22T17:46:18.837+0000] {processor.py:830} INFO - Processing file /opt/airflow/dags/train.py for tasks to queue
[2025-11-22T17:46:18.838+0000] {logging_mixin.py:188} INFO - [2025-11-22T17:46:18.837+0000] {dagbag.py:538} INFO - Filling up the DagBag from /opt/airflow/dags/train.py
[2025-11-22T17:46:18.853+0000] {processor.py:840} INFO - DAG(s) 'training_pipeline' retrieved from /opt/airflow/dags/train.py
[2025-11-22T17:46:18.878+0000] {logging_mixin.py:188} INFO - [2025-11-22T17:46:18.878+0000] {dag.py:3036} INFO - Sync 1 DAGs
[2025-11-22T17:46:18.890+0000] {logging_mixin.py:188} INFO - [2025-11-22T17:46:18.890+0000] {dag.py:3823} INFO - Setting next_dagrun for training_pipeline to None, run_after=None
[2025-11-22T17:46:18.915+0000] {processor.py:183} INFO - Processing /opt/airflow/dags/train.py took 0.083 seconds
[2025-11-22T17:46:49.071+0000] {processor.py:161} INFO - Started process (PID=530) to work on /opt/airflow/dags/train.py
[2025-11-22T17:46:49.071+0000] {processor.py:830} INFO - Processing file /opt/airflow/dags/train.py for tasks to queue
[2025-11-22T17:46:49.072+0000] {logging_mixin.py:188} INFO - [2025-11-22T17:46:49.072+0000] {dagbag.py:538} INFO - Filling up the DagBag from /opt/airflow/dags/train.py
[2025-11-22T17:46:49.088+0000] {processor.py:840} INFO - DAG(s) 'training_pipeline' retrieved from /opt/airflow/dags/train.py
[2025-11-22T17:46:49.114+0000] {logging_mixin.py:188} INFO - [2025-11-22T17:46:49.114+0000] {dag.py:3036} INFO - Sync 1 DAGs
[2025-11-22T17:46:49.125+0000] {logging_mixin.py:188} INFO - [2025-11-22T17:46:49.125+0000] {dag.py:3823} INFO - Setting next_dagrun for training_pipeline to None, run_after=None
[2025-11-22T17:46:49.146+0000] {processor.py:183} INFO - Processing /opt/airflow/dags/train.py took 0.079 seconds
[2025-11-22T17:47:19.247+0000] {processor.py:161} INFO - Started process (PID=540) to work on /opt/airflow/dags/train.py
[2025-11-22T17:47:19.248+0000] {processor.py:830} INFO - Processing file /opt/airflow/dags/train.py for tasks to queue
[2025-11-22T17:47:19.250+0000] {logging_mixin.py:188} INFO - [2025-11-22T17:47:19.249+0000] {dagbag.py:538} INFO - Filling up the DagBag from /opt/airflow/dags/train.py
[2025-11-22T17:47:19.267+0000] {processor.py:840} INFO - DAG(s) 'training_pipeline' retrieved from /opt/airflow/dags/train.py
[2025-11-22T17:47:19.292+0000] {logging_mixin.py:188} INFO - [2025-11-22T17:47:19.292+0000] {dag.py:3036} INFO - Sync 1 DAGs
[2025-11-22T17:47:19.302+0000] {logging_mixin.py:188} INFO - [2025-11-22T17:47:19.302+0000] {dag.py:3823} INFO - Setting next_dagrun for training_pipeline to None, run_after=None
[2025-11-22T17:47:19.319+0000] {processor.py:183} INFO - Processing /opt/airflow/dags/train.py took 0.075 seconds
[2025-11-22T17:47:49.540+0000] {processor.py:161} INFO - Started process (PID=550) to work on /opt/airflow/dags/train.py
[2025-11-22T17:47:49.542+0000] {processor.py:830} INFO - Processing file /opt/airflow/dags/train.py for tasks to queue
[2025-11-22T17:47:49.543+0000] {logging_mixin.py:188} INFO - [2025-11-22T17:47:49.542+0000] {dagbag.py:538} INFO - Filling up the DagBag from /opt/airflow/dags/train.py
[2025-11-22T17:47:49.563+0000] {processor.py:840} INFO - DAG(s) 'training_pipeline' retrieved from /opt/airflow/dags/train.py
[2025-11-22T17:47:49.589+0000] {logging_mixin.py:188} INFO - [2025-11-22T17:47:49.589+0000] {dag.py:3036} INFO - Sync 1 DAGs
[2025-11-22T17:47:49.602+0000] {logging_mixin.py:188} INFO - [2025-11-22T17:47:49.601+0000] {dag.py:3823} INFO - Setting next_dagrun for training_pipeline to None, run_after=None
[2025-11-22T17:47:49.622+0000] {processor.py:183} INFO - Processing /opt/airflow/dags/train.py took 0.085 seconds
[2025-11-22T17:48:19.735+0000] {processor.py:161} INFO - Started process (PID=560) to work on /opt/airflow/dags/train.py
[2025-11-22T17:48:19.736+0000] {processor.py:830} INFO - Processing file /opt/airflow/dags/train.py for tasks to queue
[2025-11-22T17:48:19.737+0000] {logging_mixin.py:188} INFO - [2025-11-22T17:48:19.737+0000] {dagbag.py:538} INFO - Filling up the DagBag from /opt/airflow/dags/train.py
[2025-11-22T17:48:19.755+0000] {processor.py:840} INFO - DAG(s) 'training_pipeline' retrieved from /opt/airflow/dags/train.py
[2025-11-22T17:48:19.784+0000] {logging_mixin.py:188} INFO - [2025-11-22T17:48:19.783+0000] {dag.py:3036} INFO - Sync 1 DAGs
[2025-11-22T17:48:19.796+0000] {logging_mixin.py:188} INFO - [2025-11-22T17:48:19.795+0000] {dag.py:3823} INFO - Setting next_dagrun for training_pipeline to None, run_after=None
[2025-11-22T17:48:19.816+0000] {processor.py:183} INFO - Processing /opt/airflow/dags/train.py took 0.084 seconds
[2025-11-22T17:48:50.052+0000] {processor.py:161} INFO - Started process (PID=570) to work on /opt/airflow/dags/train.py
[2025-11-22T17:48:50.052+0000] {processor.py:830} INFO - Processing file /opt/airflow/dags/train.py for tasks to queue
[2025-11-22T17:48:50.054+0000] {logging_mixin.py:188} INFO - [2025-11-22T17:48:50.053+0000] {dagbag.py:538} INFO - Filling up the DagBag from /opt/airflow/dags/train.py
[2025-11-22T17:48:50.070+0000] {processor.py:840} INFO - DAG(s) 'training_pipeline' retrieved from /opt/airflow/dags/train.py
[2025-11-22T17:48:50.093+0000] {logging_mixin.py:188} INFO - [2025-11-22T17:48:50.093+0000] {dag.py:3036} INFO - Sync 1 DAGs
[2025-11-22T17:48:50.104+0000] {logging_mixin.py:188} INFO - [2025-11-22T17:48:50.104+0000] {dag.py:3823} INFO - Setting next_dagrun for training_pipeline to None, run_after=None
[2025-11-22T17:48:50.134+0000] {processor.py:183} INFO - Processing /opt/airflow/dags/train.py took 0.086 seconds
[2025-11-22T17:49:20.217+0000] {processor.py:161} INFO - Started process (PID=580) to work on /opt/airflow/dags/train.py
[2025-11-22T17:49:20.218+0000] {processor.py:830} INFO - Processing file /opt/airflow/dags/train.py for tasks to queue
[2025-11-22T17:49:20.219+0000] {logging_mixin.py:188} INFO - [2025-11-22T17:49:20.219+0000] {dagbag.py:538} INFO - Filling up the DagBag from /opt/airflow/dags/train.py
[2025-11-22T17:49:20.242+0000] {processor.py:840} INFO - DAG(s) 'training_pipeline' retrieved from /opt/airflow/dags/train.py
[2025-11-22T17:49:20.272+0000] {logging_mixin.py:188} INFO - [2025-11-22T17:49:20.272+0000] {dag.py:3036} INFO - Sync 1 DAGs
[2025-11-22T17:49:20.289+0000] {logging_mixin.py:188} INFO - [2025-11-22T17:49:20.289+0000] {dag.py:3823} INFO - Setting next_dagrun for training_pipeline to None, run_after=None
[2025-11-22T17:49:20.308+0000] {processor.py:183} INFO - Processing /opt/airflow/dags/train.py took 0.096 seconds
[2025-11-22T17:49:50.417+0000] {processor.py:161} INFO - Started process (PID=590) to work on /opt/airflow/dags/train.py
[2025-11-22T17:49:50.418+0000] {processor.py:830} INFO - Processing file /opt/airflow/dags/train.py for tasks to queue
[2025-11-22T17:49:50.420+0000] {logging_mixin.py:188} INFO - [2025-11-22T17:49:50.419+0000] {dagbag.py:538} INFO - Filling up the DagBag from /opt/airflow/dags/train.py
[2025-11-22T17:49:50.447+0000] {processor.py:840} INFO - DAG(s) 'training_pipeline' retrieved from /opt/airflow/dags/train.py
[2025-11-22T17:49:50.520+0000] {logging_mixin.py:188} INFO - [2025-11-22T17:49:50.519+0000] {dag.py:3036} INFO - Sync 1 DAGs
[2025-11-22T17:49:50.537+0000] {logging_mixin.py:188} INFO - [2025-11-22T17:49:50.537+0000] {dag.py:3823} INFO - Setting next_dagrun for training_pipeline to None, run_after=None
[2025-11-22T17:49:50.560+0000] {processor.py:183} INFO - Processing /opt/airflow/dags/train.py took 0.148 seconds
[2025-11-22T17:50:20.715+0000] {processor.py:161} INFO - Started process (PID=600) to work on /opt/airflow/dags/train.py
[2025-11-22T17:50:20.717+0000] {processor.py:830} INFO - Processing file /opt/airflow/dags/train.py for tasks to queue
[2025-11-22T17:50:20.718+0000] {logging_mixin.py:188} INFO - [2025-11-22T17:50:20.717+0000] {dagbag.py:538} INFO - Filling up the DagBag from /opt/airflow/dags/train.py
[2025-11-22T17:50:20.734+0000] {processor.py:840} INFO - DAG(s) 'training_pipeline' retrieved from /opt/airflow/dags/train.py
[2025-11-22T17:50:20.762+0000] {logging_mixin.py:188} INFO - [2025-11-22T17:50:20.761+0000] {dag.py:3036} INFO - Sync 1 DAGs
[2025-11-22T17:50:20.774+0000] {logging_mixin.py:188} INFO - [2025-11-22T17:50:20.774+0000] {dag.py:3823} INFO - Setting next_dagrun for training_pipeline to None, run_after=None
[2025-11-22T17:50:20.801+0000] {processor.py:183} INFO - Processing /opt/airflow/dags/train.py took 0.089 seconds
[2025-11-22T17:50:50.898+0000] {processor.py:161} INFO - Started process (PID=610) to work on /opt/airflow/dags/train.py
[2025-11-22T17:50:50.900+0000] {processor.py:830} INFO - Processing file /opt/airflow/dags/train.py for tasks to queue
[2025-11-22T17:50:50.901+0000] {logging_mixin.py:188} INFO - [2025-11-22T17:50:50.900+0000] {dagbag.py:538} INFO - Filling up the DagBag from /opt/airflow/dags/train.py
[2025-11-22T17:50:50.917+0000] {processor.py:840} INFO - DAG(s) 'training_pipeline' retrieved from /opt/airflow/dags/train.py
[2025-11-22T17:50:50.943+0000] {logging_mixin.py:188} INFO - [2025-11-22T17:50:50.943+0000] {dag.py:3036} INFO - Sync 1 DAGs
[2025-11-22T17:50:50.954+0000] {logging_mixin.py:188} INFO - [2025-11-22T17:50:50.954+0000] {dag.py:3823} INFO - Setting next_dagrun for training_pipeline to None, run_after=None
[2025-11-22T17:50:50.983+0000] {processor.py:183} INFO - Processing /opt/airflow/dags/train.py took 0.089 seconds
[2025-11-22T17:51:21.130+0000] {processor.py:161} INFO - Started process (PID=620) to work on /opt/airflow/dags/train.py
[2025-11-22T17:51:21.131+0000] {processor.py:830} INFO - Processing file /opt/airflow/dags/train.py for tasks to queue
[2025-11-22T17:51:21.132+0000] {logging_mixin.py:188} INFO - [2025-11-22T17:51:21.132+0000] {dagbag.py:538} INFO - Filling up the DagBag from /opt/airflow/dags/train.py
[2025-11-22T17:51:21.149+0000] {processor.py:840} INFO - DAG(s) 'training_pipeline' retrieved from /opt/airflow/dags/train.py
[2025-11-22T17:51:21.175+0000] {logging_mixin.py:188} INFO - [2025-11-22T17:51:21.175+0000] {dag.py:3036} INFO - Sync 1 DAGs
[2025-11-22T17:51:21.187+0000] {logging_mixin.py:188} INFO - [2025-11-22T17:51:21.186+0000] {dag.py:3823} INFO - Setting next_dagrun for training_pipeline to None, run_after=None
[2025-11-22T17:51:21.212+0000] {processor.py:183} INFO - Processing /opt/airflow/dags/train.py took 0.085 seconds
[2025-11-22T17:51:51.331+0000] {processor.py:161} INFO - Started process (PID=630) to work on /opt/airflow/dags/train.py
[2025-11-22T17:51:51.332+0000] {processor.py:830} INFO - Processing file /opt/airflow/dags/train.py for tasks to queue
[2025-11-22T17:51:51.333+0000] {logging_mixin.py:188} INFO - [2025-11-22T17:51:51.332+0000] {dagbag.py:538} INFO - Filling up the DagBag from /opt/airflow/dags/train.py
[2025-11-22T17:51:51.352+0000] {processor.py:840} INFO - DAG(s) 'training_pipeline' retrieved from /opt/airflow/dags/train.py
[2025-11-22T17:51:51.384+0000] {logging_mixin.py:188} INFO - [2025-11-22T17:51:51.383+0000] {dag.py:3036} INFO - Sync 1 DAGs
[2025-11-22T17:51:51.399+0000] {logging_mixin.py:188} INFO - [2025-11-22T17:51:51.399+0000] {dag.py:3823} INFO - Setting next_dagrun for training_pipeline to None, run_after=None
[2025-11-22T17:51:51.435+0000] {processor.py:183} INFO - Processing /opt/airflow/dags/train.py took 0.108 seconds
[2025-11-22T17:52:21.509+0000] {processor.py:161} INFO - Started process (PID=640) to work on /opt/airflow/dags/train.py
[2025-11-22T17:52:21.510+0000] {processor.py:830} INFO - Processing file /opt/airflow/dags/train.py for tasks to queue
[2025-11-22T17:52:21.511+0000] {logging_mixin.py:188} INFO - [2025-11-22T17:52:21.511+0000] {dagbag.py:538} INFO - Filling up the DagBag from /opt/airflow/dags/train.py
[2025-11-22T17:52:21.530+0000] {processor.py:840} INFO - DAG(s) 'training_pipeline' retrieved from /opt/airflow/dags/train.py
[2025-11-22T17:52:21.561+0000] {logging_mixin.py:188} INFO - [2025-11-22T17:52:21.561+0000] {dag.py:3036} INFO - Sync 1 DAGs
[2025-11-22T17:52:21.574+0000] {logging_mixin.py:188} INFO - [2025-11-22T17:52:21.574+0000] {dag.py:3823} INFO - Setting next_dagrun for training_pipeline to None, run_after=None
[2025-11-22T17:52:21.598+0000] {processor.py:183} INFO - Processing /opt/airflow/dags/train.py took 0.095 seconds
[2025-11-22T17:52:51.738+0000] {processor.py:161} INFO - Started process (PID=650) to work on /opt/airflow/dags/train.py
[2025-11-22T17:52:51.739+0000] {processor.py:830} INFO - Processing file /opt/airflow/dags/train.py for tasks to queue
[2025-11-22T17:52:51.741+0000] {logging_mixin.py:188} INFO - [2025-11-22T17:52:51.740+0000] {dagbag.py:538} INFO - Filling up the DagBag from /opt/airflow/dags/train.py
[2025-11-22T17:52:51.760+0000] {processor.py:840} INFO - DAG(s) 'training_pipeline' retrieved from /opt/airflow/dags/train.py
[2025-11-22T17:52:51.787+0000] {logging_mixin.py:188} INFO - [2025-11-22T17:52:51.787+0000] {dag.py:3036} INFO - Sync 1 DAGs
[2025-11-22T17:52:51.799+0000] {logging_mixin.py:188} INFO - [2025-11-22T17:52:51.799+0000] {dag.py:3823} INFO - Setting next_dagrun for training_pipeline to None, run_after=None
[2025-11-22T17:52:51.822+0000] {processor.py:183} INFO - Processing /opt/airflow/dags/train.py took 0.088 seconds
[2025-11-22T17:53:21.919+0000] {processor.py:161} INFO - Started process (PID=660) to work on /opt/airflow/dags/train.py
[2025-11-22T17:53:21.922+0000] {processor.py:830} INFO - Processing file /opt/airflow/dags/train.py for tasks to queue
[2025-11-22T17:53:21.924+0000] {logging_mixin.py:188} INFO - [2025-11-22T17:53:21.924+0000] {dagbag.py:538} INFO - Filling up the DagBag from /opt/airflow/dags/train.py
[2025-11-22T17:53:21.944+0000] {processor.py:840} INFO - DAG(s) 'training_pipeline' retrieved from /opt/airflow/dags/train.py
[2025-11-22T17:53:21.978+0000] {logging_mixin.py:188} INFO - [2025-11-22T17:53:21.977+0000] {dag.py:3036} INFO - Sync 1 DAGs
[2025-11-22T17:53:21.990+0000] {logging_mixin.py:188} INFO - [2025-11-22T17:53:21.990+0000] {dag.py:3823} INFO - Setting next_dagrun for training_pipeline to None, run_after=None
[2025-11-22T17:53:22.022+0000] {processor.py:183} INFO - Processing /opt/airflow/dags/train.py took 0.107 seconds
[2025-11-22T17:53:52.261+0000] {processor.py:161} INFO - Started process (PID=670) to work on /opt/airflow/dags/train.py
[2025-11-22T17:53:52.262+0000] {processor.py:830} INFO - Processing file /opt/airflow/dags/train.py for tasks to queue
[2025-11-22T17:53:52.263+0000] {logging_mixin.py:188} INFO - [2025-11-22T17:53:52.263+0000] {dagbag.py:538} INFO - Filling up the DagBag from /opt/airflow/dags/train.py
[2025-11-22T17:53:52.281+0000] {processor.py:840} INFO - DAG(s) 'training_pipeline' retrieved from /opt/airflow/dags/train.py
[2025-11-22T17:53:52.310+0000] {logging_mixin.py:188} INFO - [2025-11-22T17:53:52.310+0000] {dag.py:3036} INFO - Sync 1 DAGs
[2025-11-22T17:53:52.321+0000] {logging_mixin.py:188} INFO - [2025-11-22T17:53:52.321+0000] {dag.py:3823} INFO - Setting next_dagrun for training_pipeline to None, run_after=None
[2025-11-22T17:53:52.339+0000] {processor.py:183} INFO - Processing /opt/airflow/dags/train.py took 0.082 seconds
[2025-11-22T17:54:22.425+0000] {processor.py:161} INFO - Started process (PID=680) to work on /opt/airflow/dags/train.py
[2025-11-22T17:54:22.428+0000] {processor.py:830} INFO - Processing file /opt/airflow/dags/train.py for tasks to queue
[2025-11-22T17:54:22.429+0000] {logging_mixin.py:188} INFO - [2025-11-22T17:54:22.429+0000] {dagbag.py:538} INFO - Filling up the DagBag from /opt/airflow/dags/train.py
[2025-11-22T17:54:22.453+0000] {processor.py:840} INFO - DAG(s) 'training_pipeline' retrieved from /opt/airflow/dags/train.py
[2025-11-22T17:54:22.486+0000] {logging_mixin.py:188} INFO - [2025-11-22T17:54:22.486+0000] {dag.py:3036} INFO - Sync 1 DAGs
[2025-11-22T17:54:22.503+0000] {logging_mixin.py:188} INFO - [2025-11-22T17:54:22.502+0000] {dag.py:3823} INFO - Setting next_dagrun for training_pipeline to None, run_after=None
[2025-11-22T17:54:22.534+0000] {processor.py:183} INFO - Processing /opt/airflow/dags/train.py took 0.114 seconds
[2025-11-22T17:54:52.642+0000] {processor.py:161} INFO - Started process (PID=690) to work on /opt/airflow/dags/train.py
[2025-11-22T17:54:52.643+0000] {processor.py:830} INFO - Processing file /opt/airflow/dags/train.py for tasks to queue
[2025-11-22T17:54:52.644+0000] {logging_mixin.py:188} INFO - [2025-11-22T17:54:52.643+0000] {dagbag.py:538} INFO - Filling up the DagBag from /opt/airflow/dags/train.py
[2025-11-22T17:54:52.664+0000] {processor.py:840} INFO - DAG(s) 'training_pipeline' retrieved from /opt/airflow/dags/train.py
[2025-11-22T17:54:52.693+0000] {logging_mixin.py:188} INFO - [2025-11-22T17:54:52.693+0000] {dag.py:3036} INFO - Sync 1 DAGs
[2025-11-22T17:54:52.707+0000] {logging_mixin.py:188} INFO - [2025-11-22T17:54:52.706+0000] {dag.py:3823} INFO - Setting next_dagrun for training_pipeline to None, run_after=None
[2025-11-22T17:54:52.738+0000] {processor.py:183} INFO - Processing /opt/airflow/dags/train.py took 0.101 seconds
[2025-11-22T17:55:22.856+0000] {processor.py:161} INFO - Started process (PID=700) to work on /opt/airflow/dags/train.py
[2025-11-22T17:55:22.858+0000] {processor.py:830} INFO - Processing file /opt/airflow/dags/train.py for tasks to queue
[2025-11-22T17:55:22.859+0000] {logging_mixin.py:188} INFO - [2025-11-22T17:55:22.858+0000] {dagbag.py:538} INFO - Filling up the DagBag from /opt/airflow/dags/train.py
[2025-11-22T17:55:22.882+0000] {processor.py:840} INFO - DAG(s) 'training_pipeline' retrieved from /opt/airflow/dags/train.py
[2025-11-22T17:55:22.910+0000] {logging_mixin.py:188} INFO - [2025-11-22T17:55:22.910+0000] {dag.py:3036} INFO - Sync 1 DAGs
[2025-11-22T17:55:22.923+0000] {logging_mixin.py:188} INFO - [2025-11-22T17:55:22.922+0000] {dag.py:3823} INFO - Setting next_dagrun for training_pipeline to None, run_after=None
[2025-11-22T17:55:22.947+0000] {processor.py:183} INFO - Processing /opt/airflow/dags/train.py took 0.096 seconds
[2025-11-22T17:55:53.069+0000] {processor.py:161} INFO - Started process (PID=710) to work on /opt/airflow/dags/train.py
[2025-11-22T17:55:53.071+0000] {processor.py:830} INFO - Processing file /opt/airflow/dags/train.py for tasks to queue
[2025-11-22T17:55:53.072+0000] {logging_mixin.py:188} INFO - [2025-11-22T17:55:53.071+0000] {dagbag.py:538} INFO - Filling up the DagBag from /opt/airflow/dags/train.py
[2025-11-22T17:55:53.093+0000] {processor.py:840} INFO - DAG(s) 'training_pipeline' retrieved from /opt/airflow/dags/train.py
[2025-11-22T17:55:53.124+0000] {logging_mixin.py:188} INFO - [2025-11-22T17:55:53.124+0000] {dag.py:3036} INFO - Sync 1 DAGs
[2025-11-22T17:55:53.136+0000] {logging_mixin.py:188} INFO - [2025-11-22T17:55:53.136+0000] {dag.py:3823} INFO - Setting next_dagrun for training_pipeline to None, run_after=None
[2025-11-22T17:55:53.168+0000] {processor.py:183} INFO - Processing /opt/airflow/dags/train.py took 0.103 seconds
[2025-11-22T17:56:23.263+0000] {processor.py:161} INFO - Started process (PID=720) to work on /opt/airflow/dags/train.py
[2025-11-22T17:56:23.265+0000] {processor.py:830} INFO - Processing file /opt/airflow/dags/train.py for tasks to queue
[2025-11-22T17:56:23.266+0000] {logging_mixin.py:188} INFO - [2025-11-22T17:56:23.266+0000] {dagbag.py:538} INFO - Filling up the DagBag from /opt/airflow/dags/train.py
[2025-11-22T17:56:23.286+0000] {processor.py:840} INFO - DAG(s) 'training_pipeline' retrieved from /opt/airflow/dags/train.py
[2025-11-22T17:56:23.316+0000] {logging_mixin.py:188} INFO - [2025-11-22T17:56:23.316+0000] {dag.py:3036} INFO - Sync 1 DAGs
[2025-11-22T17:56:23.328+0000] {logging_mixin.py:188} INFO - [2025-11-22T17:56:23.328+0000] {dag.py:3823} INFO - Setting next_dagrun for training_pipeline to None, run_after=None
[2025-11-22T17:56:23.349+0000] {processor.py:183} INFO - Processing /opt/airflow/dags/train.py took 0.091 seconds
[2025-11-22T17:56:53.545+0000] {processor.py:161} INFO - Started process (PID=730) to work on /opt/airflow/dags/train.py
[2025-11-22T17:56:53.546+0000] {processor.py:830} INFO - Processing file /opt/airflow/dags/train.py for tasks to queue
[2025-11-22T17:56:53.547+0000] {logging_mixin.py:188} INFO - [2025-11-22T17:56:53.547+0000] {dagbag.py:538} INFO - Filling up the DagBag from /opt/airflow/dags/train.py
[2025-11-22T17:56:53.567+0000] {processor.py:840} INFO - DAG(s) 'training_pipeline' retrieved from /opt/airflow/dags/train.py
[2025-11-22T17:56:53.600+0000] {logging_mixin.py:188} INFO - [2025-11-22T17:56:53.600+0000] {dag.py:3036} INFO - Sync 1 DAGs
[2025-11-22T17:56:53.614+0000] {logging_mixin.py:188} INFO - [2025-11-22T17:56:53.613+0000] {dag.py:3823} INFO - Setting next_dagrun for training_pipeline to None, run_after=None
[2025-11-22T17:56:53.634+0000] {processor.py:183} INFO - Processing /opt/airflow/dags/train.py took 0.094 seconds
[2025-11-22T17:57:23.726+0000] {processor.py:161} INFO - Started process (PID=740) to work on /opt/airflow/dags/train.py
[2025-11-22T17:57:23.728+0000] {processor.py:830} INFO - Processing file /opt/airflow/dags/train.py for tasks to queue
[2025-11-22T17:57:23.729+0000] {logging_mixin.py:188} INFO - [2025-11-22T17:57:23.729+0000] {dagbag.py:538} INFO - Filling up the DagBag from /opt/airflow/dags/train.py
[2025-11-22T17:57:23.755+0000] {processor.py:840} INFO - DAG(s) 'training_pipeline' retrieved from /opt/airflow/dags/train.py
[2025-11-22T17:57:23.791+0000] {logging_mixin.py:188} INFO - [2025-11-22T17:57:23.790+0000] {dag.py:3036} INFO - Sync 1 DAGs
[2025-11-22T17:57:23.802+0000] {logging_mixin.py:188} INFO - [2025-11-22T17:57:23.802+0000] {dag.py:3823} INFO - Setting next_dagrun for training_pipeline to None, run_after=None
[2025-11-22T17:57:23.825+0000] {processor.py:183} INFO - Processing /opt/airflow/dags/train.py took 0.105 seconds
[2025-11-22T17:57:53.937+0000] {processor.py:161} INFO - Started process (PID=750) to work on /opt/airflow/dags/train.py
[2025-11-22T17:57:53.939+0000] {processor.py:830} INFO - Processing file /opt/airflow/dags/train.py for tasks to queue
[2025-11-22T17:57:53.940+0000] {logging_mixin.py:188} INFO - [2025-11-22T17:57:53.939+0000] {dagbag.py:538} INFO - Filling up the DagBag from /opt/airflow/dags/train.py
[2025-11-22T17:57:53.959+0000] {processor.py:840} INFO - DAG(s) 'training_pipeline' retrieved from /opt/airflow/dags/train.py
[2025-11-22T17:57:53.991+0000] {logging_mixin.py:188} INFO - [2025-11-22T17:57:53.991+0000] {dag.py:3036} INFO - Sync 1 DAGs
[2025-11-22T17:57:54.004+0000] {logging_mixin.py:188} INFO - [2025-11-22T17:57:54.004+0000] {dag.py:3823} INFO - Setting next_dagrun for training_pipeline to None, run_after=None
[2025-11-22T17:57:54.043+0000] {processor.py:183} INFO - Processing /opt/airflow/dags/train.py took 0.109 seconds
[2025-11-22T17:58:24.196+0000] {processor.py:161} INFO - Started process (PID=760) to work on /opt/airflow/dags/train.py
[2025-11-22T17:58:24.198+0000] {processor.py:830} INFO - Processing file /opt/airflow/dags/train.py for tasks to queue
[2025-11-22T17:58:24.202+0000] {logging_mixin.py:188} INFO - [2025-11-22T17:58:24.201+0000] {dagbag.py:538} INFO - Filling up the DagBag from /opt/airflow/dags/train.py
[2025-11-22T17:58:24.241+0000] {processor.py:840} INFO - DAG(s) 'training_pipeline' retrieved from /opt/airflow/dags/train.py
[2025-11-22T17:58:24.283+0000] {logging_mixin.py:188} INFO - [2025-11-22T17:58:24.282+0000] {dag.py:3036} INFO - Sync 1 DAGs
[2025-11-22T17:58:24.302+0000] {logging_mixin.py:188} INFO - [2025-11-22T17:58:24.302+0000] {dag.py:3823} INFO - Setting next_dagrun for training_pipeline to None, run_after=None
[2025-11-22T17:58:24.330+0000] {processor.py:183} INFO - Processing /opt/airflow/dags/train.py took 0.142 seconds
[2025-11-22T17:58:54.566+0000] {processor.py:161} INFO - Started process (PID=770) to work on /opt/airflow/dags/train.py
[2025-11-22T17:58:54.568+0000] {processor.py:830} INFO - Processing file /opt/airflow/dags/train.py for tasks to queue
[2025-11-22T17:58:54.570+0000] {logging_mixin.py:188} INFO - [2025-11-22T17:58:54.569+0000] {dagbag.py:538} INFO - Filling up the DagBag from /opt/airflow/dags/train.py
[2025-11-22T17:58:54.591+0000] {processor.py:840} INFO - DAG(s) 'training_pipeline' retrieved from /opt/airflow/dags/train.py
[2025-11-22T17:58:54.625+0000] {logging_mixin.py:188} INFO - [2025-11-22T17:58:54.624+0000] {dag.py:3036} INFO - Sync 1 DAGs
[2025-11-22T17:58:54.636+0000] {logging_mixin.py:188} INFO - [2025-11-22T17:58:54.636+0000] {dag.py:3823} INFO - Setting next_dagrun for training_pipeline to None, run_after=None
[2025-11-22T17:58:54.655+0000] {processor.py:183} INFO - Processing /opt/airflow/dags/train.py took 0.094 seconds
[2025-11-22T17:59:24.743+0000] {processor.py:161} INFO - Started process (PID=780) to work on /opt/airflow/dags/train.py
[2025-11-22T17:59:24.744+0000] {processor.py:830} INFO - Processing file /opt/airflow/dags/train.py for tasks to queue
[2025-11-22T17:59:24.745+0000] {logging_mixin.py:188} INFO - [2025-11-22T17:59:24.745+0000] {dagbag.py:538} INFO - Filling up the DagBag from /opt/airflow/dags/train.py
[2025-11-22T17:59:24.766+0000] {processor.py:840} INFO - DAG(s) 'training_pipeline' retrieved from /opt/airflow/dags/train.py
[2025-11-22T17:59:24.796+0000] {logging_mixin.py:188} INFO - [2025-11-22T17:59:24.796+0000] {dag.py:3036} INFO - Sync 1 DAGs
[2025-11-22T17:59:24.808+0000] {logging_mixin.py:188} INFO - [2025-11-22T17:59:24.808+0000] {dag.py:3823} INFO - Setting next_dagrun for training_pipeline to None, run_after=None
[2025-11-22T17:59:24.833+0000] {processor.py:183} INFO - Processing /opt/airflow/dags/train.py took 0.094 seconds
[2025-11-22T17:59:54.960+0000] {processor.py:161} INFO - Started process (PID=790) to work on /opt/airflow/dags/train.py
[2025-11-22T17:59:54.962+0000] {processor.py:830} INFO - Processing file /opt/airflow/dags/train.py for tasks to queue
[2025-11-22T17:59:54.964+0000] {logging_mixin.py:188} INFO - [2025-11-22T17:59:54.963+0000] {dagbag.py:538} INFO - Filling up the DagBag from /opt/airflow/dags/train.py
[2025-11-22T17:59:54.988+0000] {processor.py:840} INFO - DAG(s) 'training_pipeline' retrieved from /opt/airflow/dags/train.py
[2025-11-22T17:59:55.019+0000] {logging_mixin.py:188} INFO - [2025-11-22T17:59:55.018+0000] {dag.py:3036} INFO - Sync 1 DAGs
[2025-11-22T17:59:55.031+0000] {logging_mixin.py:188} INFO - [2025-11-22T17:59:55.030+0000] {dag.py:3823} INFO - Setting next_dagrun for training_pipeline to None, run_after=None
[2025-11-22T17:59:55.052+0000] {processor.py:183} INFO - Processing /opt/airflow/dags/train.py took 0.097 seconds
[2025-11-22T18:00:25.243+0000] {processor.py:161} INFO - Started process (PID=800) to work on /opt/airflow/dags/train.py
[2025-11-22T18:00:25.245+0000] {processor.py:830} INFO - Processing file /opt/airflow/dags/train.py for tasks to queue
[2025-11-22T18:00:25.246+0000] {logging_mixin.py:188} INFO - [2025-11-22T18:00:25.246+0000] {dagbag.py:538} INFO - Filling up the DagBag from /opt/airflow/dags/train.py
[2025-11-22T18:00:25.266+0000] {processor.py:840} INFO - DAG(s) 'training_pipeline' retrieved from /opt/airflow/dags/train.py
[2025-11-22T18:00:25.293+0000] {logging_mixin.py:188} INFO - [2025-11-22T18:00:25.292+0000] {dag.py:3036} INFO - Sync 1 DAGs
[2025-11-22T18:00:25.305+0000] {logging_mixin.py:188} INFO - [2025-11-22T18:00:25.305+0000] {dag.py:3823} INFO - Setting next_dagrun for training_pipeline to None, run_after=None
[2025-11-22T18:00:25.326+0000] {processor.py:183} INFO - Processing /opt/airflow/dags/train.py took 0.088 seconds
[2025-11-22T18:00:55.430+0000] {processor.py:161} INFO - Started process (PID=810) to work on /opt/airflow/dags/train.py
[2025-11-22T18:00:55.431+0000] {processor.py:830} INFO - Processing file /opt/airflow/dags/train.py for tasks to queue
[2025-11-22T18:00:55.434+0000] {logging_mixin.py:188} INFO - [2025-11-22T18:00:55.433+0000] {dagbag.py:538} INFO - Filling up the DagBag from /opt/airflow/dags/train.py
[2025-11-22T18:00:55.455+0000] {processor.py:840} INFO - DAG(s) 'training_pipeline' retrieved from /opt/airflow/dags/train.py
[2025-11-22T18:00:55.485+0000] {logging_mixin.py:188} INFO - [2025-11-22T18:00:55.485+0000] {dag.py:3036} INFO - Sync 1 DAGs
[2025-11-22T18:00:55.497+0000] {logging_mixin.py:188} INFO - [2025-11-22T18:00:55.497+0000] {dag.py:3823} INFO - Setting next_dagrun for training_pipeline to None, run_after=None
[2025-11-22T18:00:55.519+0000] {processor.py:183} INFO - Processing /opt/airflow/dags/train.py took 0.094 seconds
[2025-11-22T18:01:25.679+0000] {processor.py:161} INFO - Started process (PID=820) to work on /opt/airflow/dags/train.py
[2025-11-22T18:01:25.680+0000] {processor.py:830} INFO - Processing file /opt/airflow/dags/train.py for tasks to queue
[2025-11-22T18:01:25.682+0000] {logging_mixin.py:188} INFO - [2025-11-22T18:01:25.681+0000] {dagbag.py:538} INFO - Filling up the DagBag from /opt/airflow/dags/train.py
[2025-11-22T18:01:25.700+0000] {processor.py:840} INFO - DAG(s) 'training_pipeline' retrieved from /opt/airflow/dags/train.py
[2025-11-22T18:01:25.730+0000] {logging_mixin.py:188} INFO - [2025-11-22T18:01:25.730+0000] {dag.py:3036} INFO - Sync 1 DAGs
[2025-11-22T18:01:25.744+0000] {logging_mixin.py:188} INFO - [2025-11-22T18:01:25.743+0000] {dag.py:3823} INFO - Setting next_dagrun for training_pipeline to None, run_after=None
[2025-11-22T18:01:25.765+0000] {processor.py:183} INFO - Processing /opt/airflow/dags/train.py took 0.089 seconds
[2025-11-22T18:01:55.858+0000] {processor.py:161} INFO - Started process (PID=830) to work on /opt/airflow/dags/train.py
[2025-11-22T18:01:55.859+0000] {processor.py:830} INFO - Processing file /opt/airflow/dags/train.py for tasks to queue
[2025-11-22T18:01:55.860+0000] {logging_mixin.py:188} INFO - [2025-11-22T18:01:55.860+0000] {dagbag.py:538} INFO - Filling up the DagBag from /opt/airflow/dags/train.py
[2025-11-22T18:01:55.884+0000] {processor.py:840} INFO - DAG(s) 'training_pipeline' retrieved from /opt/airflow/dags/train.py
[2025-11-22T18:01:55.914+0000] {logging_mixin.py:188} INFO - [2025-11-22T18:01:55.914+0000] {dag.py:3036} INFO - Sync 1 DAGs
[2025-11-22T18:01:55.926+0000] {logging_mixin.py:188} INFO - [2025-11-22T18:01:55.926+0000] {dag.py:3823} INFO - Setting next_dagrun for training_pipeline to None, run_after=None
[2025-11-22T18:01:55.954+0000] {processor.py:183} INFO - Processing /opt/airflow/dags/train.py took 0.100 seconds
[2025-11-22T18:02:26.096+0000] {processor.py:161} INFO - Started process (PID=840) to work on /opt/airflow/dags/train.py
[2025-11-22T18:02:26.097+0000] {processor.py:830} INFO - Processing file /opt/airflow/dags/train.py for tasks to queue
[2025-11-22T18:02:26.098+0000] {logging_mixin.py:188} INFO - [2025-11-22T18:02:26.098+0000] {dagbag.py:538} INFO - Filling up the DagBag from /opt/airflow/dags/train.py
[2025-11-22T18:02:26.116+0000] {processor.py:840} INFO - DAG(s) 'training_pipeline' retrieved from /opt/airflow/dags/train.py
[2025-11-22T18:02:26.149+0000] {logging_mixin.py:188} INFO - [2025-11-22T18:02:26.148+0000] {dag.py:3036} INFO - Sync 1 DAGs
[2025-11-22T18:02:26.161+0000] {logging_mixin.py:188} INFO - [2025-11-22T18:02:26.160+0000] {dag.py:3823} INFO - Setting next_dagrun for training_pipeline to None, run_after=None
[2025-11-22T18:02:26.181+0000] {processor.py:183} INFO - Processing /opt/airflow/dags/train.py took 0.089 seconds
[2025-11-22T18:02:56.361+0000] {processor.py:161} INFO - Started process (PID=850) to work on /opt/airflow/dags/train.py
[2025-11-22T18:02:56.363+0000] {processor.py:830} INFO - Processing file /opt/airflow/dags/train.py for tasks to queue
[2025-11-22T18:02:56.364+0000] {logging_mixin.py:188} INFO - [2025-11-22T18:02:56.363+0000] {dagbag.py:538} INFO - Filling up the DagBag from /opt/airflow/dags/train.py
[2025-11-22T18:02:56.385+0000] {processor.py:840} INFO - DAG(s) 'training_pipeline' retrieved from /opt/airflow/dags/train.py
[2025-11-22T18:02:56.413+0000] {logging_mixin.py:188} INFO - [2025-11-22T18:02:56.413+0000] {dag.py:3036} INFO - Sync 1 DAGs
[2025-11-22T18:02:56.424+0000] {logging_mixin.py:188} INFO - [2025-11-22T18:02:56.424+0000] {dag.py:3823} INFO - Setting next_dagrun for training_pipeline to None, run_after=None
[2025-11-22T18:02:56.445+0000] {processor.py:183} INFO - Processing /opt/airflow/dags/train.py took 0.088 seconds
