[2025-11-22T17:34:15.562+0000] {taskinstance.py:1956} INFO - Dependencies all met for dep_context=non-requeueable deps ti=<TaskInstance: training_pipeline.stop_model_service manual__2025-11-22T17:34:14.806147+00:00 [queued]>
[2025-11-22T17:34:15.569+0000] {taskinstance.py:1956} INFO - Dependencies all met for dep_context=requeueable deps ti=<TaskInstance: training_pipeline.stop_model_service manual__2025-11-22T17:34:14.806147+00:00 [queued]>
[2025-11-22T17:34:15.569+0000] {taskinstance.py:2170} INFO - Starting attempt 1 of 1
[2025-11-22T17:34:15.584+0000] {taskinstance.py:2191} INFO - Executing <Task(BashOperator): stop_model_service> on 2025-11-22 17:34:14.806147+00:00
[2025-11-22T17:34:15.589+0000] {standard_task_runner.py:60} INFO - Started process 202 to run task
[2025-11-22T17:34:15.593+0000] {standard_task_runner.py:87} INFO - Running: ['***', 'tasks', 'run', 'training_pipeline', 'stop_model_service', 'manual__2025-11-22T17:34:14.806147+00:00', '--job-id', '3', '--raw', '--subdir', 'DAGS_FOLDER/train.py', '--cfg-path', '/tmp/tmpuibme0lp']
[2025-11-22T17:34:15.596+0000] {standard_task_runner.py:88} INFO - Job 3: Subtask stop_model_service
[2025-11-22T17:34:15.654+0000] {task_command.py:423} INFO - Running <TaskInstance: training_pipeline.stop_model_service manual__2025-11-22T17:34:14.806147+00:00 [running]> on host db2e79706642
[2025-11-22T17:34:15.731+0000] {taskinstance.py:2480} INFO - Exporting env vars: AIRFLOW_CTX_DAG_OWNER='***' AIRFLOW_CTX_DAG_ID='training_pipeline' AIRFLOW_CTX_TASK_ID='stop_model_service' AIRFLOW_CTX_EXECUTION_DATE='2025-11-22T17:34:14.806147+00:00' AIRFLOW_CTX_TRY_NUMBER='1' AIRFLOW_CTX_DAG_RUN_ID='manual__2025-11-22T17:34:14.806147+00:00'
[2025-11-22T17:34:15.732+0000] {subprocess.py:63} INFO - Tmp dir root location: /tmp
[2025-11-22T17:34:15.733+0000] {subprocess.py:75} INFO - Running command: ['/usr/bin/bash', '-c', 'docker stop model-service-gspc model-service-xom model-service-bp model-service-cvx']
[2025-11-22T17:34:15.741+0000] {subprocess.py:86} INFO - Output:
[2025-11-22T17:34:16.770+0000] {subprocess.py:93} INFO - model-service-gspc
[2025-11-22T17:34:17.022+0000] {subprocess.py:93} INFO - model-service-xom
[2025-11-22T17:34:17.102+0000] {subprocess.py:93} INFO - model-service-bp
[2025-11-22T17:34:17.103+0000] {subprocess.py:93} INFO - model-service-cvx
[2025-11-22T17:34:17.104+0000] {subprocess.py:97} INFO - Command exited with return code 0
[2025-11-22T17:34:17.127+0000] {taskinstance.py:1138} INFO - Marking task as SUCCESS. dag_id=training_pipeline, task_id=stop_model_service, execution_date=20251122T173414, start_date=20251122T173415, end_date=20251122T173417
[2025-11-22T17:34:17.151+0000] {local_task_job_runner.py:234} INFO - Task exited with return code 0
[2025-11-22T17:34:17.176+0000] {taskinstance.py:3280} INFO - 1 downstream tasks scheduled from follow-on schedule check
