[2025-11-23T11:49:06.828+0000] {taskinstance.py:1956} INFO - Dependencies all met for dep_context=non-requeueable deps ti=<TaskInstance: training_pipeline.save_to_hdfs manual__2025-11-23T11:48:55.500725+00:00 [queued]>
[2025-11-23T11:49:06.839+0000] {taskinstance.py:1956} INFO - Dependencies all met for dep_context=requeueable deps ti=<TaskInstance: training_pipeline.save_to_hdfs manual__2025-11-23T11:48:55.500725+00:00 [queued]>
[2025-11-23T11:49:06.840+0000] {taskinstance.py:2170} INFO - Starting attempt 1 of 1
[2025-11-23T11:49:06.851+0000] {taskinstance.py:2191} INFO - Executing <Task(DockerOperator): save_to_hdfs> on 2025-11-23 11:48:55.500725+00:00
[2025-11-23T11:49:06.857+0000] {standard_task_runner.py:60} INFO - Started process 231 to run task
[2025-11-23T11:49:06.860+0000] {standard_task_runner.py:87} INFO - Running: ['***', 'tasks', 'run', 'training_pipeline', 'save_to_hdfs', 'manual__2025-11-23T11:48:55.500725+00:00', '--job-id', '7', '--raw', '--subdir', 'DAGS_FOLDER/train.py', '--cfg-path', '/tmp/tmp76z1z47c']
[2025-11-23T11:49:06.862+0000] {standard_task_runner.py:88} INFO - Job 7: Subtask save_to_hdfs
[2025-11-23T11:49:06.922+0000] {task_command.py:423} INFO - Running <TaskInstance: training_pipeline.save_to_hdfs manual__2025-11-23T11:48:55.500725+00:00 [running]> on host 6e60ab97c617
[2025-11-23T11:49:06.993+0000] {taskinstance.py:2480} INFO - Exporting env vars: AIRFLOW_CTX_DAG_OWNER='***' AIRFLOW_CTX_DAG_ID='training_pipeline' AIRFLOW_CTX_TASK_ID='save_to_hdfs' AIRFLOW_CTX_EXECUTION_DATE='2025-11-23T11:48:55.500725+00:00' AIRFLOW_CTX_TRY_NUMBER='1' AIRFLOW_CTX_DAG_RUN_ID='manual__2025-11-23T11:48:55.500725+00:00'
[2025-11-23T11:49:07.064+0000] {docker.py:359} INFO - Starting docker container from image spark-jobs:latest
[2025-11-23T11:49:09.692+0000] {docker.py:429} INFO - :: loading settings :: url = jar:file:/opt/spark/jars/ivy-2.5.1.jar!/org/apache/ivy/core/settings/ivysettings.xml
[2025-11-23T11:49:09.797+0000] {docker.py:429} INFO - Ivy Default Cache set to: /root/.ivy2/cache
The jars for the packages stored in: /root/.ivy2/jars
[2025-11-23T11:49:09.802+0000] {docker.py:429} INFO - org.apache.spark#spark-sql-kafka-0-10_2.12 added as a dependency
[2025-11-23T11:49:09.803+0000] {docker.py:429} INFO - :: resolving dependencies :: org.apache.spark#spark-submit-parent-f605d993-1584-48af-b430-70769f5f9cec;1.0
	confs: [default]
[2025-11-23T11:49:13.390+0000] {docker.py:429} INFO - found org.apache.spark#spark-sql-kafka-0-10_2.12;3.5.0 in central
[2025-11-23T11:49:13.713+0000] {docker.py:429} INFO - found org.apache.spark#spark-token-provider-kafka-0-10_2.12;3.5.0 in central
[2025-11-23T11:49:14.065+0000] {docker.py:429} INFO - found org.apache.kafka#kafka-clients;3.4.1 in central
[2025-11-23T11:49:14.433+0000] {docker.py:429} INFO - found org.lz4#lz4-java;1.8.0 in central
[2025-11-23T11:49:14.820+0000] {docker.py:429} INFO - found org.xerial.snappy#snappy-java;1.1.10.3 in central
[2025-11-23T11:49:16.089+0000] {docker.py:429} INFO - found org.slf4j#slf4j-api;2.0.7 in central
[2025-11-23T11:49:17.851+0000] {docker.py:429} INFO - found org.apache.hadoop#hadoop-client-runtime;3.3.4 in central
[2025-11-23T11:49:18.079+0000] {docker.py:429} INFO - found org.apache.hadoop#hadoop-client-api;3.3.4 in central
[2025-11-23T11:49:19.689+0000] {docker.py:429} INFO - found commons-logging#commons-logging;1.1.3 in central
[2025-11-23T11:49:19.818+0000] {docker.py:429} INFO - found com.google.code.findbugs#jsr305;3.0.0 in central
[2025-11-23T11:49:23.003+0000] {docker.py:429} INFO - found org.apache.commons#commons-pool2;2.11.1 in central
[2025-11-23T11:49:23.089+0000] {docker.py:429} INFO - downloading https://repo1.maven.org/maven2/org/apache/spark/spark-sql-kafka-0-10_2.12/3.5.0/spark-sql-kafka-0-10_2.12-3.5.0.jar ...
[2025-11-23T11:49:23.372+0000] {docker.py:429} INFO - [SUCCESSFUL ] org.apache.spark#spark-sql-kafka-0-10_2.12;3.5.0!spark-sql-kafka-0-10_2.12.jar (363ms)
[2025-11-23T11:49:23.456+0000] {docker.py:429} INFO - downloading https://repo1.maven.org/maven2/org/apache/spark/spark-token-provider-kafka-0-10_2.12/3.5.0/spark-token-provider-kafka-0-10_2.12-3.5.0.jar ...
[2025-11-23T11:49:23.575+0000] {docker.py:429} INFO - [SUCCESSFUL ] org.apache.spark#spark-token-provider-kafka-0-10_2.12;3.5.0!spark-token-provider-kafka-0-10_2.12.jar (201ms)
[2025-11-23T11:49:23.663+0000] {docker.py:429} INFO - downloading https://repo1.maven.org/maven2/org/apache/kafka/kafka-clients/3.4.1/kafka-clients-3.4.1.jar ...
[2025-11-23T11:49:25.399+0000] {docker.py:429} INFO - [SUCCESSFUL ] org.apache.kafka#kafka-clients;3.4.1!kafka-clients.jar (1824ms)
[2025-11-23T11:49:25.505+0000] {docker.py:429} INFO - downloading https://repo1.maven.org/maven2/com/google/code/findbugs/jsr305/3.0.0/jsr305-3.0.0.jar ...
[2025-11-23T11:49:25.607+0000] {docker.py:429} INFO - [SUCCESSFUL ] com.google.code.findbugs#jsr305;3.0.0!jsr305.jar (207ms)
[2025-11-23T11:49:25.742+0000] {docker.py:429} INFO - downloading https://repo1.maven.org/maven2/org/apache/commons/commons-pool2/2.11.1/commons-pool2-2.11.1.jar ...
[2025-11-23T11:49:25.853+0000] {docker.py:429} INFO - [SUCCESSFUL ] org.apache.commons#commons-pool2;2.11.1!commons-pool2.jar (245ms)
[2025-11-23T11:49:25.946+0000] {docker.py:429} INFO - downloading https://repo1.maven.org/maven2/org/apache/hadoop/hadoop-client-runtime/3.3.4/hadoop-client-runtime-3.3.4.jar ...
[2025-11-23T11:49:30.925+0000] {docker.py:429} INFO - [SUCCESSFUL ] org.apache.hadoop#hadoop-client-runtime;3.3.4!hadoop-client-runtime.jar (5072ms)
[2025-11-23T11:49:31.028+0000] {docker.py:429} INFO - downloading https://repo1.maven.org/maven2/org/lz4/lz4-java/1.8.0/lz4-java-1.8.0.jar ...
[2025-11-23T11:49:31.259+0000] {docker.py:429} INFO - [SUCCESSFUL ] org.lz4#lz4-java;1.8.0!lz4-java.jar (333ms)
[2025-11-23T11:49:31.334+0000] {docker.py:429} INFO - downloading https://repo1.maven.org/maven2/org/xerial/snappy/snappy-java/1.1.10.3/snappy-java-1.1.10.3.jar ...
[2025-11-23T11:49:31.770+0000] {docker.py:429} INFO - [SUCCESSFUL ] org.xerial.snappy#snappy-java;1.1.10.3!snappy-java.jar(bundle) (511ms)
[2025-11-23T11:49:31.850+0000] {docker.py:429} INFO - downloading https://repo1.maven.org/maven2/org/slf4j/slf4j-api/2.0.7/slf4j-api-2.0.7.jar ...
[2025-11-23T11:49:31.935+0000] {docker.py:429} INFO - [SUCCESSFUL ] org.slf4j#slf4j-api;2.0.7!slf4j-api.jar (164ms)
[2025-11-23T11:49:32.025+0000] {docker.py:429} INFO - downloading https://repo1.maven.org/maven2/org/apache/hadoop/hadoop-client-api/3.3.4/hadoop-client-api-3.3.4.jar ...
[2025-11-23T11:49:35.212+0000] {docker.py:429} INFO - [SUCCESSFUL ] org.apache.hadoop#hadoop-client-api;3.3.4!hadoop-client-api.jar (3277ms)
[2025-11-23T11:49:35.285+0000] {docker.py:429} INFO - downloading https://repo1.maven.org/maven2/commons-logging/commons-logging/1.1.3/commons-logging-1.1.3.jar ...
[2025-11-23T11:49:35.395+0000] {docker.py:429} INFO - [SUCCESSFUL ] commons-logging#commons-logging;1.1.3!commons-logging.jar (181ms)
[2025-11-23T11:49:35.396+0000] {docker.py:429} INFO - :: resolution report :: resolve 13205ms :: artifacts dl 12387ms
	:: modules in use:
[2025-11-23T11:49:35.397+0000] {docker.py:429} INFO - com.google.code.findbugs#jsr305;3.0.0 from central in [default]
	commons-logging#commons-logging;1.1.3 from central in [default]
	org.apache.commons#commons-pool2;2.11.1 from central in [default]
	org.apache.hadoop#hadoop-client-api;3.3.4 from central in [default]
	org.apache.hadoop#hadoop-client-runtime;3.3.4 from central in [default]
[2025-11-23T11:49:35.398+0000] {docker.py:429} INFO - org.apache.kafka#kafka-clients;3.4.1 from central in [default]
	org.apache.spark#spark-sql-kafka-0-10_2.12;3.5.0 from central in [default]
[2025-11-23T11:49:35.398+0000] {docker.py:429} INFO - org.apache.spark#spark-token-provider-kafka-0-10_2.12;3.5.0 from central in [default]
	org.lz4#lz4-java;1.8.0 from central in [default]
	org.slf4j#slf4j-api;2.0.7 from central in [default]
	org.xerial.snappy#snappy-java;1.1.10.3 from central in [default]
[2025-11-23T11:49:35.398+0000] {docker.py:429} INFO - ---------------------------------------------------------------------
[2025-11-23T11:49:35.399+0000] {docker.py:429} INFO - |                  |            modules            ||   artifacts   |
	|       conf       | number| search|dwnlded|evicted|| number|dwnlded|
	---------------------------------------------------------------------
[2025-11-23T11:49:35.400+0000] {docker.py:429} INFO - |      default     |   11  |   11  |   11  |   0   ||   11  |   11  |
	---------------------------------------------------------------------
[2025-11-23T11:49:35.401+0000] {docker.py:429} INFO - :: retrieving :: org.apache.spark#spark-submit-parent-f605d993-1584-48af-b430-70769f5f9cec
	confs: [default]
[2025-11-23T11:49:35.460+0000] {docker.py:429} INFO - 11 artifacts copied, 0 already retrieved (56767kB/59ms)
[2025-11-23T11:49:35.627+0000] {docker.py:429} INFO - 25/11/23 11:49:35 WARN NativeCodeLoader: Unable to load native-hadoop library for your platform... using builtin-java classes where applicable
[2025-11-23T11:49:35.819+0000] {docker.py:429} INFO - Setting default log level to "WARN".
To adjust logging level use sc.setLogLevel(newLevel). For SparkR, use setLogLevel(newLevel).
[2025-11-23T11:49:35.849+0000] {local_task_job_runner.py:121} ERROR - Received SIGTERM. Terminating subprocesses
[2025-11-23T11:49:35.853+0000] {process_utils.py:131} INFO - Sending 15 to group 231. PIDs of all processes in the group: [231]
[2025-11-23T11:49:35.855+0000] {process_utils.py:86} INFO - Sending the signal 15 to group 231
[2025-11-23T11:49:35.856+0000] {taskinstance.py:2450} ERROR - Received SIGTERM. Terminating subprocesses.
[2025-11-23T11:49:35.857+0000] {docker.py:521} INFO - Stopping docker container
