[2025-11-19T07:18:13.689+0000] {taskinstance.py:1956} INFO - Dependencies all met for dep_context=non-requeueable deps ti=<TaskInstance: training_pipeline.stop_model_service manual__2025-11-19T07:18:13.105171+00:00 [queued]>
[2025-11-19T07:18:13.698+0000] {taskinstance.py:1956} INFO - Dependencies all met for dep_context=requeueable deps ti=<TaskInstance: training_pipeline.stop_model_service manual__2025-11-19T07:18:13.105171+00:00 [queued]>
[2025-11-19T07:18:13.699+0000] {taskinstance.py:2170} INFO - Starting attempt 1 of 1
[2025-11-19T07:18:13.712+0000] {taskinstance.py:2191} INFO - Executing <Task(BashOperator): stop_model_service> on 2025-11-19 07:18:13.105171+00:00
[2025-11-19T07:18:13.717+0000] {standard_task_runner.py:60} INFO - Started process 209 to run task
[2025-11-19T07:18:13.722+0000] {standard_task_runner.py:87} INFO - Running: ['***', 'tasks', 'run', 'training_pipeline', 'stop_model_service', 'manual__2025-11-19T07:18:13.105171+00:00', '--job-id', '2', '--raw', '--subdir', 'DAGS_FOLDER/train.py', '--cfg-path', '/tmp/tmpx0r1eo97']
[2025-11-19T07:18:13.724+0000] {standard_task_runner.py:88} INFO - Job 2: Subtask stop_model_service
[2025-11-19T07:18:13.789+0000] {task_command.py:423} INFO - Running <TaskInstance: training_pipeline.stop_model_service manual__2025-11-19T07:18:13.105171+00:00 [running]> on host c800ae3bb605
[2025-11-19T07:18:13.878+0000] {taskinstance.py:2480} INFO - Exporting env vars: AIRFLOW_CTX_DAG_OWNER='***' AIRFLOW_CTX_DAG_ID='training_pipeline' AIRFLOW_CTX_TASK_ID='stop_model_service' AIRFLOW_CTX_EXECUTION_DATE='2025-11-19T07:18:13.105171+00:00' AIRFLOW_CTX_TRY_NUMBER='1' AIRFLOW_CTX_DAG_RUN_ID='manual__2025-11-19T07:18:13.105171+00:00'
[2025-11-19T07:18:13.880+0000] {subprocess.py:63} INFO - Tmp dir root location: /tmp
[2025-11-19T07:18:13.882+0000] {subprocess.py:75} INFO - Running command: ['/usr/bin/bash', '-c', 'docker stop model-service-gspc model-service-xom model-service-bp model-service-cvx']
[2025-11-19T07:18:13.895+0000] {subprocess.py:86} INFO - Output:
[2025-11-19T07:18:15.012+0000] {subprocess.py:93} INFO - model-service-gspc
[2025-11-19T07:18:15.014+0000] {subprocess.py:93} INFO - model-service-xom
[2025-11-19T07:18:15.340+0000] {subprocess.py:93} INFO - model-service-bp
[2025-11-19T07:18:15.341+0000] {subprocess.py:93} INFO - model-service-cvx
[2025-11-19T07:18:15.342+0000] {subprocess.py:97} INFO - Command exited with return code 0
[2025-11-19T07:18:15.368+0000] {taskinstance.py:1138} INFO - Marking task as SUCCESS. dag_id=training_pipeline, task_id=stop_model_service, execution_date=20251119T071813, start_date=20251119T071813, end_date=20251119T071815
[2025-11-19T07:18:15.388+0000] {local_task_job_runner.py:234} INFO - Task exited with return code 0
[2025-11-19T07:18:15.413+0000] {taskinstance.py:3280} INFO - 1 downstream tasks scheduled from follow-on schedule check
