[2025-11-22T17:31:34.814+0000] {taskinstance.py:1956} INFO - Dependencies all met for dep_context=non-requeueable deps ti=<TaskInstance: training_pipeline.stop_model_service manual__2025-11-22T17:31:33.829513+00:00 [queued]>
[2025-11-22T17:31:34.822+0000] {taskinstance.py:1956} INFO - Dependencies all met for dep_context=requeueable deps ti=<TaskInstance: training_pipeline.stop_model_service manual__2025-11-22T17:31:33.829513+00:00 [queued]>
[2025-11-22T17:31:34.822+0000] {taskinstance.py:2170} INFO - Starting attempt 1 of 1
[2025-11-22T17:31:34.834+0000] {taskinstance.py:2191} INFO - Executing <Task(BashOperator): stop_model_service> on 2025-11-22 17:31:33.829513+00:00
[2025-11-22T17:31:34.839+0000] {standard_task_runner.py:60} INFO - Started process 199 to run task
[2025-11-22T17:31:34.843+0000] {standard_task_runner.py:87} INFO - Running: ['***', 'tasks', 'run', 'training_pipeline', 'stop_model_service', 'manual__2025-11-22T17:31:33.829513+00:00', '--job-id', '3', '--raw', '--subdir', 'DAGS_FOLDER/train.py', '--cfg-path', '/tmp/tmpgt5xtgqf']
[2025-11-22T17:31:34.845+0000] {standard_task_runner.py:88} INFO - Job 3: Subtask stop_model_service
[2025-11-22T17:31:34.903+0000] {task_command.py:423} INFO - Running <TaskInstance: training_pipeline.stop_model_service manual__2025-11-22T17:31:33.829513+00:00 [running]> on host bab8ea842f9a
[2025-11-22T17:31:34.978+0000] {taskinstance.py:2480} INFO - Exporting env vars: AIRFLOW_CTX_DAG_OWNER='***' AIRFLOW_CTX_DAG_ID='training_pipeline' AIRFLOW_CTX_TASK_ID='stop_model_service' AIRFLOW_CTX_EXECUTION_DATE='2025-11-22T17:31:33.829513+00:00' AIRFLOW_CTX_TRY_NUMBER='1' AIRFLOW_CTX_DAG_RUN_ID='manual__2025-11-22T17:31:33.829513+00:00'
[2025-11-22T17:31:34.979+0000] {subprocess.py:63} INFO - Tmp dir root location: /tmp
[2025-11-22T17:31:34.981+0000] {subprocess.py:75} INFO - Running command: ['/usr/bin/bash', '-c', 'docker stop model-service-gspc model-service-xom model-service-bp model-service-cvx']
[2025-11-22T17:31:34.988+0000] {subprocess.py:86} INFO - Output:
[2025-11-22T17:31:36.212+0000] {subprocess.py:93} INFO - model-service-gspc
[2025-11-22T17:31:36.346+0000] {subprocess.py:93} INFO - model-service-xom
[2025-11-22T17:31:36.349+0000] {subprocess.py:93} INFO - model-service-bp
[2025-11-22T17:31:36.352+0000] {subprocess.py:93} INFO - model-service-cvx
[2025-11-22T17:31:36.353+0000] {subprocess.py:97} INFO - Command exited with return code 0
[2025-11-22T17:31:36.376+0000] {taskinstance.py:1138} INFO - Marking task as SUCCESS. dag_id=training_pipeline, task_id=stop_model_service, execution_date=20251122T173133, start_date=20251122T173134, end_date=20251122T173136
[2025-11-22T17:31:36.424+0000] {local_task_job_runner.py:234} INFO - Task exited with return code 0
[2025-11-22T17:31:36.448+0000] {taskinstance.py:3280} INFO - 1 downstream tasks scheduled from follow-on schedule check
