[2025-11-12T03:47:34.689+0000] {taskinstance.py:1956} INFO - Dependencies all met for dep_context=non-requeueable deps ti=<TaskInstance: spark_batch_pipeline.train_model scheduled__2025-11-09T00:00:00+00:00 [queued]>
[2025-11-12T03:47:34.702+0000] {taskinstance.py:1956} INFO - Dependencies all met for dep_context=requeueable deps ti=<TaskInstance: spark_batch_pipeline.train_model scheduled__2025-11-09T00:00:00+00:00 [queued]>
[2025-11-12T03:47:34.703+0000] {taskinstance.py:2170} INFO - Starting attempt 6 of 6
[2025-11-12T03:47:34.728+0000] {taskinstance.py:2191} INFO - Executing <Task(DockerOperator): train_model> on 2025-11-09 00:00:00+00:00
[2025-11-12T03:47:34.735+0000] {standard_task_runner.py:60} INFO - Started process 188 to run task
[2025-11-12T03:47:34.738+0000] {standard_task_runner.py:87} INFO - Running: ['***', 'tasks', 'run', 'spark_batch_pipeline', 'train_model', 'scheduled__2025-11-09T00:00:00+00:00', '--job-id', '18', '--raw', '--subdir', 'DAGS_FOLDER/spark_batch_dag.py', '--cfg-path', '/tmp/tmp65ijqphg']
[2025-11-12T03:47:34.741+0000] {standard_task_runner.py:88} INFO - Job 18: Subtask train_model
[2025-11-12T03:47:34.763+0000] {logging_mixin.py:188} WARNING - /home/***/.local/lib/python3.8/site-packages/***/settings.py:194 DeprecationWarning: The sql_alchemy_conn option in [core] has been moved to the sql_alchemy_conn option in [database] - the old setting has been used, but please update your config.
[2025-11-12T03:47:34.813+0000] {task_command.py:423} INFO - Running <TaskInstance: spark_batch_pipeline.train_model scheduled__2025-11-09T00:00:00+00:00 [running]> on host c3829ed9d0c3
[2025-11-12T03:47:34.923+0000] {taskinstance.py:2480} INFO - Exporting env vars: AIRFLOW_CTX_DAG_OWNER='***' AIRFLOW_CTX_DAG_ID='spark_batch_pipeline' AIRFLOW_CTX_TASK_ID='train_model' AIRFLOW_CTX_EXECUTION_DATE='2025-11-09T00:00:00+00:00' AIRFLOW_CTX_TRY_NUMBER='6' AIRFLOW_CTX_DAG_RUN_ID='scheduled__2025-11-09T00:00:00+00:00'
[2025-11-12T03:47:35.027+0000] {docker.py:359} INFO - Starting docker container from image spark-jobs-image:latest
[2025-11-12T03:47:35.043+0000] {docker.py:367} WARNING - Using remote engine or docker-in-docker and mounting temporary volume from host is not supported. Falling back to `mount_tmp_dir=False` mode. You can set `mount_tmp_dir` parameter to False to disable mounting and remove the warning
[2025-11-12T03:47:38.466+0000] {docker.py:429} INFO - :: loading settings :: url = jar:file:/opt/spark/jars/ivy-2.5.1.jar!/org/apache/ivy/core/settings/ivysettings.xml
[2025-11-12T03:47:38.601+0000] {docker.py:429} INFO - Ivy Default Cache set to: /root/.ivy2/cache
The jars for the packages stored in: /root/.ivy2/jars
[2025-11-12T03:47:38.607+0000] {docker.py:429} INFO - org.apache.spark#spark-sql-kafka-0-10_2.12 added as a dependency
org.apache.hadoop#hadoop-client added as a dependency
[2025-11-12T03:47:38.609+0000] {docker.py:429} INFO - :: resolving dependencies :: org.apache.spark#spark-submit-parent-fcfc6baf-df07-465c-9730-cd8d3063b19b;1.0
	confs: [default]
[2025-11-12T03:47:41.956+0000] {docker.py:429} INFO - found org.apache.spark#spark-sql-kafka-0-10_2.12;3.5.0 in central
[2025-11-12T03:47:42.431+0000] {docker.py:429} INFO - found org.apache.spark#spark-token-provider-kafka-0-10_2.12;3.5.0 in central
[2025-11-12T03:47:42.733+0000] {docker.py:429} INFO - found org.apache.kafka#kafka-clients;3.4.1 in central
[2025-11-12T03:47:42.993+0000] {docker.py:429} INFO - found org.lz4#lz4-java;1.8.0 in central
[2025-11-12T03:47:43.285+0000] {docker.py:429} INFO - found org.xerial.snappy#snappy-java;1.1.10.3 in central
[2025-11-12T03:47:44.636+0000] {docker.py:429} INFO - found org.slf4j#slf4j-api;2.0.7 in central
[2025-11-12T03:47:46.999+0000] {docker.py:429} INFO - found org.apache.hadoop#hadoop-client-runtime;3.3.4 in central
[2025-11-12T03:47:47.240+0000] {docker.py:429} INFO - found org.apache.hadoop#hadoop-client-api;3.3.4 in central
[2025-11-12T03:47:48.944+0000] {docker.py:429} INFO - found commons-logging#commons-logging;1.1.3 in central
[2025-11-12T03:47:49.101+0000] {docker.py:429} INFO - found com.google.code.findbugs#jsr305;3.0.0 in central
[2025-11-12T03:47:51.348+0000] {docker.py:429} INFO - found org.apache.commons#commons-pool2;2.11.1 in central
[2025-11-12T03:47:52.613+0000] {docker.py:429} INFO - found org.apache.hadoop#hadoop-client;3.3.4 in central
[2025-11-12T03:47:52.793+0000] {docker.py:429} INFO - found org.apache.hadoop#hadoop-common;3.3.4 in central
[2025-11-12T03:47:54.929+0000] {docker.py:429} INFO - found org.apache.hadoop.thirdparty#hadoop-shaded-protobuf_3_7;1.1.1 in central
[2025-11-12T03:47:52.896+0000] {docker.py:429} INFO - found org.apache.hadoop#hadoop-annotations;3.3.4 in central
[2025-11-12T03:47:53.194+0000] {docker.py:429} INFO - found org.apache.hadoop.thirdparty#hadoop-shaded-guava;1.1.1 in central
[2025-11-12T03:47:55.730+0000] {docker.py:429} INFO - found com.google.guava#guava;27.0-jre in central
[2025-11-12T03:47:56.806+0000] {docker.py:429} INFO - found com.google.guava#failureaccess;1.0 in central
[2025-11-12T03:47:57.133+0000] {docker.py:429} INFO - found com.google.guava#listenablefuture;9999.0-empty-to-avoid-conflict-with-guava in central
[2025-11-12T03:47:58.102+0000] {docker.py:429} INFO - found com.google.code.findbugs#jsr305;3.0.2 in central
[2025-11-12T03:47:58.309+0000] {docker.py:429} INFO - found org.checkerframework#checker-qual;2.5.2 in central
[2025-11-12T03:47:58.523+0000] {docker.py:429} INFO - found com.google.j2objc#j2objc-annotations;1.1 in central
[2025-11-12T03:48:00.455+0000] {docker.py:429} INFO - found org.codehaus.mojo#animal-sniffer-annotations;1.17 in central
[2025-11-12T03:48:02.642+0000] {docker.py:429} INFO - found commons-cli#commons-cli;1.2 in central
[2025-11-12T03:48:05.008+0000] {docker.py:429} INFO - found org.apache.commons#commons-math3;3.1.1 in central
[2025-11-12T03:48:07.295+0000] {docker.py:429} INFO - found org.apache.httpcomponents#httpclient;4.5.13 in central
[2025-11-12T03:48:08.744+0000] {docker.py:429} INFO - found org.apache.httpcomponents#httpcore;4.4.13 in central
[2025-11-12T03:48:08.897+0000] {docker.py:429} INFO - found commons-codec#commons-codec;1.15 in central
[2025-11-12T03:48:09.078+0000] {docker.py:429} INFO - found commons-io#commons-io;2.8.0 in central
[2025-11-12T03:48:10.480+0000] {docker.py:429} INFO - found commons-net#commons-net;3.6 in central
[2025-11-12T03:48:12.446+0000] {docker.py:429} INFO - found commons-collections#commons-collections;3.2.2 in central
[2025-11-12T03:48:13.562+0000] {docker.py:429} INFO - found org.eclipse.jetty#jetty-servlet;9.4.43.v20210629 in central
[2025-11-12T03:48:13.728+0000] {docker.py:429} INFO - found org.eclipse.jetty#jetty-security;9.4.43.v20210629 in central
[2025-11-12T03:48:13.926+0000] {docker.py:429} INFO - found org.eclipse.jetty#jetty-util-ajax;9.4.43.v20210629 in central
[2025-11-12T03:48:14.138+0000] {docker.py:429} INFO - found org.eclipse.jetty#jetty-webapp;9.4.43.v20210629 in central
[2025-11-12T03:48:14.399+0000] {docker.py:429} INFO - found org.eclipse.jetty#jetty-xml;9.4.43.v20210629 in central
[2025-11-12T03:48:16.621+0000] {docker.py:429} INFO - found com.sun.jersey#jersey-servlet;1.19 in central
[2025-11-12T03:48:16.823+0000] {docker.py:429} INFO - found ch.qos.reload4j#reload4j;1.2.22 in central
[2025-11-12T03:48:19.133+0000] {docker.py:429} INFO - found commons-beanutils#commons-beanutils;1.9.4 in central
[2025-11-12T03:48:20.307+0000] {docker.py:429} INFO - found org.apache.commons#commons-configuration2;2.1.1 in central
[2025-11-12T03:48:21.536+0000] {docker.py:429} INFO - found org.apache.commons#commons-lang3;3.12.0 in central
[2025-11-12T03:48:23.225+0000] {docker.py:429} INFO - found org.apache.commons#commons-text;1.4 in central
[2025-11-12T03:48:22.675+0000] {docker.py:429} INFO - found org.slf4j#slf4j-reload4j;1.7.36 in central
[2025-11-12T03:48:26.023+0000] {docker.py:429} INFO - found org.apache.avro#avro;1.7.7 in central
[2025-11-12T03:48:26.173+0000] {docker.py:429} INFO - found org.codehaus.jackson#jackson-core-asl;1.9.13 in central
[2025-11-12T03:48:26.451+0000] {docker.py:429} INFO - found org.codehaus.jackson#jackson-mapper-asl;1.9.13 in central
[2025-11-12T03:48:28.647+0000] {docker.py:429} INFO - found com.thoughtworks.paranamer#paranamer;2.3 in central
[2025-11-12T03:48:28.777+0000] {docker.py:429} INFO - found org.apache.commons#commons-compress;1.21 in central
[2025-11-12T03:48:28.984+0000] {docker.py:429} INFO - found com.google.re2j#re2j;1.1 in central
[2025-11-12T03:48:29.725+0000] {docker.py:429} INFO - found com.google.protobuf#protobuf-java;2.5.0 in central
[2025-11-12T03:48:31.522+0000] {docker.py:429} INFO - found com.google.code.gson#gson;2.8.9 in central
[2025-11-12T03:48:31.667+0000] {docker.py:429} INFO - found org.apache.hadoop#hadoop-auth;3.3.4 in central
[2025-11-12T03:48:31.930+0000] {docker.py:429} INFO - found com.nimbusds#nimbus-jose-jwt;9.8.1 in central
[2025-11-12T03:48:32.121+0000] {docker.py:429} INFO - found com.github.stephenc.jcip#jcip-annotations;1.0-1 in central
[2025-11-12T03:48:32.329+0000] {docker.py:429} INFO - found net.minidev#json-smart;2.4.7 in central
[2025-11-12T03:48:32.605+0000] {docker.py:429} INFO - found net.minidev#accessors-smart;2.4.7 in central
[2025-11-12T03:48:35.059+0000] {docker.py:429} INFO - found org.ow2.asm#asm;5.0.4 in central
[2025-11-12T03:48:36.241+0000] {docker.py:429} INFO - found org.apache.curator#curator-framework;4.2.0 in central
[2025-11-12T03:48:36.420+0000] {docker.py:429} INFO - found org.apache.curator#curator-client;4.2.0 in central
[2025-11-12T03:48:38.894+0000] {docker.py:429} INFO - found org.apache.kerby#kerb-simplekdc;1.0.1 in central
[2025-11-12T03:48:39.278+0000] {docker.py:429} INFO - found org.apache.kerby#kerb-client;1.0.1 in central
[2025-11-12T03:48:40.501+0000] {docker.py:429} INFO - found org.apache.kerby#kerby-config;1.0.1 in central
[2025-11-12T03:48:40.626+0000] {docker.py:429} INFO - found org.apache.kerby#kerb-core;1.0.1 in central
[2025-11-12T03:48:40.814+0000] {docker.py:429} INFO - found org.apache.kerby#kerby-pkix;1.0.1 in central
[2025-11-12T03:48:41.025+0000] {docker.py:429} INFO - found org.apache.kerby#kerby-asn1;1.0.1 in central
[2025-11-12T03:48:41.262+0000] {docker.py:429} INFO - found org.apache.kerby#kerby-util;1.0.1 in central
[2025-11-12T03:48:41.490+0000] {docker.py:429} INFO - found org.apache.kerby#kerb-common;1.0.1 in central
[2025-11-12T03:48:41.699+0000] {docker.py:429} INFO - found org.apache.kerby#kerb-crypto;1.0.1 in central
[2025-11-12T03:48:41.925+0000] {docker.py:429} INFO - found org.apache.kerby#kerb-util;1.0.1 in central
[2025-11-12T03:48:43.209+0000] {docker.py:429} INFO - found org.apache.kerby#token-provider;1.0.1 in central
[2025-11-12T03:48:43.340+0000] {docker.py:429} INFO - found org.apache.kerby#kerb-admin;1.0.1 in central
[2025-11-12T03:48:43.803+0000] {docker.py:429} INFO - found org.apache.kerby#kerb-server;1.0.1 in central
[2025-11-12T03:48:44.019+0000] {docker.py:429} INFO - found org.apache.kerby#kerb-identity;1.0.1 in central
[2025-11-12T03:48:44.217+0000] {docker.py:429} INFO - found org.apache.kerby#kerby-xdr;1.0.1 in central
[2025-11-12T03:48:44.456+0000] {docker.py:429} INFO - found org.apache.curator#curator-recipes;4.2.0 in central
[2025-11-12T03:48:48.720+0000] {docker.py:429} INFO - found com.fasterxml.jackson.core#jackson-databind;2.12.7 in central
[2025-11-12T03:48:48.877+0000] {docker.py:429} INFO - found com.fasterxml.jackson.core#jackson-annotations;2.12.7 in central
[2025-11-12T03:48:49.098+0000] {docker.py:429} INFO - found com.fasterxml.jackson.core#jackson-core;2.12.7 in central
[2025-11-12T03:48:49.315+0000] {docker.py:429} INFO - found org.codehaus.woodstox#stax2-api;4.2.1 in central
[2025-11-12T03:48:50.553+0000] {docker.py:429} INFO - found com.fasterxml.woodstox#woodstox-core;5.3.0 in central
[2025-11-12T03:48:50.764+0000] {docker.py:429} INFO - found dnsjava#dnsjava;2.1.7 in central
[2025-11-12T03:48:52.992+0000] {docker.py:429} INFO - found jakarta.activation#jakarta.activation-api;1.2.1 in central
[2025-11-12T03:48:53.122+0000] {docker.py:429} INFO - found javax.servlet.jsp#jsp-api;2.1 in central
[2025-11-12T03:48:53.358+0000] {docker.py:429} INFO - found org.apache.hadoop#hadoop-hdfs-client;3.3.4 in central
[2025-11-12T03:48:54.687+0000] {docker.py:429} INFO - found org.apache.hadoop#hadoop-yarn-api;3.3.4 in central
[2025-11-12T03:48:54.861+0000] {docker.py:429} INFO - found javax.xml.bind#jaxb-api;2.2.11 in central
[2025-11-12T03:48:55.080+0000] {docker.py:429} INFO - found org.apache.hadoop#hadoop-yarn-client;3.3.4 in central
[2025-11-12T03:48:56.466+0000] {docker.py:429} INFO - found org.eclipse.jetty.websocket#websocket-client;9.4.43.v20210629 in central
[2025-11-12T03:48:56.735+0000] {docker.py:429} INFO - found org.eclipse.jetty#jetty-client;9.4.43.v20210629 in central
[2025-11-12T03:48:56.927+0000] {docker.py:429} INFO - found org.eclipse.jetty#jetty-http;9.4.43.v20210629 in central
[2025-11-12T03:48:57.122+0000] {docker.py:429} INFO - found org.eclipse.jetty#jetty-util;9.4.43.v20210629 in central
[2025-11-12T03:48:57.360+0000] {docker.py:429} INFO - found org.eclipse.jetty#jetty-io;9.4.43.v20210629 in central
[2025-11-12T03:48:57.583+0000] {docker.py:429} INFO - found org.eclipse.jetty.websocket#websocket-common;9.4.43.v20210629 in central
[2025-11-12T03:48:57.786+0000] {docker.py:429} INFO - found org.eclipse.jetty.websocket#websocket-api;9.4.43.v20210629 in central
[2025-11-12T03:48:58.860+0000] {docker.py:429} INFO - found org.jline#jline;3.9.0 in central
[2025-11-12T03:49:00.022+0000] {docker.py:429} INFO - found org.apache.hadoop#hadoop-mapreduce-client-core;3.3.4 in central
[2025-11-12T03:49:00.213+0000] {docker.py:429} INFO - found org.apache.hadoop#hadoop-yarn-common;3.3.4 in central
[2025-11-12T03:49:01.403+0000] {docker.py:429} INFO - found javax.servlet#javax.servlet-api;3.1.0 in central
[2025-11-12T03:49:01.577+0000] {docker.py:429} INFO - found com.sun.jersey#jersey-core;1.19 in central
[2025-11-12T03:49:01.804+0000] {docker.py:429} INFO - found javax.ws.rs#jsr311-api;1.1.1 in central
[2025-11-12T03:49:02.023+0000] {docker.py:429} INFO - found com.sun.jersey#jersey-client;1.19 in central
[2025-11-12T03:49:03.128+0000] {docker.py:429} INFO - found com.fasterxml.jackson.module#jackson-module-jaxb-annotations;2.12.7 in central
[2025-11-12T03:49:05.121+0000] {docker.py:429} INFO - found jakarta.xml.bind#jakarta.xml.bind-api;2.3.2 in central
[2025-11-12T03:49:06.327+0000] {docker.py:429} INFO - found com.fasterxml.jackson.jaxrs#jackson-jaxrs-json-provider;2.12.7 in central
[2025-11-12T03:49:06.498+0000] {docker.py:429} INFO - found com.fasterxml.jackson.jaxrs#jackson-jaxrs-base;2.12.7 in central
[2025-11-12T03:49:06.856+0000] {docker.py:429} INFO - found org.apache.hadoop#hadoop-mapreduce-client-jobclient;3.3.4 in central
[2025-11-12T03:49:06.860+0000] {docker.py:429} INFO - 
[2025-11-12T03:49:09.289+0000] {docker.py:429} INFO - found org.apache.hadoop#hadoop-mapreduce-client-common;3.3.4 in central
[2025-11-12T03:49:09.498+0000] {docker.py:429} INFO - downloading https://repo1.maven.org/maven2/org/apache/spark/spark-sql-kafka-0-10_2.12/3.5.0/spark-sql-kafka-0-10_2.12-3.5.0.jar ...
[2025-11-12T03:49:09.765+0000] {docker.py:429} INFO - [SUCCESSFUL ] org.apache.spark#spark-sql-kafka-0-10_2.12;3.5.0!spark-sql-kafka-0-10_2.12.jar (435ms)
[2025-11-12T03:49:09.849+0000] {docker.py:429} INFO - downloading https://repo1.maven.org/maven2/org/apache/hadoop/hadoop-client/3.3.4/hadoop-client-3.3.4.jar ...
[2025-11-12T03:49:09.917+0000] {docker.py:429} INFO - [SUCCESSFUL ] org.apache.hadoop#hadoop-client;3.3.4!hadoop-client.jar (150ms)
[2025-11-12T03:49:09.992+0000] {docker.py:429} INFO - downloading https://repo1.maven.org/maven2/org/apache/spark/spark-token-provider-kafka-0-10_2.12/3.5.0/spark-token-provider-kafka-0-10_2.12-3.5.0.jar ...
[2025-11-12T03:49:10.108+0000] {docker.py:429} INFO - [SUCCESSFUL ] org.apache.spark#spark-token-provider-kafka-0-10_2.12;3.5.0!spark-token-provider-kafka-0-10_2.12.jar (190ms)
[2025-11-12T03:49:10.194+0000] {docker.py:429} INFO - downloading https://repo1.maven.org/maven2/org/apache/kafka/kafka-clients/3.4.1/kafka-clients-3.4.1.jar ...
[2025-11-12T03:49:11.481+0000] {docker.py:429} INFO - [SUCCESSFUL ] org.apache.kafka#kafka-clients;3.4.1!kafka-clients.jar (1372ms)
[2025-11-12T03:49:11.627+0000] {docker.py:429} INFO - downloading https://repo1.maven.org/maven2/org/apache/commons/commons-pool2/2.11.1/commons-pool2-2.11.1.jar ...
[2025-11-12T03:49:11.723+0000] {docker.py:429} INFO - [SUCCESSFUL ] org.apache.commons#commons-pool2;2.11.1!commons-pool2.jar (239ms)
[2025-11-12T03:49:11.798+0000] {docker.py:429} INFO - downloading https://repo1.maven.org/maven2/org/apache/hadoop/hadoop-client-runtime/3.3.4/hadoop-client-runtime-3.3.4.jar ...
[2025-11-12T03:50:35.086+0000] {docker.py:429} INFO - [SUCCESSFUL ] org.apache.hadoop#hadoop-client-runtime;3.3.4!hadoop-client-runtime.jar (83362ms)
[2025-11-12T03:50:35.197+0000] {docker.py:429} INFO - downloading https://repo1.maven.org/maven2/org/lz4/lz4-java/1.8.0/lz4-java-1.8.0.jar ...
[2025-11-12T03:50:37.816+0000] {docker.py:429} INFO - [SUCCESSFUL ] org.lz4#lz4-java;1.8.0!lz4-java.jar (2701ms)
[2025-11-12T03:50:37.893+0000] {docker.py:429} INFO - downloading https://repo1.maven.org/maven2/org/xerial/snappy/snappy-java/1.1.10.3/snappy-java-1.1.10.3.jar ...
[2025-11-12T03:50:39.760+0000] {docker.py:429} INFO - [SUCCESSFUL ] org.xerial.snappy#snappy-java;1.1.10.3!snappy-java.jar(bundle) (1942ms)
[2025-11-12T03:50:39.837+0000] {docker.py:429} INFO - downloading https://repo1.maven.org/maven2/org/slf4j/slf4j-api/2.0.7/slf4j-api-2.0.7.jar ...
[2025-11-12T03:50:39.945+0000] {docker.py:429} INFO - [SUCCESSFUL ] org.slf4j#slf4j-api;2.0.7!slf4j-api.jar (182ms)
[2025-11-12T03:50:40.018+0000] {docker.py:429} INFO - downloading https://repo1.maven.org/maven2/org/apache/hadoop/hadoop-client-api/3.3.4/hadoop-client-api-3.3.4.jar ...
[2025-11-12T03:51:30.699+0000] {docker.py:429} INFO - [SUCCESSFUL ] org.apache.hadoop#hadoop-client-api;3.3.4!hadoop-client-api.jar (50752ms)
[2025-11-12T03:51:31.099+0000] {docker.py:429} INFO - downloading https://repo1.maven.org/maven2/commons-logging/commons-logging/1.1.3/commons-logging-1.1.3.jar ...
[2025-11-12T03:51:31.616+0000] {docker.py:429} INFO - [SUCCESSFUL ] commons-logging#commons-logging;1.1.3!commons-logging.jar (915ms)
[2025-11-12T03:51:31.698+0000] {docker.py:429} INFO - downloading https://repo1.maven.org/maven2/org/apache/hadoop/hadoop-common/3.3.4/hadoop-common-3.3.4.jar ...
[2025-11-12T03:51:35.127+0000] {docker.py:429} INFO - downloading https://repo1.maven.org/maven2/org/apache/hadoop/hadoop-hdfs-client/3.3.4/hadoop-hdfs-client-3.3.4.jar ...
[2025-11-12T03:51:38.606+0000] {docker.py:429} INFO - [SUCCESSFUL ] org.apache.hadoop#hadoop-hdfs-client;3.3.4!hadoop-hdfs-client.jar (3995ms)
[2025-11-12T03:51:38.674+0000] {docker.py:429} INFO - downloading https://repo1.maven.org/maven2/org/apache/hadoop/hadoop-yarn-api/3.3.4/hadoop-yarn-api-3.3.4.jar ...
[2025-11-12T03:51:38.438+0000] {docker.py:429} INFO - [SUCCESSFUL ] org.apache.hadoop#hadoop-yarn-api;3.3.4!hadoop-yarn-api.jar (-168ms)
[2025-11-12T03:51:38.535+0000] {docker.py:429} INFO - downloading https://repo1.maven.org/maven2/org/apache/hadoop/hadoop-yarn-client/3.3.4/hadoop-yarn-client-3.3.4.jar ...
[2025-11-12T03:51:38.826+0000] {docker.py:429} INFO - [SUCCESSFUL ] org.apache.hadoop#hadoop-yarn-client;3.3.4!hadoop-yarn-client.jar (359ms)
[2025-11-12T03:51:38.927+0000] {docker.py:429} INFO - downloading https://repo1.maven.org/maven2/org/apache/hadoop/hadoop-mapreduce-client-core/3.3.4/hadoop-mapreduce-client-core-3.3.4.jar ...
[2025-11-12T03:51:39.887+0000] {docker.py:429} INFO - [SUCCESSFUL ] org.apache.hadoop#hadoop-mapreduce-client-core;3.3.4!hadoop-mapreduce-client-core.jar (1029ms)
[2025-11-12T03:51:40.512+0000] {docker.py:429} INFO - downloading https://repo1.maven.org/maven2/org/apache/hadoop/hadoop-mapreduce-client-jobclient/3.3.4/hadoop-mapreduce-client-jobclient-3.3.4.jar ...
[2025-11-12T03:51:40.931+0000] {docker.py:429} INFO - [SUCCESSFUL ] org.apache.hadoop#hadoop-mapreduce-client-jobclient;3.3.4!hadoop-mapreduce-client-jobclient.jar (1015ms)
[2025-11-12T03:51:41.808+0000] {docker.py:429} INFO - downloading https://repo1.maven.org/maven2/org/apache/hadoop/hadoop-annotations/3.3.4/hadoop-annotations-3.3.4.jar ...
[2025-11-12T03:51:41.892+0000] {docker.py:429} INFO - [SUCCESSFUL ] org.apache.hadoop#hadoop-annotations;3.3.4!hadoop-annotations.jar (959ms)
[2025-11-12T03:51:42.216+0000] {docker.py:429} INFO - downloading https://repo1.maven.org/maven2/org/apache/hadoop/thirdparty/hadoop-shaded-protobuf_3_7/1.1.1/hadoop-shaded-protobuf_3_7-1.1.1.jar ...
[2025-11-12T03:51:48.074+0000] {docker.py:429} INFO - [SUCCESSFUL ] org.apache.hadoop.thirdparty#hadoop-shaded-protobuf_3_7;1.1.1!hadoop-shaded-protobuf_3_7.jar (6180ms)
[2025-11-12T03:51:48.156+0000] {docker.py:429} INFO - downloading https://repo1.maven.org/maven2/org/apache/hadoop/thirdparty/hadoop-shaded-guava/1.1.1/hadoop-shaded-guava-1.1.1.jar ...
[2025-11-12T03:51:52.401+0000] {docker.py:429} INFO - [SUCCESSFUL ] org.apache.hadoop.thirdparty#hadoop-shaded-guava;1.1.1!hadoop-shaded-guava.jar (4325ms)
[2025-11-12T03:51:52.471+0000] {docker.py:429} INFO - downloading https://repo1.maven.org/maven2/com/google/guava/guava/27.0-jre/guava-27.0-jre.jar ...
[2025-11-12T03:51:54.041+0000] {docker.py:429} INFO - [SUCCESSFUL ] com.google.guava#guava;27.0-jre!guava.jar(bundle) (1639ms)
[2025-11-12T03:51:54.107+0000] {docker.py:429} INFO - downloading https://repo1.maven.org/maven2/commons-cli/commons-cli/1.2/commons-cli-1.2.jar ...
[2025-11-12T03:51:55.295+0000] {docker.py:429} INFO - [SUCCESSFUL ] commons-cli#commons-cli;1.2!commons-cli.jar (1252ms)
[2025-11-12T03:51:55.369+0000] {docker.py:429} INFO - downloading https://repo1.maven.org/maven2/org/apache/commons/commons-math3/3.1.1/commons-math3-3.1.1.jar ...
[2025-11-12T03:51:57.424+0000] {docker.py:429} INFO - [SUCCESSFUL ] org.apache.commons#commons-math3;3.1.1!commons-math3.jar (2126ms)
[2025-11-12T03:51:57.490+0000] {docker.py:429} INFO - downloading https://repo1.maven.org/maven2/org/apache/httpcomponents/httpclient/4.5.13/httpclient-4.5.13.jar ...
[2025-11-12T03:51:58.424+0000] {docker.py:429} INFO - [SUCCESSFUL ] org.apache.httpcomponents#httpclient;4.5.13!httpclient.jar (998ms)
[2025-11-12T03:51:58.497+0000] {docker.py:429} INFO - downloading https://repo1.maven.org/maven2/commons-codec/commons-codec/1.15/commons-codec-1.15.jar ...
[2025-11-12T03:51:59.171+0000] {docker.py:429} INFO - [SUCCESSFUL ] commons-codec#commons-codec;1.15!commons-codec.jar (746ms)
[2025-11-12T03:51:59.274+0000] {docker.py:429} INFO - downloading https://repo1.maven.org/maven2/commons-io/commons-io/2.8.0/commons-io-2.8.0.jar ...
[2025-11-12T03:51:59.750+0000] {docker.py:429} INFO - [SUCCESSFUL ] commons-io#commons-io;2.8.0!commons-io.jar (547ms)
[2025-11-12T03:51:59.839+0000] {docker.py:429} INFO - downloading https://repo1.maven.org/maven2/commons-net/commons-net/3.6/commons-net-3.6.jar ...
[2025-11-12T03:52:00.152+0000] {docker.py:429} INFO - [SUCCESSFUL ] commons-net#commons-net;3.6!commons-net.jar (385ms)
[2025-11-12T03:52:00.258+0000] {docker.py:429} INFO - downloading https://repo1.maven.org/maven2/commons-collections/commons-collections/3.2.2/commons-collections-3.2.2.jar ...
[2025-11-12T03:52:01.164+0000] {docker.py:429} INFO - [SUCCESSFUL ] commons-collections#commons-collections;3.2.2!commons-collections.jar (982ms)
[2025-11-12T03:52:01.237+0000] {docker.py:429} INFO - downloading https://repo1.maven.org/maven2/org/eclipse/jetty/jetty-servlet/9.4.43.v20210629/jetty-servlet-9.4.43.v20210629.jar ...
[2025-11-12T03:52:01.541+0000] {docker.py:429} INFO - [SUCCESSFUL ] org.eclipse.jetty#jetty-servlet;9.4.43.v20210629!jetty-servlet.jar (369ms)
[2025-11-12T03:52:01.648+0000] {docker.py:429} INFO - downloading https://repo1.maven.org/maven2/org/eclipse/jetty/jetty-webapp/9.4.43.v20210629/jetty-webapp-9.4.43.v20210629.jar ...
[2025-11-12T03:52:01.983+0000] {docker.py:429} INFO - [SUCCESSFUL ] org.eclipse.jetty#jetty-webapp;9.4.43.v20210629!jetty-webapp.jar (394ms)
[2025-11-12T03:52:02.057+0000] {docker.py:429} INFO - downloading https://repo1.maven.org/maven2/com/sun/jersey/jersey-servlet/1.19/jersey-servlet-1.19.jar ...
[2025-11-12T03:52:02.317+0000] {docker.py:429} INFO - [SUCCESSFUL ] com.sun.jersey#jersey-servlet;1.19!jersey-servlet.jar (340ms)
[2025-11-12T03:52:02.423+0000] {docker.py:429} INFO - downloading https://repo1.maven.org/maven2/ch/qos/reload4j/reload4j/1.2.22/reload4j-1.2.22.jar ...
[2025-11-12T03:52:03.228+0000] {docker.py:429} INFO - [SUCCESSFUL ] ch.qos.reload4j#reload4j;1.2.22!reload4j.jar (881ms)
[2025-11-12T03:52:04.027+0000] {docker.py:429} INFO - downloading https://repo1.maven.org/maven2/commons-beanutils/commons-beanutils/1.9.4/commons-beanutils-1.9.4.jar ...
[2025-11-12T03:52:04.393+0000] {docker.py:429} INFO - [SUCCESSFUL ] commons-beanutils#commons-beanutils;1.9.4!commons-beanutils.jar (1164ms)
[2025-11-12T03:52:04.772+0000] {docker.py:429} INFO - downloading https://repo1.maven.org/maven2/org/apache/commons/commons-configuration2/2.1.1/commons-configuration2-2.1.1.jar ...
[2025-11-12T03:52:05.644+0000] {docker.py:429} INFO - [SUCCESSFUL ] org.apache.commons#commons-configuration2;2.1.1!commons-configuration2.jar (1249ms)
[2025-11-12T03:52:05.761+0000] {docker.py:429} INFO - downloading https://repo1.maven.org/maven2/org/apache/commons/commons-lang3/3.12.0/commons-lang3-3.12.0.jar ...
[2025-11-12T03:52:06.502+0000] {docker.py:429} INFO - [SUCCESSFUL ] org.apache.commons#commons-lang3;3.12.0!commons-lang3.jar (829ms)
[2025-11-12T03:52:06.587+0000] {docker.py:429} INFO - downloading https://repo1.maven.org/maven2/org/apache/commons/commons-text/1.4/commons-text-1.4.jar ...
[2025-11-12T03:52:05.153+0000] {docker.py:429} INFO - [SUCCESSFUL ] org.apache.commons#commons-text;1.4!commons-text.jar (-1364ms)
[2025-11-12T03:52:05.233+0000] {docker.py:429} INFO - downloading https://repo1.maven.org/maven2/org/slf4j/slf4j-reload4j/1.7.36/slf4j-reload4j-1.7.36.jar ...
[2025-11-12T03:52:05.504+0000] {docker.py:429} INFO - [SUCCESSFUL ] org.slf4j#slf4j-reload4j;1.7.36!slf4j-reload4j.jar (350ms)
[2025-11-12T03:52:05.574+0000] {docker.py:429} INFO - downloading https://repo1.maven.org/maven2/org/apache/avro/avro/1.7.7/avro-1.7.7.jar ...
[2025-11-12T03:52:06.213+0000] {docker.py:429} INFO - [SUCCESSFUL ] org.apache.avro#avro;1.7.7!avro.jar(bundle) (707ms)
[2025-11-12T03:52:06.313+0000] {docker.py:429} INFO - downloading https://repo1.maven.org/maven2/com/google/re2j/re2j/1.1/re2j-1.1.jar ...
[2025-11-12T03:52:06.909+0000] {docker.py:429} INFO - [SUCCESSFUL ] com.google.re2j#re2j;1.1!re2j.jar (670ms)
[2025-11-12T03:52:07.004+0000] {docker.py:429} INFO - downloading https://repo1.maven.org/maven2/com/google/protobuf/protobuf-java/2.5.0/protobuf-java-2.5.0.jar ...
[2025-11-12T03:52:07.512+0000] {docker.py:429} INFO - [SUCCESSFUL ] com.google.protobuf#protobuf-java;2.5.0!protobuf-java.jar(bundle) (572ms)
[2025-11-12T03:52:07.592+0000] {docker.py:429} INFO - downloading https://repo1.maven.org/maven2/com/google/code/gson/gson/2.8.9/gson-2.8.9.jar ...
[2025-11-12T03:52:07.854+0000] {docker.py:429} INFO - [SUCCESSFUL ] com.google.code.gson#gson;2.8.9!gson.jar (342ms)
[2025-11-12T03:52:07.923+0000] {docker.py:429} INFO - downloading https://repo1.maven.org/maven2/org/apache/hadoop/hadoop-auth/3.3.4/hadoop-auth-3.3.4.jar ...
[2025-11-12T03:52:08.117+0000] {docker.py:429} INFO - [SUCCESSFUL ] org.apache.hadoop#hadoop-auth;3.3.4!hadoop-auth.jar (261ms)
[2025-11-12T03:52:08.188+0000] {docker.py:429} INFO - downloading https://repo1.maven.org/maven2/org/apache/curator/curator-client/4.2.0/curator-client-4.2.0.jar ...
[2025-11-12T03:52:11.648+0000] {docker.py:429} INFO - [SUCCESSFUL ] org.apache.curator#curator-client;4.2.0!curator-client.jar(bundle) (3529ms)
[2025-11-12T03:52:11.756+0000] {docker.py:429} INFO - downloading https://repo1.maven.org/maven2/org/apache/curator/curator-recipes/4.2.0/curator-recipes-4.2.0.jar ...
[2025-11-12T03:52:12.144+0000] {docker.py:429} INFO - [SUCCESSFUL ] org.apache.curator#curator-recipes;4.2.0!curator-recipes.jar(bundle) (467ms)
[2025-11-12T03:52:12.216+0000] {docker.py:429} INFO - downloading https://repo1.maven.org/maven2/com/google/code/findbugs/jsr305/3.0.2/jsr305-3.0.2.jar ...
[2025-11-12T03:52:12.298+0000] {docker.py:429} INFO - [SUCCESSFUL ] com.google.code.findbugs#jsr305;3.0.2!jsr305.jar (153ms)
[2025-11-12T03:52:12.377+0000] {docker.py:429} INFO - downloading https://repo1.maven.org/maven2/org/apache/commons/commons-compress/1.21/commons-compress-1.21.jar ...
[2025-11-12T03:52:13.592+0000] {docker.py:429} INFO - [SUCCESSFUL ] org.apache.commons#commons-compress;1.21!commons-compress.jar (1288ms)
[2025-11-12T03:52:13.661+0000] {docker.py:429} INFO - downloading https://repo1.maven.org/maven2/org/apache/kerby/kerb-core/1.0.1/kerb-core-1.0.1.jar ...
[2025-11-12T03:52:13.912+0000] {docker.py:429} INFO - [SUCCESSFUL ] org.apache.kerby#kerb-core;1.0.1!kerb-core.jar (320ms)
[2025-11-12T03:52:13.975+0000] {docker.py:429} INFO - downloading https://repo1.maven.org/maven2/com/fasterxml/jackson/core/jackson-databind/2.12.7/jackson-databind-2.12.7.jar ...
[2025-11-12T03:52:15.470+0000] {docker.py:429} INFO - [SUCCESSFUL ] com.fasterxml.jackson.core#jackson-databind;2.12.7!jackson-databind.jar(bundle) (1556ms)
[2025-11-12T03:52:15.545+0000] {docker.py:429} INFO - downloading https://repo1.maven.org/maven2/org/codehaus/woodstox/stax2-api/4.2.1/stax2-api-4.2.1.jar ...
[2025-11-12T03:52:16.473+0000] {docker.py:429} INFO - [SUCCESSFUL ] org.codehaus.woodstox#stax2-api;4.2.1!stax2-api.jar(bundle) (1002ms)
[2025-11-12T03:52:16.538+0000] {docker.py:429} INFO - downloading https://repo1.maven.org/maven2/com/fasterxml/woodstox/woodstox-core/5.3.0/woodstox-core-5.3.0.jar ...
[2025-11-12T03:52:18.024+0000] {docker.py:429} INFO - [SUCCESSFUL ] com.fasterxml.woodstox#woodstox-core;5.3.0!woodstox-core.jar(bundle) (1549ms)
[2025-11-12T03:52:18.087+0000] {docker.py:429} INFO - downloading https://repo1.maven.org/maven2/dnsjava/dnsjava/2.1.7/dnsjava-2.1.7.jar ...
[2025-11-12T03:52:18.586+0000] {docker.py:429} INFO - [SUCCESSFUL ] dnsjava#dnsjava;2.1.7!dnsjava.jar (561ms)
[2025-11-12T03:52:18.908+0000] {docker.py:429} INFO - downloading https://repo1.maven.org/maven2/com/google/guava/failureaccess/1.0/failureaccess-1.0.jar ...
[2025-11-12T03:52:19.288+0000] {docker.py:429} INFO - [SUCCESSFUL ] com.google.guava#failureaccess;1.0!failureaccess.jar (700ms)
[2025-11-12T03:52:19.361+0000] {docker.py:429} INFO - downloading https://repo1.maven.org/maven2/com/google/guava/listenablefuture/9999.0-empty-to-avoid-conflict-with-guava/listenablefuture-9999.0-empty-to-avoid-conflict-with-guava.jar ...
[2025-11-12T03:52:19.436+0000] {docker.py:429} INFO - [SUCCESSFUL ] com.google.guava#listenablefuture;9999.0-empty-to-avoid-conflict-with-guava!listenablefuture.jar (147ms)
[2025-11-12T03:52:19.503+0000] {docker.py:429} INFO - downloading https://repo1.maven.org/maven2/org/checkerframework/checker-qual/2.5.2/checker-qual-2.5.2.jar ...
[2025-11-12T03:52:19.817+0000] {docker.py:429} INFO - [SUCCESSFUL ] org.checkerframework#checker-qual;2.5.2!checker-qual.jar (379ms)
[2025-11-12T03:52:19.886+0000] {docker.py:429} INFO - downloading https://repo1.maven.org/maven2/com/google/j2objc/j2objc-annotations/1.1/j2objc-annotations-1.1.jar ...
[2025-11-12T03:52:20.026+0000] {docker.py:429} INFO - [SUCCESSFUL ] com.google.j2objc#j2objc-annotations;1.1!j2objc-annotations.jar (206ms)
[2025-11-12T03:52:20.104+0000] {docker.py:429} INFO - downloading https://repo1.maven.org/maven2/org/codehaus/mojo/animal-sniffer-annotations/1.17/animal-sniffer-annotations-1.17.jar ...
[2025-11-12T03:52:20.466+0000] {docker.py:429} INFO - [SUCCESSFUL ] org.codehaus.mojo#animal-sniffer-annotations;1.17!animal-sniffer-annotations.jar (438ms)
[2025-11-12T03:52:20.535+0000] {docker.py:429} INFO - downloading https://repo1.maven.org/maven2/org/apache/httpcomponents/httpcore/4.4.13/httpcore-4.4.13.jar ...
[2025-11-12T03:52:21.254+0000] {docker.py:429} INFO - [SUCCESSFUL ] org.apache.httpcomponents#httpcore;4.4.13!httpcore.jar (786ms)
[2025-11-12T03:52:21.320+0000] {docker.py:429} INFO - downloading https://repo1.maven.org/maven2/org/eclipse/jetty/jetty-security/9.4.43.v20210629/jetty-security-9.4.43.v20210629.jar ...
[2025-11-12T03:52:21.645+0000] {docker.py:429} INFO - [SUCCESSFUL ] org.eclipse.jetty#jetty-security;9.4.43.v20210629!jetty-security.jar (389ms)
[2025-11-12T03:52:22.061+0000] {docker.py:429} INFO - downloading https://repo1.maven.org/maven2/org/eclipse/jetty/jetty-util-ajax/9.4.43.v20210629/jetty-util-ajax-9.4.43.v20210629.jar ...
[2025-11-12T03:52:22.489+0000] {docker.py:429} INFO - [SUCCESSFUL ] org.eclipse.jetty#jetty-util-ajax;9.4.43.v20210629!jetty-util-ajax.jar (844ms)
[2025-11-12T03:52:22.555+0000] {docker.py:429} INFO - downloading https://repo1.maven.org/maven2/org/eclipse/jetty/jetty-xml/9.4.43.v20210629/jetty-xml-9.4.43.v20210629.jar ...
[2025-11-12T03:52:22.697+0000] {docker.py:429} INFO - [SUCCESSFUL ] org.eclipse.jetty#jetty-xml;9.4.43.v20210629!jetty-xml.jar (206ms)
[2025-11-12T03:52:23.020+0000] {docker.py:429} INFO - downloading https://repo1.maven.org/maven2/org/codehaus/jackson/jackson-core-asl/1.9.13/jackson-core-asl-1.9.13.jar ...
[2025-11-12T03:52:25.281+0000] {docker.py:429} INFO - [SUCCESSFUL ] org.codehaus.jackson#jackson-core-asl;1.9.13!jackson-core-asl.jar (2582ms)
[2025-11-12T03:52:25.347+0000] {docker.py:429} INFO - downloading https://repo1.maven.org/maven2/org/codehaus/jackson/jackson-mapper-asl/1.9.13/jackson-mapper-asl-1.9.13.jar ...
[2025-11-12T03:52:26.291+0000] {docker.py:429} INFO - [SUCCESSFUL ] org.codehaus.jackson#jackson-mapper-asl;1.9.13!jackson-mapper-asl.jar (1009ms)
[2025-11-12T03:52:26.356+0000] {docker.py:429} INFO - downloading https://repo1.maven.org/maven2/com/thoughtworks/paranamer/paranamer/2.3/paranamer-2.3.jar ...
[2025-11-12T03:52:26.441+0000] {docker.py:429} INFO - [SUCCESSFUL ] com.thoughtworks.paranamer#paranamer;2.3!paranamer.jar (148ms)
[2025-11-12T03:52:26.511+0000] {docker.py:429} INFO - downloading https://repo1.maven.org/maven2/com/nimbusds/nimbus-jose-jwt/9.8.1/nimbus-jose-jwt-9.8.1.jar ...
[2025-11-12T03:52:27.480+0000] {docker.py:429} INFO - [SUCCESSFUL ] com.nimbusds#nimbus-jose-jwt;9.8.1!nimbus-jose-jwt.jar (1038ms)
[2025-11-12T03:52:27.636+0000] {docker.py:429} INFO - downloading https://repo1.maven.org/maven2/net/minidev/json-smart/2.4.7/json-smart-2.4.7.jar ...
[2025-11-12T03:52:28.090+0000] {docker.py:429} INFO - [SUCCESSFUL ] net.minidev#json-smart;2.4.7!json-smart.jar(bundle) (609ms)
[2025-11-12T03:52:28.177+0000] {docker.py:429} INFO - downloading https://repo1.maven.org/maven2/org/apache/curator/curator-framework/4.2.0/curator-framework-4.2.0.jar ...
[2025-11-12T03:52:28.584+0000] {docker.py:429} INFO - [SUCCESSFUL ] org.apache.curator#curator-framework;4.2.0!curator-framework.jar(bundle) (491ms)
[2025-11-12T03:52:28.691+0000] {docker.py:429} INFO - downloading https://repo1.maven.org/maven2/org/apache/kerby/kerb-simplekdc/1.0.1/kerb-simplekdc-1.0.1.jar ...
[2025-11-12T03:52:28.920+0000] {docker.py:429} INFO - [SUCCESSFUL ] org.apache.kerby#kerb-simplekdc;1.0.1!kerb-simplekdc.jar (332ms)
[2025-11-12T03:52:29.349+0000] {docker.py:429} INFO - downloading https://repo1.maven.org/maven2/com/github/stephenc/jcip/jcip-annotations/1.0-1/jcip-annotations-1.0-1.jar ...
[2025-11-12T03:52:29.510+0000] {docker.py:429} INFO - [SUCCESSFUL ] com.github.stephenc.jcip#jcip-annotations;1.0-1!jcip-annotations.jar (588ms)
[2025-11-12T03:52:29.992+0000] {docker.py:429} INFO - downloading https://repo1.maven.org/maven2/net/minidev/accessors-smart/2.4.7/accessors-smart-2.4.7.jar ...
[2025-11-12T03:52:30.165+0000] {docker.py:429} INFO - [SUCCESSFUL ] net.minidev#accessors-smart;2.4.7!accessors-smart.jar(bundle) (654ms)
[2025-11-12T03:52:30.249+0000] {docker.py:429} INFO - downloading https://repo1.maven.org/maven2/org/ow2/asm/asm/5.0.4/asm-5.0.4.jar ...
[2025-11-12T03:52:30.465+0000] {docker.py:429} INFO - [SUCCESSFUL ] org.ow2.asm#asm;5.0.4!asm.jar (298ms)
[2025-11-12T03:52:30.545+0000] {docker.py:429} INFO - downloading https://repo1.maven.org/maven2/org/apache/kerby/kerb-client/1.0.1/kerb-client-1.0.1.jar ...
[2025-11-12T03:52:32.321+0000] {docker.py:429} INFO - [SUCCESSFUL ] org.apache.kerby#kerb-client;1.0.1!kerb-client.jar (1853ms)
[2025-11-12T03:52:32.392+0000] {docker.py:429} INFO - downloading https://repo1.maven.org/maven2/org/apache/kerby/kerb-admin/1.0.1/kerb-admin-1.0.1.jar ...
[2025-11-12T03:52:32.639+0000] {docker.py:429} INFO - [SUCCESSFUL ] org.apache.kerby#kerb-admin;1.0.1!kerb-admin.jar (317ms)
[2025-11-12T03:52:32.988+0000] {docker.py:429} INFO - downloading https://repo1.maven.org/maven2/org/apache/kerby/kerby-config/1.0.1/kerby-config-1.0.1.jar ...
[2025-11-12T03:52:33.071+0000] {docker.py:429} INFO - [SUCCESSFUL ] org.apache.kerby#kerby-config;1.0.1!kerby-config.jar (431ms)
[2025-11-12T03:52:33.140+0000] {docker.py:429} INFO - downloading https://repo1.maven.org/maven2/org/apache/kerby/kerb-common/1.0.1/kerb-common-1.0.1.jar ...
[2025-11-12T03:52:33.244+0000] {docker.py:429} INFO - [SUCCESSFUL ] org.apache.kerby#kerb-common;1.0.1!kerb-common.jar (172ms)
[2025-11-12T03:52:33.318+0000] {docker.py:429} INFO - downloading https://repo1.maven.org/maven2/org/apache/kerby/kerb-util/1.0.1/kerb-util-1.0.1.jar ...
[2025-11-12T03:52:33.481+0000] {docker.py:429} INFO - [SUCCESSFUL ] org.apache.kerby#kerb-util;1.0.1!kerb-util.jar (235ms)
[2025-11-12T03:52:33.556+0000] {docker.py:429} INFO - downloading https://repo1.maven.org/maven2/org/apache/kerby/token-provider/1.0.1/token-provider-1.0.1.jar ...
[2025-11-12T03:52:33.747+0000] {docker.py:429} INFO - [SUCCESSFUL ] org.apache.kerby#token-provider;1.0.1!token-provider.jar (264ms)
[2025-11-12T03:52:34.035+0000] {docker.py:429} INFO - downloading https://repo1.maven.org/maven2/org/apache/kerby/kerby-pkix/1.0.1/kerby-pkix-1.0.1.jar ...
[2025-11-12T03:52:36.694+0000] {docker.py:429} INFO - [SUCCESSFUL ] org.apache.kerby#kerby-pkix;1.0.1!kerby-pkix.jar (2940ms)
[2025-11-12T03:52:37.322+0000] {docker.py:429} INFO - downloading https://repo1.maven.org/maven2/org/apache/kerby/kerby-asn1/1.0.1/kerby-asn1-1.0.1.jar ...
[2025-11-12T03:52:39.343+0000] {docker.py:429} INFO - [SUCCESSFUL ] org.apache.kerby#kerby-asn1;1.0.1!kerby-asn1.jar (2651ms)
[2025-11-12T03:52:39.404+0000] {docker.py:429} INFO - downloading https://repo1.maven.org/maven2/org/apache/kerby/kerby-util/1.0.1/kerby-util-1.0.1.jar ...
[2025-11-12T03:52:40.640+0000] {docker.py:429} INFO - [SUCCESSFUL ] org.apache.kerby#kerby-util;1.0.1!kerby-util.jar (1294ms)
[2025-11-12T03:52:40.729+0000] {docker.py:429} INFO - downloading https://repo1.maven.org/maven2/org/apache/kerby/kerb-crypto/1.0.1/kerb-crypto-1.0.1.jar ...
[2025-11-12T03:52:42.034+0000] {docker.py:429} INFO - [SUCCESSFUL ] org.apache.kerby#kerb-crypto;1.0.1!kerb-crypto.jar (1393ms)
[2025-11-12T03:52:42.109+0000] {docker.py:429} INFO - downloading https://repo1.maven.org/maven2/org/apache/kerby/kerb-server/1.0.1/kerb-server-1.0.1.jar ...
[2025-11-12T03:52:42.675+0000] {docker.py:429} INFO - [SUCCESSFUL ] org.apache.kerby#kerb-server;1.0.1!kerb-server.jar (640ms)
[2025-11-12T03:52:42.853+0000] {docker.py:429} INFO - downloading https://repo1.maven.org/maven2/org/apache/kerby/kerby-xdr/1.0.1/kerby-xdr-1.0.1.jar ...
[2025-11-12T03:52:43.173+0000] {docker.py:429} INFO - [SUCCESSFUL ] org.apache.kerby#kerby-xdr;1.0.1!kerby-xdr.jar (496ms)
[2025-11-12T03:52:43.248+0000] {docker.py:429} INFO - downloading https://repo1.maven.org/maven2/org/apache/kerby/kerb-identity/1.0.1/kerb-identity-1.0.1.jar ...
[2025-11-12T03:52:44.298+0000] {docker.py:429} INFO - [SUCCESSFUL ] org.apache.kerby#kerb-identity;1.0.1!kerb-identity.jar (1121ms)
[2025-11-12T03:52:44.367+0000] {docker.py:429} INFO - downloading https://repo1.maven.org/maven2/com/fasterxml/jackson/core/jackson-annotations/2.12.7/jackson-annotations-2.12.7.jar ...
[2025-11-12T03:52:45.137+0000] {docker.py:429} INFO - [SUCCESSFUL ] com.fasterxml.jackson.core#jackson-annotations;2.12.7!jackson-annotations.jar(bundle) (836ms)
[2025-11-12T03:52:45.666+0000] {docker.py:429} INFO - downloading https://repo1.maven.org/maven2/com/fasterxml/jackson/core/jackson-core/2.12.7/jackson-core-2.12.7.jar ...
[2025-11-12T03:52:46.946+0000] {docker.py:429} INFO - [SUCCESSFUL ] com.fasterxml.jackson.core#jackson-core;2.12.7!jackson-core.jar(bundle) (1806ms)
[2025-11-12T03:52:47.021+0000] {docker.py:429} INFO - downloading https://repo1.maven.org/maven2/jakarta/activation/jakarta.activation-api/1.2.1/jakarta.activation-api-1.2.1.jar ...
[2025-11-12T03:52:47.172+0000] {docker.py:429} INFO - [SUCCESSFUL ] jakarta.activation#jakarta.activation-api;1.2.1!jakarta.activation-api.jar (222ms)
[2025-11-12T03:52:47.247+0000] {docker.py:429} INFO - downloading https://repo1.maven.org/maven2/javax/servlet/jsp/jsp-api/2.1/jsp-api-2.1.jar ...
[2025-11-12T03:52:47.875+0000] {docker.py:429} INFO - [SUCCESSFUL ] javax.servlet.jsp#jsp-api;2.1!jsp-api.jar (701ms)
[2025-11-12T03:52:48.256+0000] {docker.py:429} INFO - downloading https://repo1.maven.org/maven2/javax/xml/bind/jaxb-api/2.2.11/jaxb-api-2.2.11.jar ...
[2025-11-12T03:52:48.527+0000] {docker.py:429} INFO - [SUCCESSFUL ] javax.xml.bind#jaxb-api;2.2.11!jaxb-api.jar (651ms)
[2025-11-12T03:52:48.592+0000] {docker.py:429} INFO - downloading https://repo1.maven.org/maven2/org/eclipse/jetty/websocket/websocket-client/9.4.43.v20210629/websocket-client-9.4.43.v20210629.jar ...
[2025-11-12T03:52:48.883+0000] {docker.py:429} INFO - [SUCCESSFUL ] org.eclipse.jetty.websocket#websocket-client;9.4.43.v20210629!websocket-client.jar (354ms)
[2025-11-12T03:52:48.952+0000] {docker.py:429} INFO - downloading https://repo1.maven.org/maven2/org/jline/jline/3.9.0/jline-3.9.0.jar ...
[2025-11-12T03:52:52.176+0000] {docker.py:429} INFO - [SUCCESSFUL ] org.jline#jline;3.9.0!jline.jar (3292ms)
[2025-11-12T03:52:52.547+0000] {docker.py:429} INFO - downloading https://repo1.maven.org/maven2/org/eclipse/jetty/jetty-client/9.4.43.v20210629/jetty-client-9.4.43.v20210629.jar ...
[2025-11-12T03:53:02.514+0000] {docker.py:429} INFO - [SUCCESSFUL ] org.eclipse.jetty#jetty-client;9.4.43.v20210629!jetty-client.jar (10336ms)
[2025-11-12T03:53:02.590+0000] {docker.py:429} INFO - downloading https://repo1.maven.org/maven2/org/eclipse/jetty/jetty-util/9.4.43.v20210629/jetty-util-9.4.43.v20210629.jar ...
[2025-11-12T03:53:04.661+0000] {docker.py:429} INFO - [SUCCESSFUL ] org.eclipse.jetty#jetty-util;9.4.43.v20210629!jetty-util.jar (2145ms)
[2025-11-12T03:53:04.726+0000] {docker.py:429} INFO - downloading https://repo1.maven.org/maven2/org/eclipse/jetty/jetty-io/9.4.43.v20210629/jetty-io-9.4.43.v20210629.jar ...
[2025-11-12T03:53:05.261+0000] {docker.py:429} INFO - [SUCCESSFUL ] org.eclipse.jetty#jetty-io;9.4.43.v20210629!jetty-io.jar (599ms)
[2025-11-12T03:53:05.606+0000] {docker.py:429} INFO - downloading https://repo1.maven.org/maven2/org/eclipse/jetty/websocket/websocket-common/9.4.43.v20210629/websocket-common-9.4.43.v20210629.jar ...
[2025-11-12T03:53:06.200+0000] {docker.py:429} INFO - [SUCCESSFUL ] org.eclipse.jetty.websocket#websocket-common;9.4.43.v20210629!websocket-common.jar (937ms)
[2025-11-12T03:53:06.267+0000] {docker.py:429} INFO - downloading https://repo1.maven.org/maven2/org/eclipse/jetty/jetty-http/9.4.43.v20210629/jetty-http-9.4.43.v20210629.jar ...
[2025-11-12T03:53:07.071+0000] {docker.py:429} INFO - [SUCCESSFUL ] org.eclipse.jetty#jetty-http;9.4.43.v20210629!jetty-http.jar (870ms)
[2025-11-12T03:53:07.135+0000] {docker.py:429} INFO - downloading https://repo1.maven.org/maven2/org/eclipse/jetty/websocket/websocket-api/9.4.43.v20210629/websocket-api-9.4.43.v20210629.jar ...
[2025-11-12T03:53:07.682+0000] {docker.py:429} INFO - [SUCCESSFUL ] org.eclipse.jetty.websocket#websocket-api;9.4.43.v20210629!websocket-api.jar (610ms)
[2025-11-12T03:53:07.752+0000] {docker.py:429} INFO - downloading https://repo1.maven.org/maven2/org/apache/hadoop/hadoop-yarn-common/3.3.4/hadoop-yarn-common-3.3.4.jar ...
[2025-11-12T03:53:14.152+0000] {docker.py:429} INFO - [SUCCESSFUL ] org.apache.hadoop#hadoop-yarn-common;3.3.4!hadoop-yarn-common.jar (6469ms)
[2025-11-12T03:53:14.251+0000] {docker.py:429} INFO - downloading https://repo1.maven.org/maven2/javax/servlet/javax.servlet-api/3.1.0/javax.servlet-api-3.1.0.jar ...
[2025-11-12T03:53:14.608+0000] {docker.py:429} INFO - [SUCCESSFUL ] javax.servlet#javax.servlet-api;3.1.0!javax.servlet-api.jar (454ms)
[2025-11-12T03:53:14.681+0000] {docker.py:429} INFO - downloading https://repo1.maven.org/maven2/com/sun/jersey/jersey-core/1.19/jersey-core-1.19.jar ...
[2025-11-12T03:53:15.356+0000] {docker.py:429} INFO - [SUCCESSFUL ] com.sun.jersey#jersey-core;1.19!jersey-core.jar (746ms)
[2025-11-12T03:53:15.424+0000] {docker.py:429} INFO - downloading https://repo1.maven.org/maven2/com/sun/jersey/jersey-client/1.19/jersey-client-1.19.jar ...
[2025-11-12T03:53:15.722+0000] {docker.py:429} INFO - [SUCCESSFUL ] com.sun.jersey#jersey-client;1.19!jersey-client.jar (365ms)
[2025-11-12T03:53:15.790+0000] {docker.py:429} INFO - downloading https://repo1.maven.org/maven2/com/fasterxml/jackson/module/jackson-module-jaxb-annotations/2.12.7/jackson-module-jaxb-annotations-2.12.7.jar ...
[2025-11-12T03:53:15.962+0000] {docker.py:429} INFO - [SUCCESSFUL ] com.fasterxml.jackson.module#jackson-module-jaxb-annotations;2.12.7!jackson-module-jaxb-annotations.jar(bundle) (238ms)
[2025-11-12T03:53:16.040+0000] {docker.py:429} INFO - downloading https://repo1.maven.org/maven2/com/fasterxml/jackson/jaxrs/jackson-jaxrs-json-provider/2.12.7/jackson-jaxrs-json-provider-2.12.7.jar ...
[2025-11-12T03:53:16.188+0000] {docker.py:429} INFO - [SUCCESSFUL ] com.fasterxml.jackson.jaxrs#jackson-jaxrs-json-provider;2.12.7!jackson-jaxrs-json-provider.jar(bundle) (225ms)
[2025-11-12T03:53:16.281+0000] {docker.py:429} INFO - downloading https://repo1.maven.org/maven2/javax/ws/rs/jsr311-api/1.1.1/jsr311-api-1.1.1.jar ...
[2025-11-12T03:53:16.790+0000] {docker.py:429} INFO - [SUCCESSFUL ] javax.ws.rs#jsr311-api;1.1.1!jsr311-api.jar (600ms)
[2025-11-12T03:53:16.859+0000] {docker.py:429} INFO - downloading https://repo1.maven.org/maven2/jakarta/xml/bind/jakarta.xml.bind-api/2.3.2/jakarta.xml.bind-api-2.3.2.jar ...
[2025-11-12T03:53:17.691+0000] {docker.py:429} INFO - [SUCCESSFUL ] jakarta.xml.bind#jakarta.xml.bind-api;2.3.2!jakarta.xml.bind-api.jar (899ms)
[2025-11-12T03:53:17.755+0000] {docker.py:429} INFO - downloading https://repo1.maven.org/maven2/com/fasterxml/jackson/jaxrs/jackson-jaxrs-base/2.12.7/jackson-jaxrs-base-2.12.7.jar ...
[2025-11-12T03:53:17.958+0000] {docker.py:429} INFO - [SUCCESSFUL ] com.fasterxml.jackson.jaxrs#jackson-jaxrs-base;2.12.7!jackson-jaxrs-base.jar(bundle) (264ms)
[2025-11-12T03:53:14.900+0000] {docker.py:429} INFO - downloading https://repo1.maven.org/maven2/org/apache/hadoop/hadoop-mapreduce-client-common/3.3.4/hadoop-mapreduce-client-common-3.3.4.jar ...
[2025-11-12T03:53:16.247+0000] {docker.py:429} INFO - [SUCCESSFUL ] org.apache.hadoop#hadoop-mapreduce-client-common;3.3.4!hadoop-mapreduce-client-common.jar (-1713ms)
[2025-11-12T03:53:16.251+0000] {docker.py:429} INFO - :: resolution report :: resolve 90720ms :: artifacts dl 246918ms
	:: modules in use:
[2025-11-12T03:53:16.253+0000] {docker.py:429} INFO - ch.qos.reload4j#reload4j;1.2.22 from central in [default]
	com.fasterxml.jackson.core#jackson-annotations;2.12.7 from central in [default]
	com.fasterxml.jackson.core#jackson-core;2.12.7 from central in [default]
[2025-11-12T03:53:16.254+0000] {docker.py:429} INFO - com.fasterxml.jackson.core#jackson-databind;2.12.7 from central in [default]
[2025-11-12T03:53:16.255+0000] {docker.py:429} INFO - com.fasterxml.jackson.jaxrs#jackson-jaxrs-base;2.12.7 from central in [default]
[2025-11-12T03:53:16.257+0000] {docker.py:429} INFO - com.fasterxml.jackson.jaxrs#jackson-jaxrs-json-provider;2.12.7 from central in [default]
[2025-11-12T03:53:16.258+0000] {docker.py:429} INFO - com.fasterxml.jackson.module#jackson-module-jaxb-annotations;2.12.7 from central in [default]
	com.fasterxml.woodstox#woodstox-core;5.3.0 from central in [default]
[2025-11-12T03:53:16.259+0000] {docker.py:429} INFO - com.github.stephenc.jcip#jcip-annotations;1.0-1 from central in [default]
	com.google.code.findbugs#jsr305;3.0.2 from central in [default]
[2025-11-12T03:53:16.260+0000] {docker.py:429} INFO - com.google.code.gson#gson;2.8.9 from central in [default]
[2025-11-12T03:53:16.261+0000] {docker.py:429} INFO - com.google.guava#failureaccess;1.0 from central in [default]
[2025-11-12T03:53:16.263+0000] {docker.py:429} INFO - com.google.guava#guava;27.0-jre from central in [default]
[2025-11-12T03:53:16.265+0000] {docker.py:429} INFO - com.google.guava#listenablefuture;9999.0-empty-to-avoid-conflict-with-guava from central in [default]
[2025-11-12T03:53:16.266+0000] {docker.py:429} INFO - com.google.j2objc#j2objc-annotations;1.1 from central in [default]
	com.google.protobuf#protobuf-java;2.5.0 from central in [default]
[2025-11-12T03:53:16.268+0000] {docker.py:429} INFO - com.google.re2j#re2j;1.1 from central in [default]
[2025-11-12T03:53:16.269+0000] {docker.py:429} INFO - com.nimbusds#nimbus-jose-jwt;9.8.1 from central in [default]
[2025-11-12T03:53:16.270+0000] {docker.py:429} INFO - com.sun.jersey#jersey-client;1.19 from central in [default]
[2025-11-12T03:53:16.276+0000] {docker.py:429} INFO - com.sun.jersey#jersey-core;1.19 from central in [default]
[2025-11-12T03:53:16.277+0000] {docker.py:429} INFO - com.sun.jersey#jersey-servlet;1.19 from central in [default]
[2025-11-12T03:53:16.278+0000] {docker.py:429} INFO - com.thoughtworks.paranamer#paranamer;2.3 from central in [default]
[2025-11-12T03:53:16.279+0000] {docker.py:429} INFO - commons-beanutils#commons-beanutils;1.9.4 from central in [default]
	commons-cli#commons-cli;1.2 from central in [default]
[2025-11-12T03:53:16.280+0000] {docker.py:429} INFO - commons-codec#commons-codec;1.15 from central in [default]
	commons-collections#commons-collections;3.2.2 from central in [default]
[2025-11-12T03:53:16.281+0000] {docker.py:429} INFO - commons-io#commons-io;2.8.0 from central in [default]
[2025-11-12T03:53:16.282+0000] {docker.py:429} INFO - commons-logging#commons-logging;1.1.3 from central in [default]
[2025-11-12T03:53:16.283+0000] {docker.py:429} INFO - commons-net#commons-net;3.6 from central in [default]
	dnsjava#dnsjava;2.1.7 from central in [default]
[2025-11-12T03:53:16.284+0000] {docker.py:429} INFO - jakarta.activation#jakarta.activation-api;1.2.1 from central in [default]
[2025-11-12T03:53:16.286+0000] {docker.py:429} INFO - jakarta.xml.bind#jakarta.xml.bind-api;2.3.2 from central in [default]
[2025-11-12T03:53:16.287+0000] {docker.py:429} INFO - javax.servlet#javax.servlet-api;3.1.0 from central in [default]
[2025-11-12T03:53:16.289+0000] {docker.py:429} INFO - javax.servlet.jsp#jsp-api;2.1 from central in [default]
	javax.ws.rs#jsr311-api;1.1.1 from central in [default]
	javax.xml.bind#jaxb-api;2.2.11 from central in [default]
	net.minidev#accessors-smart;2.4.7 from central in [default]
	net.minidev#json-smart;2.4.7 from central in [default]
[2025-11-12T03:53:16.290+0000] {docker.py:429} INFO - org.apache.avro#avro;1.7.7 from central in [default]
	org.apache.commons#commons-compress;1.21 from central in [default]
	org.apache.commons#commons-configuration2;2.1.1 from central in [default]
	org.apache.commons#commons-lang3;3.12.0 from central in [default]
[2025-11-12T03:53:16.291+0000] {docker.py:429} INFO - org.apache.commons#commons-math3;3.1.1 from central in [default]
[2025-11-12T03:53:16.292+0000] {docker.py:429} INFO - org.apache.commons#commons-pool2;2.11.1 from central in [default]
[2025-11-12T03:53:16.294+0000] {docker.py:429} INFO - org.apache.commons#commons-text;1.4 from central in [default]
[2025-11-12T03:53:16.295+0000] {docker.py:429} INFO - org.apache.curator#curator-client;4.2.0 from central in [default]
	org.apache.curator#curator-framework;4.2.0 from central in [default]
	org.apache.curator#curator-recipes;4.2.0 from central in [default]
	org.apache.hadoop#hadoop-annotations;3.3.4 from central in [default]
[2025-11-12T03:53:16.296+0000] {docker.py:429} INFO - org.apache.hadoop#hadoop-auth;3.3.4 from central in [default]
	org.apache.hadoop#hadoop-client;3.3.4 from central in [default]
	org.apache.hadoop#hadoop-client-api;3.3.4 from central in [default]
[2025-11-12T03:53:16.296+0000] {docker.py:429} INFO - org.apache.hadoop#hadoop-client-runtime;3.3.4 from central in [default]
	org.apache.hadoop#hadoop-common;3.3.4 from central in [default]
[2025-11-12T03:53:16.297+0000] {docker.py:429} INFO - org.apache.hadoop#hadoop-hdfs-client;3.3.4 from central in [default]
	org.apache.hadoop#hadoop-mapreduce-client-common;3.3.4 from central in [default]
[2025-11-12T03:53:16.298+0000] {docker.py:429} INFO - org.apache.hadoop#hadoop-mapreduce-client-core;3.3.4 from central in [default]
	org.apache.hadoop#hadoop-mapreduce-client-jobclient;3.3.4 from central in [default]
	org.apache.hadoop#hadoop-yarn-api;3.3.4 from central in [default]
	org.apache.hadoop#hadoop-yarn-client;3.3.4 from central in [default]
[2025-11-12T03:53:16.299+0000] {docker.py:429} INFO - org.apache.hadoop#hadoop-yarn-common;3.3.4 from central in [default]
	org.apache.hadoop.thirdparty#hadoop-shaded-guava;1.1.1 from central in [default]
[2025-11-12T03:53:16.300+0000] {docker.py:429} INFO - org.apache.hadoop.thirdparty#hadoop-shaded-protobuf_3_7;1.1.1 from central in [default]
[2025-11-12T03:53:16.301+0000] {docker.py:429} INFO - org.apache.httpcomponents#httpclient;4.5.13 from central in [default]
[2025-11-12T03:53:16.302+0000] {docker.py:429} INFO - org.apache.httpcomponents#httpcore;4.4.13 from central in [default]
	org.apache.kafka#kafka-clients;3.4.1 from central in [default]
	org.apache.kerby#kerb-admin;1.0.1 from central in [default]
	org.apache.kerby#kerb-client;1.0.1 from central in [default]
	org.apache.kerby#kerb-common;1.0.1 from central in [default]
	org.apache.kerby#kerb-core;1.0.1 from central in [default]
	org.apache.kerby#kerb-crypto;1.0.1 from central in [default]
	org.apache.kerby#kerb-identity;1.0.1 from central in [default]
	org.apache.kerby#kerb-server;1.0.1 from central in [default]
	org.apache.kerby#kerb-simplekdc;1.0.1 from central in [default]
	org.apache.kerby#kerb-util;1.0.1 from central in [default]
[2025-11-12T03:53:16.303+0000] {docker.py:429} INFO - org.apache.kerby#kerby-asn1;1.0.1 from central in [default]
	org.apache.kerby#kerby-config;1.0.1 from central in [default]
	org.apache.kerby#kerby-pkix;1.0.1 from central in [default]
[2025-11-12T03:53:16.304+0000] {docker.py:429} INFO - org.apache.kerby#kerby-util;1.0.1 from central in [default]
	org.apache.kerby#kerby-xdr;1.0.1 from central in [default]
	org.apache.kerby#token-provider;1.0.1 from central in [default]
	org.apache.spark#spark-sql-kafka-0-10_2.12;3.5.0 from central in [default]
[2025-11-12T03:53:16.305+0000] {docker.py:429} INFO - org.apache.spark#spark-token-provider-kafka-0-10_2.12;3.5.0 from central in [default]
	org.checkerframework#checker-qual;2.5.2 from central in [default]
	org.codehaus.jackson#jackson-core-asl;1.9.13 from central in [default]
	org.codehaus.jackson#jackson-mapper-asl;1.9.13 from central in [default]
	org.codehaus.mojo#animal-sniffer-annotations;1.17 from central in [default]
	org.codehaus.woodstox#stax2-api;4.2.1 from central in [default]
	org.eclipse.jetty#jetty-client;9.4.43.v20210629 from central in [default]
	org.eclipse.jetty#jetty-http;9.4.43.v20210629 from central in [default]
	org.eclipse.jetty#jetty-io;9.4.43.v20210629 from central in [default]
	org.eclipse.jetty#jetty-security;9.4.43.v20210629 from central in [default]
	org.eclipse.jetty#jetty-servlet;9.4.43.v20210629 from central in [default]
	org.eclipse.jetty#jetty-util;9.4.43.v20210629 from central in [default]
[2025-11-12T03:53:16.306+0000] {docker.py:429} INFO - org.eclipse.jetty#jetty-util-ajax;9.4.43.v20210629 from central in [default]
	org.eclipse.jetty#jetty-webapp;9.4.43.v20210629 from central in [default]
[2025-11-12T03:53:16.307+0000] {docker.py:429} INFO - org.eclipse.jetty#jetty-xml;9.4.43.v20210629 from central in [default]
	org.eclipse.jetty.websocket#websocket-api;9.4.43.v20210629 from central in [default]
[2025-11-12T03:53:16.308+0000] {docker.py:429} INFO - 
[2025-11-12T03:53:16.309+0000] {docker.py:429} INFO - org.eclipse.jetty.websocket#websocket-client;9.4.43.v20210629 from central in [default]
[2025-11-12T03:53:16.310+0000] {docker.py:429} INFO - 
[2025-11-12T03:53:16.311+0000] {docker.py:429} INFO - org.eclipse.jetty.websocket#websocket-common;9.4.43.v20210629 from central in [default]
[2025-11-12T03:53:16.311+0000] {docker.py:429} INFO - org.jline#jline;3.9.0 from central in [default]
	org.lz4#lz4-java;1.8.0 from central in [default]
	org.ow2.asm#asm;5.0.4 from central in [default]
	org.slf4j#slf4j-api;2.0.7 from central in [default]
	org.slf4j#slf4j-reload4j;1.7.36 from central in [default]
	org.xerial.snappy#snappy-java;1.1.10.3 from central in [default]
[2025-11-12T03:53:16.312+0000] {docker.py:429} INFO - :: evicted modules:
[2025-11-12T03:53:16.313+0000] {docker.py:429} INFO - com.google.code.findbugs#jsr305;3.0.0 by [com.google.code.findbugs#jsr305;3.0.2] in [default]
[2025-11-12T03:53:16.313+0000] {docker.py:429} INFO - org.slf4j#slf4j-api;1.7.36 by [org.slf4j#slf4j-api;2.0.7] in [default]
	org.xerial.snappy#snappy-java;1.1.8.2 by [org.xerial.snappy#snappy-java;1.1.10.3] in [default]
[2025-11-12T03:53:16.314+0000] {docker.py:429} INFO - ---------------------------------------------------------------------
[2025-11-12T03:53:16.315+0000] {docker.py:429} INFO - |                  |            modules            ||   artifacts   |
	|       conf       | number| search|dwnlded|evicted|| number|dwnlded|
	---------------------------------------------------------------------
[2025-11-12T03:53:16.317+0000] {docker.py:429} INFO - |      default     |  109  |  107  |  107  |   3   ||  106  |  105  |
	---------------------------------------------------------------------
[2025-11-12T03:53:16.318+0000] {docker.py:429} INFO - :: problems summary ::
[2025-11-12T03:53:16.319+0000] {docker.py:429} INFO - 
[2025-11-12T03:53:16.320+0000] {docker.py:429} INFO - :::: WARNINGS
[2025-11-12T03:53:16.321+0000] {docker.py:429} INFO - [FAILED     ] org.apache.hadoop#hadoop-common;3.3.4!hadoop-common.jar: Downloaded file size (1531303) doesn't match expected Content Length (4470571) for https://repo1.maven.org/maven2/org/apache/hadoop/hadoop-common/3.3.4/hadoop-common-3.3.4.jar. Please retry. (2951ms)

		[FAILED     ] org.apache.hadoop#hadoop-common;3.3.4!hadoop-common.jar: Downloaded file size (1531303) doesn't match expected Content Length (4470571) for https://repo1.maven.org/maven2/org/apache/hadoop/hadoop-common/3.3.4/hadoop-common-3.3.4.jar. Please retry. (2951ms)
[2025-11-12T03:53:16.322+0000] {docker.py:429} INFO - ==== central: tried

	  https://repo1.maven.org/maven2/org/apache/hadoop/hadoop-common/3.3.4/hadoop-common-3.3.4.jar
[2025-11-12T03:53:16.323+0000] {docker.py:429} INFO - ::::::::::::::::::::::::::::::::::::::::::::::

		::              FAILED DOWNLOADS            ::

		:: ^ see resolution messages for details  ^ ::

		::::::::::::::::::::::::::::::::::::::::::::::
[2025-11-12T03:53:16.324+0000] {docker.py:429} INFO - :: org.apache.hadoop#hadoop-common;3.3.4!hadoop-common.jar
[2025-11-12T03:53:16.325+0000] {docker.py:429} INFO - ::::::::::::::::::::::::::::::::::::::::::::::
[2025-11-12T03:53:16.326+0000] {docker.py:429} INFO - 
[2025-11-12T03:53:16.327+0000] {docker.py:429} INFO - :: USE VERBOSE OR DEBUG MESSAGE LEVEL FOR MORE DETAILS
[2025-11-12T03:53:16.327+0000] {docker.py:429} INFO - Exception in thread "main"
[2025-11-12T03:53:16.329+0000] {docker.py:429} INFO - java.lang.RuntimeException: [download failed: org.apache.hadoop#hadoop-common;3.3.4!hadoop-common.jar]
	at org.apache.spark.deploy.SparkSubmitUtils$.resolveMavenCoordinates(SparkSubmit.scala:1537)
	at org.apache.spark.util.DependencyUtils$.resolveMavenDependencies(DependencyUtils.scala:185)
	at org.apache.spark.deploy.SparkSubmit.prepareSubmitEnvironment(SparkSubmit.scala:334)
	at org.apache.spark.deploy.SparkSubmit.org$apache$spark$deploy$SparkSubmit$$runMain(SparkSubmit.scala:964)
	at org.apache.spark.deploy.SparkSubmit.doRunMain$1(SparkSubmit.scala:194)
	at org.apache.spark.deploy.SparkSubmit.submit(SparkSubmit.scala:217)
	at org.apache.spark.deploy.SparkSubmit.doSubmit(SparkSubmit.scala:91)
	at org.apache.spark.deploy.SparkSubmit$$anon$2.doSubmit(SparkSubmit.scala:1120)
	at org.apache.spark.deploy.SparkSubmit$.main(SparkSubmit.scala:1129)
	at org.apache.spark.deploy.SparkSubmit.main(SparkSubmit.scala)
[2025-11-12T03:53:17.155+0000] {taskinstance.py:2698} ERROR - Task failed with exception
Traceback (most recent call last):
  File "/home/airflow/.local/lib/python3.8/site-packages/docker/api/client.py", line 265, in _raise_for_status
    response.raise_for_status()
  File "/home/airflow/.local/lib/python3.8/site-packages/requests/models.py", line 1021, in raise_for_status
    raise HTTPError(http_error_msg, response=self)
requests.exceptions.HTTPError: 400 Client Error: Bad Request for url: http+docker://localhost/v1.51/containers/create

The above exception was the direct cause of the following exception:

Traceback (most recent call last):
  File "/home/airflow/.local/lib/python3.8/site-packages/airflow/providers/docker/operators/docker.py", line 364, in _run_image
    return self._run_image_with_mounts([*self.mounts, tmp_mount], add_tmp_variable=True)
  File "/home/airflow/.local/lib/python3.8/site-packages/airflow/providers/docker/operators/docker.py", line 391, in _run_image_with_mounts
    self.container = self.cli.create_container(
  File "/home/airflow/.local/lib/python3.8/site-packages/docker/api/container.py", line 439, in create_container
    return self.create_container_from_config(config, name, platform)
  File "/home/airflow/.local/lib/python3.8/site-packages/docker/api/container.py", line 456, in create_container_from_config
    return self._result(res, True)
  File "/home/airflow/.local/lib/python3.8/site-packages/docker/api/client.py", line 271, in _result
    self._raise_for_status(response)
  File "/home/airflow/.local/lib/python3.8/site-packages/docker/api/client.py", line 267, in _raise_for_status
    raise create_api_error_from_http_exception(e) from e
  File "/home/airflow/.local/lib/python3.8/site-packages/docker/errors.py", line 39, in create_api_error_from_http_exception
    raise cls(e, response=response, explanation=explanation) from e
docker.errors.APIError: 400 Client Error for http+docker://localhost/v1.51/containers/create: Bad Request ("invalid mount config for type "bind": bind source path does not exist: /tmp/airflowtmprrwjm650")

During handling of the above exception, another exception occurred:

Traceback (most recent call last):
  File "/home/airflow/.local/lib/python3.8/site-packages/airflow/models/taskinstance.py", line 433, in _execute_task
    result = execute_callable(context=context, **execute_callable_kwargs)
  File "/home/airflow/.local/lib/python3.8/site-packages/airflow/providers/docker/operators/docker.py", line 502, in execute
    return self._run_image()
  File "/home/airflow/.local/lib/python3.8/site-packages/airflow/providers/docker/operators/docker.py", line 373, in _run_image
    return self._run_image_with_mounts(self.mounts, add_tmp_variable=False)
  File "/home/airflow/.local/lib/python3.8/site-packages/airflow/providers/docker/operators/docker.py", line 437, in _run_image_with_mounts
    raise DockerContainerFailedException(f"Docker container failed: {result!r}", logs=log_lines)
airflow.providers.docker.exceptions.DockerContainerFailedException: Docker container failed: {'StatusCode': 1}
[2025-11-12T03:53:17.178+0000] {taskinstance.py:1138} INFO - Marking task as FAILED. dag_id=spark_batch_pipeline, task_id=train_model, execution_date=20251109T000000, start_date=20251112T034734, end_date=20251112T035317
[2025-11-12T03:53:17.235+0000] {standard_task_runner.py:107} ERROR - Failed to execute job 18 for task train_model (Docker container failed: {'StatusCode': 1}; 188)
[2025-11-12T03:53:17.296+0000] {local_task_job_runner.py:234} INFO - Task exited with return code 1
[2025-11-12T03:53:17.346+0000] {taskinstance.py:3280} INFO - 0 downstream tasks scheduled from follow-on schedule check
