[2025-11-14T00:40:43.077+0000] {processor.py:161} INFO - Started process (PID=176) to work on /opt/airflow/dags/spark_batch_dag.py
[2025-11-14T00:40:43.079+0000] {processor.py:830} INFO - Processing file /opt/airflow/dags/spark_batch_dag.py for tasks to queue
[2025-11-14T00:40:43.080+0000] {logging_mixin.py:188} INFO - [2025-11-14T00:40:43.080+0000] {dagbag.py:538} INFO - Filling up the DagBag from /opt/airflow/dags/spark_batch_dag.py
[2025-11-14T00:40:43.120+0000] {processor.py:840} INFO - DAG(s) 'spark_batch_pipeline' retrieved from /opt/airflow/dags/spark_batch_dag.py
[2025-11-14T00:40:43.163+0000] {logging_mixin.py:188} INFO - [2025-11-14T00:40:43.162+0000] {dag.py:3036} INFO - Sync 1 DAGs
[2025-11-14T00:40:43.201+0000] {logging_mixin.py:188} INFO - [2025-11-14T00:40:43.201+0000] {dag.py:3823} INFO - Setting next_dagrun for spark_batch_pipeline to 2025-11-14 00:00:00+00:00, run_after=2025-11-15 00:00:00+00:00
[2025-11-14T00:40:43.241+0000] {processor.py:183} INFO - Processing /opt/airflow/dags/spark_batch_dag.py took 0.168 seconds
[2025-11-14T00:41:13.478+0000] {processor.py:161} INFO - Started process (PID=182) to work on /opt/airflow/dags/spark_batch_dag.py
[2025-11-14T00:41:13.480+0000] {processor.py:830} INFO - Processing file /opt/airflow/dags/spark_batch_dag.py for tasks to queue
[2025-11-14T00:41:13.483+0000] {logging_mixin.py:188} INFO - [2025-11-14T00:41:13.481+0000] {dagbag.py:538} INFO - Filling up the DagBag from /opt/airflow/dags/spark_batch_dag.py
[2025-11-14T00:41:13.533+0000] {processor.py:840} INFO - DAG(s) 'spark_batch_pipeline' retrieved from /opt/airflow/dags/spark_batch_dag.py
[2025-11-14T00:41:13.868+0000] {logging_mixin.py:188} INFO - [2025-11-14T00:41:13.867+0000] {dag.py:3036} INFO - Sync 1 DAGs
[2025-11-14T00:41:13.911+0000] {logging_mixin.py:188} INFO - [2025-11-14T00:41:13.911+0000] {dag.py:3823} INFO - Setting next_dagrun for spark_batch_pipeline to 2025-11-14 00:00:00+00:00, run_after=2025-11-15 00:00:00+00:00
[2025-11-14T00:41:13.943+0000] {processor.py:183} INFO - Processing /opt/airflow/dags/spark_batch_dag.py took 0.470 seconds
[2025-11-14T00:41:44.140+0000] {processor.py:161} INFO - Started process (PID=187) to work on /opt/airflow/dags/spark_batch_dag.py
[2025-11-14T00:41:44.141+0000] {processor.py:830} INFO - Processing file /opt/airflow/dags/spark_batch_dag.py for tasks to queue
[2025-11-14T00:41:44.143+0000] {logging_mixin.py:188} INFO - [2025-11-14T00:41:44.143+0000] {dagbag.py:538} INFO - Filling up the DagBag from /opt/airflow/dags/spark_batch_dag.py
[2025-11-14T00:41:44.174+0000] {processor.py:840} INFO - DAG(s) 'spark_batch_pipeline' retrieved from /opt/airflow/dags/spark_batch_dag.py
[2025-11-14T00:41:44.209+0000] {logging_mixin.py:188} INFO - [2025-11-14T00:41:44.209+0000] {dag.py:3036} INFO - Sync 1 DAGs
[2025-11-14T00:41:44.245+0000] {logging_mixin.py:188} INFO - [2025-11-14T00:41:44.245+0000] {dag.py:3823} INFO - Setting next_dagrun for spark_batch_pipeline to 2025-11-14 00:00:00+00:00, run_after=2025-11-15 00:00:00+00:00
[2025-11-14T00:41:44.280+0000] {processor.py:183} INFO - Processing /opt/airflow/dags/spark_batch_dag.py took 0.147 seconds
[2025-11-14T00:42:14.516+0000] {processor.py:161} INFO - Started process (PID=192) to work on /opt/airflow/dags/spark_batch_dag.py
[2025-11-14T00:42:14.518+0000] {processor.py:830} INFO - Processing file /opt/airflow/dags/spark_batch_dag.py for tasks to queue
[2025-11-14T00:42:14.520+0000] {logging_mixin.py:188} INFO - [2025-11-14T00:42:14.520+0000] {dagbag.py:538} INFO - Filling up the DagBag from /opt/airflow/dags/spark_batch_dag.py
[2025-11-14T00:42:14.561+0000] {processor.py:840} INFO - DAG(s) 'spark_batch_pipeline' retrieved from /opt/airflow/dags/spark_batch_dag.py
[2025-11-14T00:42:14.623+0000] {logging_mixin.py:188} INFO - [2025-11-14T00:42:14.623+0000] {dag.py:3036} INFO - Sync 1 DAGs
[2025-11-14T00:42:14.732+0000] {logging_mixin.py:188} INFO - [2025-11-14T00:42:14.732+0000] {dag.py:3823} INFO - Setting next_dagrun for spark_batch_pipeline to 2025-11-14 00:00:00+00:00, run_after=2025-11-15 00:00:00+00:00
[2025-11-14T00:42:14.781+0000] {processor.py:183} INFO - Processing /opt/airflow/dags/spark_batch_dag.py took 0.270 seconds
[2025-11-14T00:42:45.669+0000] {processor.py:161} INFO - Started process (PID=197) to work on /opt/airflow/dags/spark_batch_dag.py
[2025-11-14T00:42:45.671+0000] {processor.py:830} INFO - Processing file /opt/airflow/dags/spark_batch_dag.py for tasks to queue
[2025-11-14T00:42:45.675+0000] {logging_mixin.py:188} INFO - [2025-11-14T00:42:45.673+0000] {dagbag.py:538} INFO - Filling up the DagBag from /opt/airflow/dags/spark_batch_dag.py
[2025-11-14T00:42:45.794+0000] {processor.py:840} INFO - DAG(s) 'spark_batch_pipeline' retrieved from /opt/airflow/dags/spark_batch_dag.py
[2025-11-14T00:42:45.875+0000] {logging_mixin.py:188} INFO - [2025-11-14T00:42:45.875+0000] {dag.py:3036} INFO - Sync 1 DAGs
[2025-11-14T00:42:46.006+0000] {logging_mixin.py:188} INFO - [2025-11-14T00:42:46.004+0000] {dag.py:3823} INFO - Setting next_dagrun for spark_batch_pipeline to 2025-11-14 00:00:00+00:00, run_after=2025-11-15 00:00:00+00:00
[2025-11-14T00:42:46.066+0000] {processor.py:183} INFO - Processing /opt/airflow/dags/spark_batch_dag.py took 0.403 seconds
[2025-11-14T00:43:16.689+0000] {processor.py:161} INFO - Started process (PID=202) to work on /opt/airflow/dags/spark_batch_dag.py
[2025-11-14T00:43:16.691+0000] {processor.py:830} INFO - Processing file /opt/airflow/dags/spark_batch_dag.py for tasks to queue
[2025-11-14T00:43:16.694+0000] {logging_mixin.py:188} INFO - [2025-11-14T00:43:16.693+0000] {dagbag.py:538} INFO - Filling up the DagBag from /opt/airflow/dags/spark_batch_dag.py
[2025-11-14T00:43:16.739+0000] {processor.py:840} INFO - DAG(s) 'spark_batch_pipeline' retrieved from /opt/airflow/dags/spark_batch_dag.py
[2025-11-14T00:43:16.780+0000] {logging_mixin.py:188} INFO - [2025-11-14T00:43:16.779+0000] {dag.py:3036} INFO - Sync 1 DAGs
[2025-11-14T00:43:16.930+0000] {logging_mixin.py:188} INFO - [2025-11-14T00:43:16.930+0000] {dag.py:3823} INFO - Setting next_dagrun for spark_batch_pipeline to 2025-11-14 00:00:00+00:00, run_after=2025-11-15 00:00:00+00:00
[2025-11-14T00:43:16.965+0000] {processor.py:183} INFO - Processing /opt/airflow/dags/spark_batch_dag.py took 0.175 seconds
[2025-11-14T00:43:47.684+0000] {processor.py:161} INFO - Started process (PID=207) to work on /opt/airflow/dags/spark_batch_dag.py
[2025-11-14T00:43:47.686+0000] {processor.py:830} INFO - Processing file /opt/airflow/dags/spark_batch_dag.py for tasks to queue
[2025-11-14T00:43:47.688+0000] {logging_mixin.py:188} INFO - [2025-11-14T00:43:47.688+0000] {dagbag.py:538} INFO - Filling up the DagBag from /opt/airflow/dags/spark_batch_dag.py
[2025-11-14T00:43:47.756+0000] {processor.py:840} INFO - DAG(s) 'spark_batch_pipeline' retrieved from /opt/airflow/dags/spark_batch_dag.py
[2025-11-14T00:43:47.801+0000] {logging_mixin.py:188} INFO - [2025-11-14T00:43:47.801+0000] {dag.py:3036} INFO - Sync 1 DAGs
[2025-11-14T00:43:47.842+0000] {logging_mixin.py:188} INFO - [2025-11-14T00:43:47.841+0000] {dag.py:3823} INFO - Setting next_dagrun for spark_batch_pipeline to 2025-11-14 00:00:00+00:00, run_after=2025-11-15 00:00:00+00:00
[2025-11-14T00:43:47.901+0000] {processor.py:183} INFO - Processing /opt/airflow/dags/spark_batch_dag.py took 0.223 seconds
[2025-11-14T00:44:18.262+0000] {processor.py:161} INFO - Started process (PID=214) to work on /opt/airflow/dags/spark_batch_dag.py
[2025-11-14T00:44:18.264+0000] {processor.py:830} INFO - Processing file /opt/airflow/dags/spark_batch_dag.py for tasks to queue
[2025-11-14T00:44:18.267+0000] {logging_mixin.py:188} INFO - [2025-11-14T00:44:18.265+0000] {dagbag.py:538} INFO - Filling up the DagBag from /opt/airflow/dags/spark_batch_dag.py
[2025-11-14T00:44:18.297+0000] {processor.py:840} INFO - DAG(s) 'spark_batch_pipeline' retrieved from /opt/airflow/dags/spark_batch_dag.py
[2025-11-14T00:44:18.332+0000] {logging_mixin.py:188} INFO - [2025-11-14T00:44:18.331+0000] {dag.py:3036} INFO - Sync 1 DAGs
[2025-11-14T00:44:18.365+0000] {logging_mixin.py:188} INFO - [2025-11-14T00:44:18.365+0000] {dag.py:3823} INFO - Setting next_dagrun for spark_batch_pipeline to 2025-11-14 00:00:00+00:00, run_after=2025-11-15 00:00:00+00:00
[2025-11-14T00:44:18.425+0000] {processor.py:183} INFO - Processing /opt/airflow/dags/spark_batch_dag.py took 0.167 seconds
[2025-11-14T00:44:48.794+0000] {processor.py:161} INFO - Started process (PID=219) to work on /opt/airflow/dags/spark_batch_dag.py
[2025-11-14T00:44:48.796+0000] {processor.py:830} INFO - Processing file /opt/airflow/dags/spark_batch_dag.py for tasks to queue
[2025-11-14T00:44:48.798+0000] {logging_mixin.py:188} INFO - [2025-11-14T00:44:48.797+0000] {dagbag.py:538} INFO - Filling up the DagBag from /opt/airflow/dags/spark_batch_dag.py
[2025-11-14T00:44:48.843+0000] {processor.py:840} INFO - DAG(s) 'spark_batch_pipeline' retrieved from /opt/airflow/dags/spark_batch_dag.py
[2025-11-14T00:44:48.892+0000] {logging_mixin.py:188} INFO - [2025-11-14T00:44:48.892+0000] {dag.py:3036} INFO - Sync 1 DAGs
[2025-11-14T00:44:48.933+0000] {logging_mixin.py:188} INFO - [2025-11-14T00:44:48.932+0000] {dag.py:3823} INFO - Setting next_dagrun for spark_batch_pipeline to 2025-11-14 00:00:00+00:00, run_after=2025-11-15 00:00:00+00:00
[2025-11-14T00:44:48.996+0000] {processor.py:183} INFO - Processing /opt/airflow/dags/spark_batch_dag.py took 0.207 seconds
[2025-11-14T00:45:19.121+0000] {processor.py:161} INFO - Started process (PID=224) to work on /opt/airflow/dags/spark_batch_dag.py
[2025-11-14T00:45:19.123+0000] {processor.py:830} INFO - Processing file /opt/airflow/dags/spark_batch_dag.py for tasks to queue
[2025-11-14T00:45:19.125+0000] {logging_mixin.py:188} INFO - [2025-11-14T00:45:19.125+0000] {dagbag.py:538} INFO - Filling up the DagBag from /opt/airflow/dags/spark_batch_dag.py
[2025-11-14T00:45:19.171+0000] {processor.py:840} INFO - DAG(s) 'spark_batch_pipeline' retrieved from /opt/airflow/dags/spark_batch_dag.py
[2025-11-14T00:45:19.233+0000] {logging_mixin.py:188} INFO - [2025-11-14T00:45:19.232+0000] {dag.py:3036} INFO - Sync 1 DAGs
[2025-11-14T00:45:19.279+0000] {logging_mixin.py:188} INFO - [2025-11-14T00:45:19.279+0000] {dag.py:3823} INFO - Setting next_dagrun for spark_batch_pipeline to 2025-11-14 00:00:00+00:00, run_after=2025-11-15 00:00:00+00:00
[2025-11-14T00:45:19.341+0000] {processor.py:183} INFO - Processing /opt/airflow/dags/spark_batch_dag.py took 0.226 seconds
[2025-11-14T00:45:49.514+0000] {processor.py:161} INFO - Started process (PID=229) to work on /opt/airflow/dags/spark_batch_dag.py
[2025-11-14T00:45:49.516+0000] {processor.py:830} INFO - Processing file /opt/airflow/dags/spark_batch_dag.py for tasks to queue
[2025-11-14T00:45:49.518+0000] {logging_mixin.py:188} INFO - [2025-11-14T00:45:49.518+0000] {dagbag.py:538} INFO - Filling up the DagBag from /opt/airflow/dags/spark_batch_dag.py
[2025-11-14T00:45:49.564+0000] {processor.py:840} INFO - DAG(s) 'spark_batch_pipeline' retrieved from /opt/airflow/dags/spark_batch_dag.py
[2025-11-14T00:45:49.610+0000] {logging_mixin.py:188} INFO - [2025-11-14T00:45:49.609+0000] {dag.py:3036} INFO - Sync 1 DAGs
[2025-11-14T00:45:49.649+0000] {logging_mixin.py:188} INFO - [2025-11-14T00:45:49.649+0000] {dag.py:3823} INFO - Setting next_dagrun for spark_batch_pipeline to 2025-11-14 00:00:00+00:00, run_after=2025-11-15 00:00:00+00:00
[2025-11-14T00:45:49.696+0000] {processor.py:183} INFO - Processing /opt/airflow/dags/spark_batch_dag.py took 0.188 seconds
[2025-11-14T00:46:19.891+0000] {processor.py:161} INFO - Started process (PID=234) to work on /opt/airflow/dags/spark_batch_dag.py
[2025-11-14T00:46:19.893+0000] {processor.py:830} INFO - Processing file /opt/airflow/dags/spark_batch_dag.py for tasks to queue
[2025-11-14T00:46:19.895+0000] {logging_mixin.py:188} INFO - [2025-11-14T00:46:19.895+0000] {dagbag.py:538} INFO - Filling up the DagBag from /opt/airflow/dags/spark_batch_dag.py
[2025-11-14T00:46:19.946+0000] {processor.py:840} INFO - DAG(s) 'spark_batch_pipeline' retrieved from /opt/airflow/dags/spark_batch_dag.py
[2025-11-14T00:46:20.006+0000] {logging_mixin.py:188} INFO - [2025-11-14T00:46:20.006+0000] {dag.py:3036} INFO - Sync 1 DAGs
[2025-11-14T00:46:20.042+0000] {logging_mixin.py:188} INFO - [2025-11-14T00:46:20.042+0000] {dag.py:3823} INFO - Setting next_dagrun for spark_batch_pipeline to 2025-11-14 00:00:00+00:00, run_after=2025-11-15 00:00:00+00:00
[2025-11-14T00:46:20.072+0000] {processor.py:183} INFO - Processing /opt/airflow/dags/spark_batch_dag.py took 0.188 seconds
[2025-11-14T00:46:50.263+0000] {processor.py:161} INFO - Started process (PID=239) to work on /opt/airflow/dags/spark_batch_dag.py
[2025-11-14T00:46:50.265+0000] {processor.py:830} INFO - Processing file /opt/airflow/dags/spark_batch_dag.py for tasks to queue
[2025-11-14T00:46:50.267+0000] {logging_mixin.py:188} INFO - [2025-11-14T00:46:50.266+0000] {dagbag.py:538} INFO - Filling up the DagBag from /opt/airflow/dags/spark_batch_dag.py
[2025-11-14T00:46:50.310+0000] {processor.py:840} INFO - DAG(s) 'spark_batch_pipeline' retrieved from /opt/airflow/dags/spark_batch_dag.py
[2025-11-14T00:46:50.360+0000] {logging_mixin.py:188} INFO - [2025-11-14T00:46:50.359+0000] {dag.py:3036} INFO - Sync 1 DAGs
[2025-11-14T00:46:50.406+0000] {logging_mixin.py:188} INFO - [2025-11-14T00:46:50.406+0000] {dag.py:3823} INFO - Setting next_dagrun for spark_batch_pipeline to 2025-11-14 00:00:00+00:00, run_after=2025-11-15 00:00:00+00:00
[2025-11-14T00:46:50.446+0000] {processor.py:183} INFO - Processing /opt/airflow/dags/spark_batch_dag.py took 0.188 seconds
[2025-11-14T00:47:20.613+0000] {processor.py:161} INFO - Started process (PID=244) to work on /opt/airflow/dags/spark_batch_dag.py
[2025-11-14T00:47:20.614+0000] {processor.py:830} INFO - Processing file /opt/airflow/dags/spark_batch_dag.py for tasks to queue
[2025-11-14T00:47:20.616+0000] {logging_mixin.py:188} INFO - [2025-11-14T00:47:20.616+0000] {dagbag.py:538} INFO - Filling up the DagBag from /opt/airflow/dags/spark_batch_dag.py
[2025-11-14T00:47:20.655+0000] {processor.py:840} INFO - DAG(s) 'spark_batch_pipeline' retrieved from /opt/airflow/dags/spark_batch_dag.py
[2025-11-14T00:47:20.701+0000] {logging_mixin.py:188} INFO - [2025-11-14T00:47:20.700+0000] {dag.py:3036} INFO - Sync 1 DAGs
[2025-11-14T00:47:20.745+0000] {logging_mixin.py:188} INFO - [2025-11-14T00:47:20.745+0000] {dag.py:3823} INFO - Setting next_dagrun for spark_batch_pipeline to 2025-11-14 00:00:00+00:00, run_after=2025-11-15 00:00:00+00:00
[2025-11-14T00:47:20.778+0000] {processor.py:183} INFO - Processing /opt/airflow/dags/spark_batch_dag.py took 0.171 seconds
[2025-11-14T00:47:51.025+0000] {processor.py:161} INFO - Started process (PID=249) to work on /opt/airflow/dags/spark_batch_dag.py
[2025-11-14T00:47:51.028+0000] {processor.py:830} INFO - Processing file /opt/airflow/dags/spark_batch_dag.py for tasks to queue
[2025-11-14T00:47:51.031+0000] {logging_mixin.py:188} INFO - [2025-11-14T00:47:51.030+0000] {dagbag.py:538} INFO - Filling up the DagBag from /opt/airflow/dags/spark_batch_dag.py
[2025-11-14T00:47:51.073+0000] {processor.py:840} INFO - DAG(s) 'spark_batch_pipeline' retrieved from /opt/airflow/dags/spark_batch_dag.py
[2025-11-14T00:47:51.123+0000] {logging_mixin.py:188} INFO - [2025-11-14T00:47:51.122+0000] {dag.py:3036} INFO - Sync 1 DAGs
[2025-11-14T00:47:51.171+0000] {logging_mixin.py:188} INFO - [2025-11-14T00:47:51.170+0000] {dag.py:3823} INFO - Setting next_dagrun for spark_batch_pipeline to 2025-11-14 00:00:00+00:00, run_after=2025-11-15 00:00:00+00:00
[2025-11-14T00:47:51.207+0000] {processor.py:183} INFO - Processing /opt/airflow/dags/spark_batch_dag.py took 0.191 seconds
